2024-05-08 09:01:22.280094 - DEBUG : <-<- Client connection at 127.0.0.1: 53159
2024-05-08 09:01:22.280094 - DEBUG : ->>> b'4/17\ngotohttps://baidu.com'
2024-05-08 09:01:23.431343 - DEBUG : <-<- true
2024-05-08 09:01:23.434351 - DEBUG : ---- Enter the display waiting mode waiting time：10s
2024-05-08 09:01:23.436336 - DEBUG : ->>> b'4/14\ngotohttps://qq.com'
2024-05-08 09:01:27.574916 - DEBUG : <-<- true
2024-05-08 09:01:27.576920 - DEBUG : ->>> b'4/22\ngotohttps://www.hao123.com'
2024-05-08 09:01:31.295640 - DEBUG : <-<- true
2024-05-08 09:01:31.297638 - DEBUG : ---- Finish the display waiting mode
2024-05-08 09:05:34.592143 - DEBUG : <-<- Client connection at 127.0.0.1: 53375
2024-05-08 09:05:34.592143 - DEBUG : ->>> b'4/17\ngotohttps://baidu.com'
2024-05-08 09:05:35.478197 - DEBUG : <-<- true
2024-05-08 09:05:35.478197 - DEBUG : ---- Enter the display waiting mode waiting time：10s
2024-05-08 09:05:35.485786 - DEBUG : ->>> b'4/14\ngotohttps://qq.com'
2024-05-08 09:05:38.312394 - DEBUG : <-<- true
2024-05-08 09:05:38.316394 - DEBUG : ->>> b'4/22\ngotohttps://www.hao123.com'
2024-05-08 09:05:40.668421 - DEBUG : <-<- true
2024-05-08 09:05:40.670449 - DEBUG : ---- Finish the display waiting mode
2024-05-08 09:16:51.339416 - DEBUG : <-<- Client connection at 127.0.0.1: 53748
2024-05-08 09:16:51.341415 - DEBUG : ->>> b'14\ngetExtendParam'
2024-05-08 09:19:52.682308 - DEBUG : <-<- Client connection at 127.0.0.1: 53890
2024-05-08 09:19:52.684292 - DEBUG : ->>> b'14\ngetExtendParam'
2024-05-08 09:19:52.690295 - DEBUG : <-<- 123
2024-05-08 09:19:52.741493 - DEBUG : ->>> b'4/17\ngotohttps://baidu.com'
2024-05-08 09:19:53.519679 - DEBUG : <-<- true
2024-05-08 09:19:53.522683 - DEBUG : ---- Enter the display waiting mode waiting time：10s
2024-05-08 09:19:53.544688 - DEBUG : ->>> b'4/14\ngotohttps://qq.com'
2024-05-08 09:19:56.305270 - DEBUG : <-<- true
2024-05-08 09:19:56.308200 - DEBUG : ->>> b'4/22\ngotohttps://www.hao123.com'
2024-05-08 09:19:56.859891 - DEBUG : <-<- true
2024-05-08 09:19:56.862882 - DEBUG : ---- Finish the display waiting mode
2024-05-08 09:22:17.131096 - DEBUG : <-<- Client connection at 127.0.0.1: 54011
2024-05-08 09:22:17.134095 - DEBUG : ->>> b'14\ngetExtendParam'
2024-05-08 09:22:17.137535 - DEBUG : <-<- 
2024-05-08 09:22:17.139536 - DEBUG : ->>> b'4/17\ngotohttps://baidu.com'
2024-05-08 09:22:18.270036 - DEBUG : <-<- true
2024-05-08 09:22:18.275425 - DEBUG : ---- Enter the display waiting mode waiting time：10s
2024-05-08 09:22:18.277424 - DEBUG : ->>> b'4/14\ngotohttps://qq.com'
2024-05-08 09:22:21.094801 - DEBUG : <-<- true
2024-05-08 09:22:21.097807 - DEBUG : ->>> b'4/22\ngotohttps://www.hao123.com'
2024-05-08 09:22:23.468829 - DEBUG : <-<- true
2024-05-08 09:22:23.471838 - DEBUG : ---- Finish the display waiting mode
2024-05-08 09:22:48.455260 - DEBUG : <-<- Client connection at 127.0.0.1: 54096
2024-05-08 09:22:48.456960 - DEBUG : ->>> b'14\ngetExtendParam'
2024-05-08 09:22:48.460969 - DEBUG : <-<- 
2024-05-08 09:22:48.478966 - DEBUG : ->>> b'4/17\ngotohttps://baidu.com'
2024-05-08 09:22:49.246785 - DEBUG : <-<- true
2024-05-08 09:22:49.248785 - DEBUG : ---- Enter the display waiting mode waiting time：10s
2024-05-08 09:22:49.250785 - DEBUG : ->>> b'4/14\ngotohttps://qq.com'
2024-05-08 09:23:42.531669 - DEBUG : <-<- Client connection at 127.0.0.1: 54159
2024-05-08 09:23:42.544529 - DEBUG : ->>> b'14\ngetExtendParam'
2024-05-08 09:23:42.547536 - DEBUG : <-<- 
2024-05-08 09:23:42.548527 - DEBUG : ->>> b'4/17\ngotohttps://baidu.com'
2024-05-08 09:23:43.414204 - DEBUG : <-<- true
2024-05-08 09:23:43.416210 - DEBUG : ---- Enter the display waiting mode waiting time：10s
2024-05-08 09:23:43.418208 - DEBUG : ->>> b'4/14\ngotohttps://qq.com'
2024-05-08 09:23:46.191599 - DEBUG : <-<- true
2024-05-08 09:23:46.195959 - DEBUG : ->>> b'4/22\ngotohttps://www.hao123.com'
2024-05-08 09:23:48.471304 - DEBUG : <-<- true
2024-05-08 09:23:48.473459 - DEBUG : ---- Finish the display waiting mode
2024-05-08 09:24:33.108975 - DEBUG : <-<- Client connection at 127.0.0.1: 54299
2024-05-08 09:24:33.108975 - DEBUG : ->>> b'14\ngetExtendParam'
2024-05-08 09:24:33.124856 - DEBUG : <-<- 123
2024-05-08 09:24:33.176488 - DEBUG : ->>> b'4/17\ngotohttps://baidu.com'
2024-05-08 09:24:33.958671 - DEBUG : <-<- true
2024-05-08 09:24:33.960680 - DEBUG : ---- Enter the display waiting mode waiting time：10s
2024-05-08 09:24:33.962673 - DEBUG : ->>> b'4/14\ngotohttps://qq.com'
2024-05-08 09:24:36.774812 - DEBUG : <-<- true
2024-05-08 09:24:36.778704 - DEBUG : ->>> b'4/22\ngotohttps://www.hao123.com'
2024-05-08 09:25:11.081840 - DEBUG : <-<- Client connection at 127.0.0.1: 54376
2024-05-08 09:25:11.083845 - DEBUG : ->>> b'14\ngetExtendParam'
2024-05-08 09:25:11.085818 - DEBUG : <-<- 
2024-05-08 09:25:11.087841 - DEBUG : ->>> b'4/17\ngotohttps://baidu.com'
2024-05-08 09:25:11.906213 - DEBUG : <-<- true
2024-05-08 09:25:11.908214 - DEBUG : ---- Enter the display waiting mode waiting time：10s
2024-05-08 09:25:11.910213 - DEBUG : ->>> b'4/14\ngotohttps://qq.com'
2024-05-08 09:25:14.761939 - DEBUG : <-<- true
2024-05-08 09:25:14.763945 - DEBUG : ->>> b'4/22\ngotohttps://www.hao123.com'
2024-05-08 09:27:38.929186 - DEBUG : <-<- Client connection at 127.0.0.1: 54504
2024-05-08 09:27:38.931250 - DEBUG : ->>> b'14\ngetExtendParam'
2024-05-08 09:27:38.933259 - DEBUG : <-<- 
2024-05-08 09:27:38.935223 - DEBUG : ->>> b'4/17\ngotohttps://baidu.com'
2024-05-08 09:27:39.795838 - DEBUG : <-<- true
2024-05-08 09:27:39.797834 - DEBUG : ---- Enter the display waiting mode waiting time：10s
2024-05-08 09:27:39.799836 - DEBUG : ->>> b'4/14\ngotohttps://qq.com'
2024-05-08 09:28:49.635045 - DEBUG : <-<- Client connection at 127.0.0.1: 54569
2024-05-08 09:28:49.637055 - DEBUG : ->>> b'4/17\ngotohttps://baidu.com'
2024-05-08 09:28:50.482600 - DEBUG : <-<- true
2024-05-08 09:28:50.482600 - DEBUG : ->>> b'14\ngetExtendParam'
2024-05-08 09:28:50.488203 - DEBUG : <-<- 
2024-05-08 09:28:50.495202 - DEBUG : ---- Enter the display waiting mode waiting time：10s
2024-05-08 09:28:50.497206 - DEBUG : ->>> b'4/14\ngotohttps://qq.com'
2024-05-08 09:28:53.375607 - DEBUG : <-<- true
2024-05-08 09:28:53.377609 - DEBUG : ->>> b'4/22\ngotohttps://www.hao123.com'
2024-05-08 09:29:37.966887 - DEBUG : <-<- Client connection at 127.0.0.1: 54663
2024-05-08 09:29:37.966887 - DEBUG : ->>> b'4/17\ngotohttps://baidu.com'
2024-05-08 09:29:38.798018 - DEBUG : <-<- true
2024-05-08 09:29:38.799018 - DEBUG : ->>> b'14\ngetExtendParam'
2024-05-08 09:29:38.802018 - DEBUG : <-<- 
2024-05-08 09:29:38.809013 - DEBUG : ---- Enter the display waiting mode waiting time：10s
2024-05-08 09:29:38.811018 - DEBUG : ->>> b'4/14\ngotohttps://qq.com'
2024-05-08 09:29:41.644198 - DEBUG : <-<- true
2024-05-08 09:29:41.648139 - DEBUG : ->>> b'4/22\ngotohttps://www.hao123.com'
2024-05-08 09:29:43.955885 - DEBUG : <-<- true
2024-05-08 09:29:43.958881 - DEBUG : ---- Finish the display waiting mode
2024-05-08 09:30:32.219280 - DEBUG : <-<- Client connection at 127.0.0.1: 54803
2024-05-08 09:30:32.221298 - DEBUG : ->>> b'4/17\ngotohttps://baidu.com'
2024-05-08 09:30:33.189829 - DEBUG : <-<- true
2024-05-08 09:30:33.193056 - DEBUG : ->>> b'14\ngetExtendParam'
2024-05-08 09:30:33.214861 - DEBUG : <-<- 123
2024-05-08 09:30:33.216856 - DEBUG : ---- Enter the display waiting mode waiting time：10s
2024-05-08 09:30:33.217858 - DEBUG : ->>> b'4/14\ngotohttps://qq.com'
2024-05-08 09:30:36.083072 - DEBUG : <-<- true
2024-05-08 09:30:36.087327 - DEBUG : ->>> b'4/22\ngotohttps://www.hao123.com'
2024-05-08 09:30:38.567924 - DEBUG : <-<- true
2024-05-08 09:30:38.569926 - DEBUG : ---- Finish the display waiting mode
2024-05-08 09:32:55.088073 - DEBUG : <-<- Client connection at 127.0.0.1: 54984
2024-05-08 09:32:55.098073 - DEBUG : ->>> b'4/17\ngotohttps://baidu.com'
2024-05-08 09:32:55.795574 - DEBUG : <-<- true
2024-05-08 09:32:55.797575 - DEBUG : ->>> b'14\ngetExtendParam'
2024-05-08 09:33:13.320346 - DEBUG : <-<- Client connection at 127.0.0.1: 55040
2024-05-08 09:33:13.320346 - DEBUG : ->>> b'4/17\ngotohttps://baidu.com'
2024-05-08 09:33:14.157796 - DEBUG : <-<- true
2024-05-08 09:33:14.157796 - DEBUG : ->>> b'14\ngetExtendParam'
2024-05-08 09:33:38.937655 - DEBUG : <-<- Client connection at 127.0.0.1: 55099
2024-05-08 09:33:38.937655 - DEBUG : ->>> b'4/17\ngotohttps://baidu.com'
2024-05-08 09:33:39.735354 - DEBUG : <-<- true
2024-05-08 09:33:39.735354 - DEBUG : ->>> b'14\ngetExtendParam'
2024-05-08 09:34:05.213243 - DEBUG : <-<- Client connection at 127.0.0.1: 55155
2024-05-08 09:34:05.215678 - DEBUG : ->>> b'4/17\ngotohttps://baidu.com'
2024-05-08 09:34:06.109217 - DEBUG : <-<- true
2024-05-08 09:34:06.111217 - DEBUG : ->>> b'14\ngetExtendParam'
2024-05-08 09:34:06.114221 - DEBUG : <-<- 123
2024-05-08 09:34:06.137215 - DEBUG : ---- Enter the display waiting mode waiting time：10s
2024-05-08 09:34:06.139222 - DEBUG : ->>> b'4/14\ngotohttps://qq.com'
2024-05-08 09:34:08.970529 - DEBUG : <-<- true
2024-05-08 09:34:08.974898 - DEBUG : ->>> b'4/22\ngotohttps://www.hao123.com'
2024-05-08 09:34:11.421187 - DEBUG : <-<- true
2024-05-08 09:34:11.424169 - DEBUG : ---- Finish the display waiting mode
2024-05-08 09:34:42.908085 - DEBUG : <-<- Client connection at 127.0.0.1: 55308
2024-05-08 09:34:42.914123 - DEBUG : ->>> b'4/17\ngotohttps://baidu.com'
2024-05-08 09:34:43.743305 - DEBUG : <-<- true
2024-05-08 09:34:43.744955 - DEBUG : ->>> b'14\ngetExtendParam'
2024-05-08 09:34:43.747962 - DEBUG : <-<- 123
2024-05-08 09:34:43.769954 - DEBUG : ---- Enter the display waiting mode waiting time：10s
2024-05-08 09:34:43.771962 - DEBUG : ->>> b'4/14\ngotohttps://qq.com'
2024-05-08 09:34:46.583504 - DEBUG : <-<- true
2024-05-08 09:34:46.587902 - DEBUG : ->>> b'4/22\ngotohttps://www.hao123.com'
2024-05-08 09:34:48.929507 - DEBUG : <-<- true
2024-05-08 09:34:48.931514 - DEBUG : ---- Finish the display waiting mode
2024-05-08 09:35:26.498716 - DEBUG : <-<- Client connection at 127.0.0.1: 55454
2024-05-08 09:35:26.500690 - DEBUG : ->>> b'4/17\ngotohttps://baidu.com'
2024-05-08 09:35:27.304938 - DEBUG : <-<- true
2024-05-08 09:35:27.306946 - DEBUG : ->>> b'14\ngetExtendParam'
2024-05-08 09:35:27.308946 - DEBUG : <-<- 123
2024-05-08 09:35:27.346938 - DEBUG : ---- Enter the display waiting mode waiting time：10s
2024-05-08 09:35:27.349955 - DEBUG : ->>> b'4/14\ngotohttps://qq.com'
2024-05-08 09:35:30.108577 - DEBUG : <-<- true
2024-05-08 09:35:30.112576 - DEBUG : ->>> b'4/22\ngotohttps://www.hao123.com'
2024-05-08 09:35:33.084120 - DEBUG : <-<- true
2024-05-08 09:35:33.086120 - DEBUG : ---- Finish the display waiting mode
2024-05-08 09:35:45.519883 - DEBUG : <-<- Client connection at 127.0.0.1: 55555
2024-05-08 09:35:45.519883 - DEBUG : ->>> b'4/17\ngotohttps://baidu.com'
2024-05-08 09:35:46.175292 - DEBUG : <-<- true
2024-05-08 09:35:46.191750 - DEBUG : ->>> b'14\ngetExtendParam'
2024-05-08 09:35:46.194752 - DEBUG : <-<- 123
2024-05-08 09:35:46.201758 - DEBUG : ---- Enter the display waiting mode waiting time：10s
2024-05-08 09:35:46.204758 - DEBUG : ->>> b'4/14\ngotohttps://qq.com'
2024-05-08 09:35:49.022728 - DEBUG : <-<- true
2024-05-08 09:35:49.026273 - DEBUG : ->>> b'4/22\ngotohttps://www.hao123.com'
2024-05-08 09:35:51.753421 - DEBUG : <-<- true
2024-05-08 09:35:51.755410 - DEBUG : ---- Finish the display waiting mode
2024-05-08 09:36:40.246923 - DEBUG : <-<- Client connection at 127.0.0.1: 55671
2024-05-08 09:36:40.246923 - DEBUG : ->>> b'4/17\ngotohttps://baidu.com'
2024-05-08 09:36:41.036886 - DEBUG : <-<- true
2024-05-08 09:36:41.036886 - DEBUG : ->>> b'14\ngetExtendParam'
2024-05-08 09:36:41.045301 - DEBUG : <-<- 123
2024-05-08 09:36:41.052310 - DEBUG : ---- Enter the display waiting mode waiting time：10s
2024-05-08 09:36:41.055310 - DEBUG : ->>> b'4/14\ngotohttps://qq.com'
2024-05-08 09:37:54.183116 - DEBUG : <-<- Client connection at 127.0.0.1: 55775
2024-05-08 09:37:54.183116 - DEBUG : ->>> b'4/17\ngotohttps://baidu.com'
2024-05-08 09:37:55.031771 - DEBUG : <-<- true
2024-05-08 09:37:55.034768 - DEBUG : ->>> b'14\ngetExtendParam'
2024-05-08 09:37:55.037766 - DEBUG : <-<- {Name:Python}
2024-05-08 09:37:55.042769 - DEBUG : ---- Enter the display waiting mode waiting time：10s
2024-05-08 09:37:55.045761 - DEBUG : ->>> b'4/14\ngotohttps://qq.com'
2024-05-08 09:37:57.765546 - DEBUG : <-<- true
2024-05-08 09:37:57.769058 - DEBUG : ->>> b'4/22\ngotohttps://www.hao123.com'
2024-05-08 09:38:00.158451 - DEBUG : <-<- true
2024-05-08 09:38:00.160436 - DEBUG : ---- Finish the display waiting mode
2024-05-08 09:38:59.187976 - DEBUG : <-<- Client connection at 127.0.0.1: 55937
2024-05-08 09:38:59.200393 - DEBUG : ->>> b'4/17\ngotohttps://baidu.com'
2024-05-08 09:39:00.061599 - DEBUG : <-<- true
2024-05-08 09:39:00.064343 - DEBUG : ->>> b'14\ngetExtendParam'
2024-05-08 09:39:00.067031 - DEBUG : <-<- {'Name':'Python'}
2024-05-08 09:39:00.088024 - DEBUG : ---- Enter the display waiting mode waiting time：10s
2024-05-08 09:39:00.125031 - DEBUG : ->>> b'4/14\ngotohttps://qq.com'
2024-05-08 09:39:02.879183 - DEBUG : <-<- true
2024-05-08 09:39:02.883447 - DEBUG : ->>> b'4/22\ngotohttps://www.hao123.com'
2024-05-08 09:39:05.403767 - DEBUG : <-<- true
2024-05-08 09:39:05.405770 - DEBUG : ---- Finish the display waiting mode
2024-05-08 09:39:52.928931 - DEBUG : <-<- Client connection at 127.0.0.1: 56044
2024-05-08 09:39:52.930911 - DEBUG : ->>> b'4/17\ngotohttps://baidu.com'
2024-05-08 09:39:53.755357 - DEBUG : <-<- true
2024-05-08 09:39:53.756359 - DEBUG : ->>> b'14\ngetExtendParam'
2024-05-08 09:39:53.759357 - DEBUG : <-<- {Name:Python}
2024-05-08 09:40:35.758333 - DEBUG : <-<- Client connection at 127.0.0.1: 56121
2024-05-08 09:40:35.758333 - DEBUG : ->>> b'4/17\ngotohttps://baidu.com'
2024-05-08 09:40:36.554955 - DEBUG : <-<- true
2024-05-08 09:40:36.554955 - DEBUG : ->>> b'14\ngetExtendParam'
2024-05-08 09:40:36.563937 - DEBUG : <-<- {'Name':'Python'}
2024-05-08 09:40:36.570942 - DEBUG : ---- Enter the display waiting mode waiting time：10s
2024-05-08 09:40:36.572942 - DEBUG : ->>> b'4/14\ngotohttps://qq.com'
2024-05-08 09:40:39.456893 - DEBUG : <-<- true
2024-05-08 09:40:39.459458 - DEBUG : ->>> b'4/22\ngotohttps://www.hao123.com'
2024-05-08 09:40:41.621747 - DEBUG : <-<- true
2024-05-08 09:40:41.623966 - DEBUG : ---- Finish the display waiting mode
2024-05-08 09:41:51.276833 - DEBUG : <-<- Client connection at 127.0.0.1: 56242
2024-05-08 09:41:51.277813 - DEBUG : ->>> b'4/17\ngotohttps://baidu.com'
2024-05-08 09:41:52.256037 - DEBUG : <-<- true
2024-05-08 09:41:52.257034 - DEBUG : ->>> b'14\ngetExtendParam'
2024-05-08 09:41:52.261034 - DEBUG : <-<- {'Name':'Python'}
2024-05-08 09:41:52.268034 - DEBUG : ---- Enter the display waiting mode waiting time：10s
2024-05-08 09:41:52.279070 - DEBUG : ->>> b'4/14\ngotohttps://qq.com'
2024-05-08 09:41:55.047898 - DEBUG : <-<- true
2024-05-08 09:41:55.051631 - DEBUG : ->>> b'4/22\ngotohttps://www.hao123.com'
2024-05-08 09:41:57.448696 - DEBUG : <-<- true
2024-05-08 09:41:57.450872 - DEBUG : ---- Finish the display waiting mode
2024-05-08 09:42:38.480343 - DEBUG : <-<- Client connection at 127.0.0.1: 56388
2024-05-08 09:42:38.481344 - DEBUG : ->>> b'4/17\ngotohttps://baidu.com'
2024-05-08 09:42:39.211158 - DEBUG : <-<- true
2024-05-08 09:42:39.213156 - DEBUG : ->>> b'14\ngetExtendParam'
2024-05-08 09:42:39.215165 - DEBUG : <-<- {'Name':'Python'}
2024-05-08 09:42:39.218164 - DEBUG : ---- Enter the display waiting mode waiting time：10s
2024-05-08 09:42:39.220164 - DEBUG : ->>> b'4/14\ngotohttps://qq.com'
2024-05-08 09:42:42.076775 - DEBUG : <-<- true
2024-05-08 09:42:42.089775 - DEBUG : ->>> b'4/22\ngotohttps://www.hao123.com'
2024-05-08 09:42:44.423954 - DEBUG : <-<- true
2024-05-08 09:42:44.426956 - DEBUG : ---- Finish the display waiting mode
2024-05-08 09:43:27.827553 - DEBUG : <-<- Client connection at 127.0.0.1: 56540
2024-05-08 09:43:27.828553 - DEBUG : ->>> b'4/17\ngotohttps://baidu.com'
2024-05-08 09:43:28.653940 - DEBUG : <-<- true
2024-05-08 09:43:28.655941 - DEBUG : ->>> b'14\ngetExtendParam'
2024-05-08 09:43:28.658948 - DEBUG : <-<- {'Name':'PyAibote'}
2024-05-08 09:43:28.680943 - DEBUG : ---- Enter the display waiting mode waiting time：10s
2024-05-08 09:43:28.681948 - DEBUG : ->>> b'4/14\ngotohttps://qq.com'
2024-05-08 09:43:32.147594 - DEBUG : <-<- true
2024-05-08 09:43:32.151223 - DEBUG : ->>> b'4/22\ngotohttps://www.hao123.com'
2024-05-08 09:43:34.396989 - DEBUG : <-<- true
2024-05-08 09:43:34.399470 - DEBUG : ---- Finish the display waiting mode
2024-05-08 09:58:39.352714 - DEBUG : <-<- Client connection at 192.168.31.11: 57075
2024-05-08 09:58:39.352714 - DEBUG : ->>> b'11/0/0\nfindWindows'
2024-05-08 09:58:39.369707 - DEBUG : <-<- 66270|11602038|460806|329838|985374|330028|133158|133514|199182|395786|199180|66542|66540|66546|263152|131166|196670|131168|262280|196682|196712|131192|196674|66256|66380|66382|66302|66238|66234|66230|66198|66194|66190|66186|66168|66162|131576|65976|65972|66352|66356|66358|66354|66334|66338|66340|66336|66350|66348|66346|66344|66332|66330|66328|66326|133074|133544|67036|132474|66988|66986|66966|66432|66440|66430|263676|66406|131794|330058|329674|66322|66320|66292|131980|4721412|919782|1182038|1116566|264928|1378170|132716|264830|66202|66206|66222|65944|66204|66170|196660|131122|131120|196690|65946|66224|66486|66484|66476|66510|66508|197396|66244|66226|525644|394792|1379942|1117810|526414|2820176|2099590|198284|133536|67418|460248|68284|3802808|4589496|329676|132316|3016564|724550|2297402|4787716|854212|396014|4786052|1049662|3081828|723000|4197974|3542570|3607262|855574|789646|199002|198560|198732|198872|592058|198804|199048|132184|328514|132180|132232|67184|986608|1509914|1312854|985520|67412|67396|67394|67392|198268|67404|133148|133454|264622|526732|262924|330142|133488|198880|396920|1248780|526470|788516|788562|1771494|1049474|461306|985538|3934468|132806|1313142|657346|919826|329980|2820640|68278|461456|133778|1116312|1181942|1378852|789098|1116862|330502|920308|132486|132484|66962|66960|66968|66970|66974|66972|66978|66976|66980|67074|66816|66788|66786|66784|66760|132482|132578|198638|133172|133392|133234|198618|133504|3278746|2361894|198976|852730|1706164|1116780|132644|66246|133054|133118|133028|68116|67382|67384|132852|67314|198292|132754|132186|198016|394204|66876|66870|66874|66872|66856|66680|66264|65988|65968|65914|65888|65844|65834|65688|68114|133770|1902828|2492558|461080|264098|919572|264042|264064|329610|264490|787848|198566|199136|199126|198932|198882|198552|199132|198632|264106|394854|198582|132630|132594|132592|132590|66288|66290|133250|133348|133532|133270|133582|133280|133190|133164|198612|133340|132966|133136|133160|133548|133584|264516|199014|131908|133636|395756|67406|67402|329254|329522|132896|198428|67364|67362|67340|67342|459898|67332|67334|328872|132174|132172|263714|132672|132784|132786|132760|198266|132740|132682|198264|132178|132168|132170|132166|132164|132160|132162|198200|132650|132654|132702|132704|132706|198206|132700|197650|197654|132768|393454|132292|263078|132226|132262|67260|67258|132750|394772|132284|132286|67188|67190|67182|67102|67100|67078|67080|263544|329076|197468|131784|66908|66910|328556|197500|197486|132056|67238|67236|66848|66844|66842|66840|66830|66822|66824|132288|132290|66764|66762|66758|66736|197806|66710|66708|66692|66694|66732|66730|66620|66618|66616|66614|66612|66608|66604|66602|66600|66596|66598|131944|66588|197652|132120|66566|132100|132098|66568|66526|132052|66514|66496|66498|131998|66464|131746|66458|66460|66366|66392|66416|66418|66368|66360|66342|66308|66306|197288|66286|66274|66266|66272|131188|131152|131114|66154|66156|66152|65984|131096|65948|65986|66036|131598|131636|65960|65934|65932|65912|65886|65862|65866|65854|65846|65842|65832|327916|65766|65768|65718|65720|65710|65708|65714|65712|1048726|131094|131098|131100|131108|131106|65682|65684|65680|131210|65678|65608|65596|65826|66674|66672|66670|66668|66654|132188|132886|198950|657262|1051000|263536|721660|198026|66282|65848|66260
2024-05-08 09:59:10.934455 - DEBUG : <-<- Client connection at 192.168.31.11: 57085
2024-05-08 09:59:10.934455 - DEBUG : ->>> b'11/0/0\nfindWindows'
2024-05-08 09:59:10.942668 - DEBUG : <-<- 66270|11602038|460806|329838|985374|330028|133158|133514|199182|395786|199180|66542|66540|66546|263152|131166|196670|131168|262280|196682|196712|131192|196674|66256|66380|66382|66302|66238|66234|66230|66198|66194|66190|66186|66168|66162|131576|65976|65972|66352|66356|66358|66354|66334|66338|66340|66336|66350|66348|66346|66344|66332|66330|66328|66326|133074|133544|67036|132474|66988|66986|66966|66432|66440|66430|263676|66406|131794|330058|329674|66322|66320|66292|131980|8521982|919782|1182038|1116566|264928|1378170|132716|264830|66202|66206|66222|65944|66204|66170|196660|131122|131120|196690|65946|66224|66486|66484|66476|66510|66508|197396|66244|66226|525644|394792|1379942|1117810|526414|2820176|2099590|198284|133536|67418|460248|68284|3802808|4589496|329676|132316|3016564|1510966|9701950|1248392|854212|396014|4786052|1049662|3081828|723000|2099294|4983556|199002|198560|198732|198872|592058|198804|199048|132184|328514|132180|132232|67184|986608|1509914|1312854|985520|67412|67396|67394|67392|198268|3083762|67404|133148|133454|264622|526732|262924|330142|133488|198880|396920|1248780|526470|788516|788562|1771494|1049474|461306|985538|3934468|132806|1313142|657346|919826|329980|2820640|68278|461456|133778|1116312|1181942|1378852|789098|1116862|330502|920308|132486|132484|66962|66960|66968|66970|66974|66972|66978|66976|66980|67074|66816|66788|66786|66784|66760|132482|132578|198638|133172|133392|133234|198618|133504|3278746|2361894|198976|852730|1706164|1116780|132644|66246|133054|133118|133028|68116|67382|67384|132852|67314|198292|132754|132186|198016|394204|66876|66870|66874|66872|66856|66680|66264|65988|65968|65914|65888|65844|65834|65688|68114|133770|1902828|2492558|461080|264098|919572|264042|264064|329610|264490|787848|198566|199136|199126|198932|198882|198552|199132|198632|264106|394854|198582|132630|132594|132592|132590|66288|66290|133250|133348|133532|133270|133582|133280|133190|133164|198612|133340|132966|133136|133160|133548|133584|264516|199014|131908|133636|395756|67406|67402|329254|329522|132896|198428|67364|67362|67340|67342|459898|67332|67334|328872|132174|132172|263714|132672|132784|132786|132760|198266|132740|132682|198264|132178|132168|132170|132166|132164|132160|132162|198200|132650|132654|132702|132704|132706|198206|132700|197650|197654|132768|393454|132292|263078|132226|132262|67260|67258|132750|394772|132284|132286|67188|67190|67182|67102|67100|67078|67080|263544|329076|197468|131784|66908|66910|328556|197500|197486|132056|67238|67236|66848|66844|66842|66840|66830|66822|66824|132288|132290|66764|66762|66758|66736|197806|66710|66708|66692|66694|66732|66730|66620|66618|66616|66614|66612|66608|66604|66602|66600|66596|66598|131944|66588|197652|132120|66566|132100|132098|66568|66526|132052|66514|66496|66498|131998|66464|131746|66458|66460|66366|66392|66416|66418|66368|66360|66342|66308|66306|197288|66286|66274|66266|66272|131188|131152|131114|66154|66156|66152|65984|131096|65948|65986|66036|131598|131636|65960|65934|65932|65912|65886|65862|65866|65854|65846|65842|65832|327916|65766|65768|65718|65720|65710|65708|65714|65712|1048726|131094|131098|131100|131108|131106|65682|65684|65680|131210|65678|65608|65596|65826|66674|66672|66670|66668|66654|132188|132886|198950|2428474|790086|657262|1051000|263536|721660|198026|66282|65848|66260
2024-05-08 09:59:11.102536 - DEBUG : ->>> b'14\ngetExtendParam'
2024-05-08 09:59:11.106529 - DEBUG : <-<- {Name:PyAibote}
2024-05-08 09:59:44.517033 - DEBUG : <-<- Client connection at 192.168.31.11: 57096
2024-05-08 09:59:44.517033 - DEBUG : ->>> b'11/0/0\nfindWindows'
2024-05-08 09:59:44.523987 - DEBUG : <-<- 66270|11602038|460806|329838|985374|330028|133158|133514|199182|395786|199180|66542|66540|66546|263152|131166|196670|131168|262280|196682|196712|131192|196674|66256|66380|66382|66302|66238|66234|66230|66198|66194|66190|66186|66168|66162|131576|65976|65972|66352|66356|66358|66354|66334|66338|66340|66336|66350|66348|66346|66344|66332|66330|66328|66326|133074|133544|67036|132474|66988|66986|66966|66432|66440|66430|263676|66406|131794|330058|329674|66322|66320|66292|131980|918342|919782|1182038|1116566|264928|1378170|132716|264830|66202|66206|66222|65944|66204|66170|196660|131122|131120|196690|65946|66224|66486|66484|66476|66510|66508|197396|66244|66226|525644|394792|1379942|1117810|526414|2820176|2099590|198284|133536|67418|460248|68284|3802808|4589496|329676|132316|3016564|1379814|1183242|1117718|854212|396014|4786052|1049662|3081828|723000|2230366|5049092|199002|198560|198732|198872|592058|198804|1510966|9701950|1248392|855622|3149298|199048|132184|328514|132180|132232|67184|986608|1509914|1312854|985520|67412|67396|67394|67392|198268|2559546|67404|133148|133454|264622|526732|262924|330142|133488|198880|396920|1248780|526470|788516|788562|1771494|1049474|461306|985538|3934468|132806|1313142|657346|919826|329980|2820640|68278|461456|133778|1116312|1181942|1378852|789098|1116862|330502|920308|132486|132484|66962|66960|66968|66970|66974|66972|66978|66976|66980|67074|66816|66788|66786|66784|66760|132482|132578|198638|133172|133392|133234|198618|133504|3278746|2361894|198976|852730|1706164|1116780|132644|66246|133054|133118|133028|68116|67382|67384|132852|67314|198292|132754|132186|198016|394204|66876|66870|66874|66872|66856|66680|66264|65988|65968|65914|65888|65844|65834|65688|68114|133770|1902828|2492558|461080|264098|919572|264042|264064|329610|264490|787848|198566|199136|199126|198932|198882|198552|199132|198632|264106|394854|198582|132630|132594|132592|132590|66288|66290|133250|133348|133532|133270|133582|133280|133190|133164|198612|133340|132966|133136|133160|133548|133584|264516|199014|131908|133636|395756|67406|67402|329254|329522|132896|198428|67364|67362|67340|67342|459898|67332|67334|328872|132174|132172|263714|132672|132784|132786|132760|198266|132740|132682|198264|132178|132168|132170|132166|132164|132160|132162|198200|132650|132654|132702|132704|132706|198206|132700|197650|197654|132768|393454|132292|263078|132226|132262|67260|67258|132750|394772|132284|132286|67188|67190|67182|67102|67100|67078|67080|263544|329076|197468|131784|66908|66910|328556|197500|197486|132056|67238|67236|66848|66844|66842|66840|66830|66822|66824|132288|132290|66764|66762|66758|66736|197806|66710|66708|66692|66694|66732|66730|66620|66618|66616|66614|66612|66608|66604|66602|66600|66596|66598|131944|66588|197652|132120|66566|132100|132098|66568|66526|132052|66514|66496|66498|131998|66464|131746|66458|66460|66366|66392|66416|66418|66368|66360|66342|66308|66306|197288|66286|66274|66266|66272|131188|131152|131114|66154|66156|66152|65984|131096|65948|65986|66036|131598|131636|65960|65934|65932|65912|65886|65862|65866|65854|65846|65842|65832|327916|65766|65768|65718|65720|65710|65708|65714|65712|1048726|131094|131098|131100|131108|131106|65682|65684|65680|131210|65678|65608|65596|65826|66674|66672|66670|66668|66654|132188|132886|198950|657262|1051000|263536|721660|198026|66282|65848|66260
2024-05-08 09:59:44.808994 - DEBUG : ->>> b'14\ngetExtendParam'
2024-05-08 09:59:44.810992 - DEBUG : <-<- {'Name':'PyAibote'}
2024-05-08 10:00:04.648662 - DEBUG : <-<- Client connection at 127.0.0.1: 57105
2024-05-08 10:00:04.653239 - DEBUG : ->>> b'11/0/0\nfindWindows'
2024-05-08 10:00:04.657002 - DEBUG : <-<- 66270|11602038|460806|329838|985374|330028|133158|133514|199182|395786|199180|66542|66540|66546|263152|131166|196670|131168|262280|196682|196712|131192|196674|66256|66380|66382|66302|66238|66234|66230|66198|66194|66190|66186|66168|66162|131576|65976|65972|66352|66356|66358|66354|66334|66338|66340|66336|66350|66348|66346|66344|66332|66330|66328|66326|133074|133544|67036|132474|66988|66986|66966|66432|66440|66430|263676|66406|131794|330058|329674|66322|66320|66292|131980|918342|919782|1182038|1116566|264928|1378170|132716|264830|66202|66206|66222|65944|66204|66170|196660|131122|131120|196690|65946|66224|66486|66484|66476|66510|66508|197396|66244|66226|525644|394792|1379942|1117810|526414|2820176|2099590|198284|133536|67418|460248|68284|3802808|4589496|329676|132316|3016564|1510886|5770720|1052206|854212|396014|4786052|1049662|3081828|723000|921158|3214834|2230366|5049092|199002|198560|198732|198872|592058|198804|199048|132184|328514|132180|132232|67184|986608|1509914|1312854|985520|67412|67396|67394|67392|198268|5180932|67404|133148|133454|264622|526732|262924|330142|133488|198880|396920|1248780|526470|788516|788562|1771494|1049474|461306|985538|3934468|132806|1313142|657346|919826|329980|2820640|68278|461456|133778|1116312|1181942|1378852|789098|1116862|330502|920308|132486|132484|66962|66960|66968|66970|66974|66972|66978|66976|66980|67074|66816|66788|66786|66784|66760|132482|132578|198638|133172|133392|133234|198618|133504|3278746|2361894|198976|852730|1706164|1116780|132644|66246|133054|133118|133028|68116|67382|67384|132852|67314|198292|132754|132186|198016|394204|66876|66870|66874|66872|66856|66680|66264|65988|65968|65914|65888|65844|65834|65688|68114|133770|1902828|2492558|461080|264098|919572|264042|264064|329610|264490|787848|198566|199136|199126|198932|198882|198552|199132|198632|264106|394854|198582|132630|132594|132592|132590|66288|66290|133250|133348|133532|133270|133582|133280|133190|133164|198612|133340|132966|133136|133160|133548|133584|264516|199014|131908|133636|395756|67406|67402|329254|329522|132896|198428|67364|67362|67340|67342|459898|67332|67334|328872|132174|132172|263714|132672|132784|132786|132760|198266|132740|132682|198264|132178|132168|132170|132166|132164|132160|132162|198200|132650|132654|132702|132704|132706|198206|132700|197650|197654|132768|393454|132292|263078|132226|132262|67260|67258|132750|394772|132284|132286|67188|67190|67182|67102|67100|67078|67080|263544|329076|197468|131784|66908|66910|328556|197500|197486|132056|67238|67236|66848|66844|66842|66840|66830|66822|66824|132288|132290|66764|66762|66758|66736|197806|66710|66708|66692|66694|66732|66730|66620|66618|66616|66614|66612|66608|66604|66602|66600|66596|66598|131944|66588|197652|132120|66566|132100|132098|66568|66526|132052|66514|66496|66498|131998|66464|131746|66458|66460|66366|66392|66416|66418|66368|66360|66342|66308|66306|197288|66286|66274|66266|66272|131188|131152|131114|66154|66156|66152|65984|131096|65948|65986|66036|131598|131636|65960|65934|65932|65912|65886|65862|65866|65854|65846|65842|65832|327916|65766|65768|65718|65720|65710|65708|65714|65712|1048726|131094|131098|131100|131108|131106|65682|65684|65680|131210|65678|65608|65596|65826|66674|66672|66670|66668|66654|132188|132886|198950|657262|1051000|263536|721660|198026|66282|65848|66260
2024-05-08 10:00:04.872025 - DEBUG : ->>> b'14\ngetExtendParam'
2024-05-08 10:00:04.876025 - DEBUG : <-<- {'Name':'PyAibote'}
2024-05-08 10:00:17.254659 - DEBUG : <-<- Client connection at 127.0.0.1: 57110
2024-05-08 10:00:17.254659 - DEBUG : ->>> b'11/0/0\nfindWindows'
2024-05-08 10:00:17.266937 - DEBUG : <-<- 66270|11602038|460806|329838|985374|330028|133158|133514|199182|395786|199180|66542|66540|66546|263152|131166|196670|131168|262280|196682|196712|131192|196674|66256|66380|66382|66302|66238|66234|66230|66198|66194|66190|66186|66168|66162|131576|65976|65972|66352|66356|66358|66354|66334|66338|66340|66336|66350|66348|66346|66344|66332|66330|66328|66326|133074|133544|67036|132474|66988|66986|66966|66432|66440|66430|263676|66406|131794|330058|329674|66322|66320|66292|131980|5901792|919782|1182038|1116566|264928|1378170|132716|264830|66202|66206|66222|65944|66204|66170|196660|131122|131120|196690|65946|66224|66486|66484|66476|66510|66508|197396|66244|66226|525644|394792|1379942|1117810|526414|2820176|2099590|198284|133536|67418|460248|68284|3802808|4589496|329676|132316|3016564|4327492|1707494|2493698|854212|396014|4786052|1049662|3081828|723000|2295902|5114628|199002|198560|198732|198872|592058|198804|921158|3214834|199048|132184|328514|132180|132232|67184|986608|1509914|1312854|985520|67412|67396|67394|67392|198268|5180932|67404|133148|133454|264622|526732|262924|330142|133488|198880|396920|1248780|526470|788516|788562|1771494|1049474|461306|985538|3934468|132806|1313142|657346|919826|329980|2820640|68278|461456|133778|1116312|1181942|1378852|789098|1116862|330502|920308|132486|132484|66962|66960|66968|66970|66974|66972|66978|66976|66980|67074|66816|66788|66786|66784|66760|132482|132578|198638|133172|133392|133234|198618|133504|3278746|2361894|198976|852730|1706164|1116780|132644|66246|133054|133118|133028|68116|67382|67384|132852|67314|198292|132754|132186|198016|394204|66876|66870|66874|66872|66856|66680|66264|65988|65968|65914|65888|65844|65834|65688|68114|133770|1902828|2492558|461080|264098|919572|264042|264064|329610|264490|787848|198566|199136|199126|198932|198882|198552|199132|198632|264106|394854|198582|132630|132594|132592|132590|66288|66290|133250|133348|133532|133270|133582|133280|133190|133164|198612|133340|132966|133136|133160|133548|133584|264516|199014|131908|133636|395756|67406|67402|329254|329522|132896|198428|67364|67362|67340|67342|459898|67332|67334|328872|132174|132172|263714|132672|132784|132786|132760|198266|132740|132682|198264|132178|132168|132170|132166|132164|132160|132162|198200|132650|132654|132702|132704|132706|198206|132700|197650|197654|132768|393454|132292|263078|132226|132262|67260|67258|132750|394772|132284|132286|67188|67190|67182|67102|67100|67078|67080|263544|329076|197468|131784|66908|66910|328556|197500|197486|132056|67238|67236|66848|66844|66842|66840|66830|66822|66824|132288|132290|66764|66762|66758|66736|197806|66710|66708|66692|66694|66732|66730|66620|66618|66616|66614|66612|66608|66604|66602|66600|66596|66598|131944|66588|197652|132120|66566|132100|132098|66568|66526|132052|66514|66496|66498|131998|66464|131746|66458|66460|66366|66392|66416|66418|66368|66360|66342|66308|66306|197288|66286|66274|66266|66272|131188|131152|131114|66154|66156|66152|65984|131096|65948|65986|66036|131598|131636|65960|65934|65932|65912|65886|65862|65866|65854|65846|65842|65832|327916|65766|65768|65718|65720|65710|65708|65714|65712|1048726|131094|131098|131100|131108|131106|65682|65684|65680|131210|65678|65608|65596|65826|66674|66672|66670|66668|66654|132188|132886|198950|657262|1051000|263536|721660|198026|66282|65848|66260
2024-05-08 10:00:17.497950 - DEBUG : ->>> b'14\ngetExtendParam'
2024-05-08 10:00:17.553937 - DEBUG : <-<- {'Name':'PyAibote'}
