2024-01-10 21:27:56.545909 - DEBUG : <-<- Client connection at 127.0.0.1: 51216
2024-01-10 21:27:56.547928 - DEBUG : ->>> b'4/18\ngotohttps://www.qq.com'
2024-01-10 21:27:58.387375 - DEBUG : <-<- 4/true
2024-01-10 21:28:01.390475 - DEBUG : ->>> b'7/21\nnewPagehttps://www.baidu.com'
2024-01-10 21:28:01.429463 - DEBUG : <-<- 4/true
2024-01-10 21:28:04.430922 - DEBUG : ->>> b'4/21\ngotohttps://www.baidu.com'
2024-01-10 21:28:04.820246 - DEBUG : <-<- 4/true
2024-01-10 21:28:07.829604 - DEBUG : ->>> b'4/18\ngotohttps://www.qq.com'
2024-01-10 21:28:10.547732 - DEBUG : <-<- 4/true
2024-01-10 22:40:01.544582 - DEBUG : <-<- Client connection at 127.0.0.1: 52955
2024-01-10 22:40:01.546576 - DEBUG : ->>> b'4/18\ngotohttps://www.qq.com'
2024-01-10 22:40:03.420324 - DEBUG : <-<- 4/true
2024-01-10 22:40:06.422484 - DEBUG : ->>> b'7/21\nnewPagehttps://www.baidu.com'
2024-01-10 22:40:06.475196 - DEBUG : <-<- 4/true
2024-01-10 22:40:09.477128 - DEBUG : ->>> b'4/21\ngotohttps://www.baidu.com'
2024-01-10 22:40:09.835499 - DEBUG : <-<- 4/true
2024-01-10 22:40:12.837901 - DEBUG : ->>> b'4/18\ngotohttps://www.qq.com'
2024-01-10 22:40:14.530174 - DEBUG : <-<- 4/true
2024-01-10 22:40:57.517062 - DEBUG : <-<- Client connection at 127.0.0.1: 53109
2024-01-10 22:40:57.519072 - DEBUG : ->>> b'4/18\ngotohttps://www.qq.com'
2024-01-10 22:40:59.407472 - DEBUG : <-<- 4/true
2024-01-10 22:41:02.409519 - DEBUG : ->>> b'7/21\nnewPagehttps://www.baidu.com'
2024-01-10 22:41:02.456540 - DEBUG : <-<- 4/true
2024-01-10 22:41:05.458428 - DEBUG : ->>> b'4/21\ngotohttps://www.baidu.com'
2024-01-10 22:41:05.836027 - DEBUG : <-<- 4/true
2024-01-10 22:41:08.838533 - DEBUG : ->>> b'4/18\ngotohttps://www.qq.com'
2024-01-10 22:41:10.738721 - DEBUG : <-<- 4/true
2024-01-10 22:41:13.741449 - DEBUG : ->>> b'12/35\nclickElement//*[@id="main-news"]/div[1]/h2/a555'
2024-01-10 22:41:13.750425 - DEBUG : ->>> Start implicit wait
2024-01-10 22:41:13.752422 - DEBUG : ->>> Cannot find element. Retrying No retry in 30s   0.0019974708557128906s
2024-01-10 22:46:19.734572 - DEBUG : <-<- Client connection at 127.0.0.1: 53451
2024-01-10 22:46:19.736573 - DEBUG : ->>> b'4/18\ngotohttps://www.qq.com'
2024-01-10 22:46:21.493557 - DEBUG : <-<- 4/true
2024-01-10 22:46:24.495081 - DEBUG : ->>> b'7/21\nnewPagehttps://www.baidu.com'
2024-01-10 22:46:24.549071 - DEBUG : <-<- 4/true
2024-01-10 22:46:27.552398 - DEBUG : ->>> b'4/21\ngotohttps://www.baidu.com'
2024-01-10 22:46:27.918751 - DEBUG : <-<- 4/true
2024-01-10 22:46:30.921230 - DEBUG : ->>> b'4/18\ngotohttps://www.qq.com'
2024-01-10 22:46:33.405770 - DEBUG : <-<- 4/true
2024-01-10 22:46:36.413102 - DEBUG : ->>> b'12/35\nclickElement//*[@id="main-news"]/div[1]/h2/a555'
2024-01-10 22:46:36.419100 - DEBUG : ---- Start implicit wait
2024-01-10 22:49:03.635374 - DEBUG : <-<- Client connection at 127.0.0.1: 53680
2024-01-10 22:49:03.637379 - DEBUG : ->>> b'4/18\ngotohttps://www.qq.com'
2024-01-10 22:49:05.533119 - DEBUG : <-<- b'4/true'
2024-01-10 22:49:08.536135 - DEBUG : ->>> b'7/21\nnewPagehttps://www.baidu.com'
2024-01-10 22:49:08.566125 - DEBUG : <-<- b'4/true'
2024-01-10 22:49:11.568138 - DEBUG : ->>> b'4/21\ngotohttps://www.baidu.com'
2024-01-10 22:49:12.039670 - DEBUG : <-<- b'4/true'
2024-01-10 22:49:15.041714 - DEBUG : ->>> b'4/18\ngotohttps://www.qq.com'
2024-01-10 22:49:16.835296 - DEBUG : <-<- b'4/true'
2024-01-10 22:49:19.837436 - DEBUG : ->>> b'12/35\nclickElement//*[@id="main-news"]/div[1]/h2/a555'
2024-01-10 22:49:19.846412 - DEBUG : <-<- b'5/false'
2024-01-10 22:49:19.848411 - DEBUG : ---- Start implicit wait
2024-01-10 22:49:19.850411 - DEBUG : ->>> b'12/35\nclickElement//*[@id="main-news"]/div[1]/h2/a555'
2024-01-10 22:49:19.857408 - DEBUG : <-<- b'5/false'
2024-01-10 22:51:16.165235 - DEBUG : <-<- Client connection at 127.0.0.1: 53866
2024-01-10 22:51:16.167235 - DEBUG : ->>> b'4/18\ngotohttps://www.qq.com'
2024-01-10 22:51:17.909699 - DEBUG : <-<- b'4/true'
2024-01-10 22:51:20.912425 - DEBUG : ->>> b'7/21\nnewPagehttps://www.baidu.com'
2024-01-10 22:51:20.944416 - DEBUG : <-<- b'4/true'
2024-01-10 22:51:23.946371 - DEBUG : ->>> b'4/21\ngotohttps://www.baidu.com'
2024-01-10 22:51:24.314676 - DEBUG : <-<- b'4/true'
2024-01-10 22:51:27.316759 - DEBUG : ->>> b'4/18\ngotohttps://www.qq.com'
2024-01-10 22:51:29.367299 - DEBUG : <-<- b'4/true'
2024-01-10 22:51:32.370036 - DEBUG : ->>> b'12/35\nclickElement//*[@id="main-news"]/div[1]/h2/a555'
2024-01-10 22:51:32.381033 - DEBUG : <-<- b'5/false'
2024-01-10 22:51:32.383030 - DEBUG : ---- Start implicit wait
2024-01-10 22:51:32.385041 - DEBUG : ---- Cannot find element. Retrying....  No retry in 30s   0.0020117759704589844s
2024-01-10 22:51:32.393030 - DEBUG : ->>> b'12/35\nclickElement//*[@id="main-news"]/div[1]/h2/a555'
2024-01-10 22:51:32.398026 - DEBUG : <-<- b'5/false'
2024-01-10 22:58:07.510387 - DEBUG : <-<- Client connection at 127.0.0.1: 54189
2024-01-10 22:58:07.512382 - DEBUG : ->>> b'4/18\ngotohttps://www.qq.com'
2024-01-10 22:58:09.318341 - DEBUG : <-<- b'4/true'
2024-01-10 22:58:12.320766 - DEBUG : ->>> b'7/21\nnewPagehttps://www.baidu.com'
2024-01-10 22:58:12.353746 - DEBUG : <-<- b'4/true'
2024-01-10 22:58:15.355490 - DEBUG : ->>> b'4/21\ngotohttps://www.baidu.com'
2024-01-10 22:58:15.714338 - DEBUG : <-<- b'4/true'
2024-01-10 22:58:18.716038 - DEBUG : ->>> b'4/18\ngotohttps://www.qq.com'
2024-01-10 22:58:20.474958 - DEBUG : <-<- b'4/true'
2024-01-10 22:58:23.476278 - DEBUG : ->>> b'12/35\nclickElement//*[@id="main-news"]/div[1]/h2/a555'
2024-01-10 22:58:23.488275 - DEBUG : <-<- b'5/false'
2024-01-10 22:58:23.490273 - DEBUG : ---- Start implicit wait
2024-01-10 22:58:23.491274 - DEBUG : ---- Cannot find element. Retrying....  No retry in 30s   0.0019998550415039062s
2024-01-10 22:58:23.492273 - DEBUG : ->>> b'12/35\nclickElement//*[@id="main-news"]/div[1]/h2/a555'
2024-01-10 22:58:23.503270 - DEBUG : <-<- b'5/false'
2024-01-10 23:03:10.762921 - DEBUG : <-<- Client connection at 127.0.0.1: 54485
2024-01-10 23:03:10.763922 - DEBUG : ->>> b'4/18\ngotohttps://www.qq.com'
2024-01-10 23:03:12.572677 - DEBUG : <-<- b'4/true'
2024-01-10 23:03:15.575637 - DEBUG : ->>> b'7/21\nnewPagehttps://www.baidu.com'
2024-01-10 23:03:15.639809 - DEBUG : <-<- b'4/true'
2024-01-10 23:03:18.641823 - DEBUG : ->>> b'4/21\ngotohttps://www.baidu.com'
2024-01-10 23:03:19.019742 - DEBUG : <-<- b'4/true'
2024-01-10 23:03:22.021886 - DEBUG : ->>> b'4/18\ngotohttps://www.qq.com'
2024-01-10 23:03:23.774474 - DEBUG : <-<- b'4/true'
2024-01-10 23:03:26.777013 - DEBUG : ->>> b'12/35\nclickElement//*[@id="main-news"]/div[1]/h2/a555'
2024-01-10 23:03:26.783002 - DEBUG : <-<- b'5/false'
2024-01-10 23:03:26.785010 - DEBUG : ---- Start implicit wait
2024-01-10 23:03:26.786007 - DEBUG : ---- Cannot find element. Retrying....  No retry in 30s   0.0020041465759277344s
2024-01-10 23:03:26.787004 - DEBUG : ->>> b'12/35\nclickElement//*[@id="main-news"]/div[1]/h2/a555'
2024-01-10 23:03:26.791999 - DEBUG : <-<- b'5/false'
2024-01-10 23:03:27.299690 - DEBUG : ---- Cannot find element. Retrying....  No retry in 30s   0.5156867504119873s
2024-01-10 23:03:27.300690 - DEBUG : ->>> b'12/35\nclickElement//*[@id="main-news"]/div[1]/h2/a555'
2024-01-10 23:03:27.305684 - DEBUG : <-<- b'5/false'
2024-01-10 23:07:10.274445 - DEBUG : <-<- Client connection at 127.0.0.1: 54796
2024-01-10 23:07:10.276444 - DEBUG : ->>> b'4/18\ngotohttps://www.qq.com'
2024-01-10 23:07:12.086853 - DEBUG : <-<- b'4/true'
2024-01-10 23:07:15.088640 - DEBUG : ->>> b'7/21\nnewPagehttps://www.baidu.com'
2024-01-10 23:07:15.135624 - DEBUG : <-<- b'4/true'
2024-01-10 23:07:18.137103 - DEBUG : ->>> b'4/21\ngotohttps://www.baidu.com'
2024-01-10 23:07:18.529408 - DEBUG : <-<- b'4/true'
2024-01-10 23:07:21.532609 - DEBUG : ->>> b'4/18\ngotohttps://www.qq.com'
2024-01-10 23:07:23.687550 - DEBUG : <-<- b'4/true'
2024-01-10 23:07:26.689959 - DEBUG : ->>> b'12/35\nclickElement//*[@id="main-news"]/div[1]/h2/a555'
2024-01-10 23:07:26.698963 - DEBUG : <-<- b'5/false'
2024-01-10 23:07:26.700962 - DEBUG : ---- Start implicit wait
2024-01-10 23:07:26.702955 - DEBUG : ---- Cannot find element. Retrying....  No retry in 30s   0.0019996166229248047s
2024-01-10 23:07:26.714953 - DEBUG : ->>> b'12/35\nclickElement//*[@id="main-news"]/div[1]/h2/a555'
2024-01-10 23:07:26.723959 - DEBUG : <-<- b'5/false'
2024-01-10 23:07:27.225825 - DEBUG : ---- Cannot find element. Retrying....  No retry in 30s   0.5258677005767822s
2024-01-10 23:07:27.227818 - DEBUG : ->>> b'12/35\nclickElement//*[@id="main-news"]/div[1]/h2/a555'
2024-01-10 23:07:27.233813 - DEBUG : <-<- b'5/false'
2024-01-10 23:07:27.738388 - DEBUG : ---- Cannot find element. Retrying....  No retry in 30s   1.03843092918396s
2024-01-10 23:07:27.740936 - DEBUG : ->>> b'12/35\nclickElement//*[@id="main-news"]/div[1]/h2/a555'
2024-01-10 23:07:27.801926 - DEBUG : <-<- b'5/false'
2024-01-10 23:07:28.304603 - DEBUG : ---- Cannot find element. Retrying....  No retry in 30s   1.6046454906463623s
2024-01-10 23:07:28.307181 - DEBUG : ->>> b'12/35\nclickElement//*[@id="main-news"]/div[1]/h2/a555'
2024-01-10 23:07:28.317185 - DEBUG : <-<- b'5/false'
2024-01-10 23:07:28.867121 - DEBUG : ---- Cannot find element. Retrying....  No retry in 30s   2.1671643257141113s
2024-01-10 23:07:28.868126 - DEBUG : ->>> b'12/35\nclickElement//*[@id="main-news"]/div[1]/h2/a555'
2024-01-10 23:07:28.874120 - DEBUG : <-<- b'5/false'
2024-01-10 23:07:29.411675 - DEBUG : ---- Cannot find element. Retrying....  No retry in 30s   2.7117183208465576s
2024-01-10 23:07:29.414683 - DEBUG : ->>> b'12/35\nclickElement//*[@id="main-news"]/div[1]/h2/a555'
2024-01-10 23:07:29.422684 - DEBUG : <-<- b'5/false'
2024-01-10 23:07:29.977499 - DEBUG : ---- Cannot find element. Retrying....  No retry in 30s   3.2775418758392334s
2024-01-10 23:07:29.980485 - DEBUG : ->>> b'12/35\nclickElement//*[@id="main-news"]/div[1]/h2/a555'
2024-01-10 23:07:29.990479 - DEBUG : <-<- b'5/false'
2024-01-10 23:07:30.546860 - DEBUG : ---- Cannot find element. Retrying....  No retry in 30s   3.84690260887146s
2024-01-10 23:07:30.547855 - DEBUG : ->>> b'12/35\nclickElement//*[@id="main-news"]/div[1]/h2/a555'
2024-01-10 23:07:30.553853 - DEBUG : <-<- b'5/false'
2024-01-10 23:07:31.093866 - DEBUG : ---- Cannot find element. Retrying....  No retry in 30s   4.393909454345703s
2024-01-10 23:07:31.095872 - DEBUG : ->>> b'12/35\nclickElement//*[@id="main-news"]/div[1]/h2/a555'
2024-01-10 23:07:31.101861 - DEBUG : <-<- b'5/false'
2024-01-10 23:07:31.642770 - DEBUG : ---- Cannot find element. Retrying....  No retry in 30s   4.942813158035278s
2024-01-10 23:07:31.645786 - DEBUG : ->>> b'12/35\nclickElement//*[@id="main-news"]/div[1]/h2/a555'
2024-01-10 23:07:31.654780 - DEBUG : <-<- b'5/false'
2024-01-10 23:07:32.206301 - DEBUG : ---- Cannot find element. Retrying....  No retry in 30s   5.5063440799713135s
2024-01-10 23:07:32.209317 - DEBUG : ->>> b'12/35\nclickElement//*[@id="main-news"]/div[1]/h2/a555'
2024-01-10 23:07:32.218306 - DEBUG : <-<- b'5/false'
2024-01-10 23:07:32.777364 - DEBUG : ---- Cannot find element. Retrying....  No retry in 30s   6.077406883239746s
2024-01-10 23:07:32.779915 - DEBUG : ->>> b'12/35\nclickElement//*[@id="main-news"]/div[1]/h2/a555'
2024-01-10 23:07:32.784920 - DEBUG : <-<- b'5/false'
2024-01-10 23:07:33.325883 - DEBUG : ---- Cannot find element. Retrying....  No retry in 30s   6.625925779342651s
2024-01-10 23:07:33.328447 - DEBUG : ->>> b'12/35\nclickElement//*[@id="main-news"]/div[1]/h2/a555'
2024-01-10 23:07:33.338459 - DEBUG : <-<- b'5/false'
2024-01-10 23:07:33.841403 - DEBUG : ---- Cannot find element. Retrying....  No retry in 30s   7.141446352005005s
2024-01-10 23:07:33.843407 - DEBUG : ->>> b'12/35\nclickElement//*[@id="main-news"]/div[1]/h2/a555'
2024-01-10 23:07:33.850406 - DEBUG : <-<- b'5/false'
2024-01-10 23:07:34.396111 - DEBUG : ---- Cannot find element. Retrying....  No retry in 30s   7.696153402328491s
2024-01-10 23:07:34.399108 - DEBUG : ->>> b'12/35\nclickElement//*[@id="main-news"]/div[1]/h2/a555'
2024-01-10 23:07:34.408101 - DEBUG : <-<- b'5/false'
2024-01-10 23:07:34.966642 - DEBUG : ---- Cannot find element. Retrying....  No retry in 30s   8.266684532165527s
2024-01-10 23:07:34.969640 - DEBUG : ->>> b'12/35\nclickElement//*[@id="main-news"]/div[1]/h2/a555'
2024-01-10 23:07:34.978645 - DEBUG : <-<- b'5/false'
2024-01-10 23:07:35.531766 - DEBUG : ---- Cannot find element. Retrying....  No retry in 30s   8.83180856704712s
2024-01-10 23:07:35.534780 - DEBUG : ->>> b'12/35\nclickElement//*[@id="main-news"]/div[1]/h2/a555'
2024-01-10 23:07:35.542778 - DEBUG : <-<- b'5/false'
2024-01-10 23:07:36.099995 - DEBUG : ---- Cannot find element. Retrying....  No retry in 30s   9.400037288665771s
2024-01-10 23:07:36.101966 - DEBUG : ->>> b'12/35\nclickElement//*[@id="main-news"]/div[1]/h2/a555'
2024-01-10 23:07:36.110966 - DEBUG : <-<- b'5/false'
2024-01-10 23:07:36.667585 - DEBUG : ---- Cannot find element. Retrying....  No retry in 30s   9.96762752532959s
2024-01-10 23:07:36.670594 - DEBUG : ->>> b'12/35\nclickElement//*[@id="main-news"]/div[1]/h2/a555'
2024-01-10 23:07:36.678593 - DEBUG : <-<- b'5/false'
2024-01-10 23:07:37.238035 - DEBUG : ---- Cannot find element. Retrying....  No retry in 30s   10.53807783126831s
2024-01-10 23:07:37.240566 - DEBUG : ->>> b'12/35\nclickElement//*[@id="main-news"]/div[1]/h2/a555'
2024-01-10 23:07:37.249571 - DEBUG : <-<- b'5/false'
2024-01-10 23:07:37.807726 - DEBUG : ---- Cannot find element. Retrying....  No retry in 30s   11.107768774032593s
2024-01-10 23:07:37.810718 - DEBUG : ->>> b'12/35\nclickElement//*[@id="main-news"]/div[1]/h2/a555'
2024-01-10 23:07:37.818715 - DEBUG : <-<- b'5/false'
2024-01-10 23:07:38.377968 - DEBUG : ---- Cannot find element. Retrying....  No retry in 30s   11.6780104637146s
2024-01-10 23:07:38.379968 - DEBUG : ->>> b'12/35\nclickElement//*[@id="main-news"]/div[1]/h2/a555'
2024-01-10 23:07:38.384966 - DEBUG : <-<- b'5/false'
2024-01-10 23:07:38.924394 - DEBUG : ---- Cannot find element. Retrying....  No retry in 30s   12.22443699836731s
2024-01-10 23:07:38.927006 - DEBUG : ->>> b'12/35\nclickElement//*[@id="main-news"]/div[1]/h2/a555'
2024-01-10 23:07:38.936011 - DEBUG : <-<- b'5/false'
2024-01-10 23:07:39.491731 - DEBUG : ---- Cannot find element. Retrying....  No retry in 30s   12.791773557662964s
2024-01-10 23:07:39.494711 - DEBUG : ->>> b'12/35\nclickElement//*[@id="main-news"]/div[1]/h2/a555'
2024-01-10 23:07:39.503710 - DEBUG : <-<- b'5/false'
2024-01-10 23:07:40.059962 - DEBUG : ---- Cannot find element. Retrying....  No retry in 30s   13.360004663467407s
2024-01-10 23:07:40.062945 - DEBUG : ->>> b'12/35\nclickElement//*[@id="main-news"]/div[1]/h2/a555'
2024-01-10 23:07:40.071934 - DEBUG : <-<- b'5/false'
2024-01-10 23:07:40.627828 - DEBUG : ---- Cannot find element. Retrying....  No retry in 30s   13.927870988845825s
2024-01-10 23:07:40.630822 - DEBUG : ->>> b'12/35\nclickElement//*[@id="main-news"]/div[1]/h2/a555'
2024-01-10 23:07:40.639824 - DEBUG : <-<- b'5/false'
2024-01-10 23:07:41.183168 - DEBUG : ---- Cannot find element. Retrying....  No retry in 30s   14.483211517333984s
2024-01-10 23:07:41.184167 - DEBUG : ->>> b'12/35\nclickElement//*[@id="main-news"]/div[1]/h2/a555'
2024-01-10 23:07:41.190169 - DEBUG : <-<- b'5/false'
2024-01-10 23:07:41.741275 - DEBUG : ---- Cannot find element. Retrying....  No retry in 30s   15.041317701339722s
2024-01-10 23:07:41.744144 - DEBUG : ->>> b'12/35\nclickElement//*[@id="main-news"]/div[1]/h2/a555'
2024-01-10 23:07:41.753154 - DEBUG : <-<- b'5/false'
2024-01-10 23:07:42.308157 - DEBUG : ---- Cannot find element. Retrying....  No retry in 30s   15.608199834823608s
2024-01-10 23:07:42.311165 - DEBUG : ->>> b'12/35\nclickElement//*[@id="main-news"]/div[1]/h2/a555'
2024-01-10 23:07:42.319162 - DEBUG : <-<- b'5/false'
2024-01-10 23:07:42.876439 - DEBUG : ---- Cannot find element. Retrying....  No retry in 30s   16.1764817237854s
2024-01-10 23:07:42.879453 - DEBUG : ->>> b'12/35\nclickElement//*[@id="main-news"]/div[1]/h2/a555'
2024-01-10 23:07:42.887444 - DEBUG : <-<- b'5/false'
2024-01-10 23:07:43.451926 - DEBUG : ---- Cannot find element. Retrying....  No retry in 30s   16.75196886062622s
2024-01-10 23:07:43.455011 - DEBUG : ->>> b'12/35\nclickElement//*[@id="main-news"]/div[1]/h2/a555'
2024-01-10 23:07:43.463933 - DEBUG : <-<- b'5/false'
2024-01-10 23:07:44.018618 - DEBUG : ---- Cannot find element. Retrying....  No retry in 30s   17.318660736083984s
2024-01-10 23:07:44.019621 - DEBUG : ->>> b'12/35\nclickElement//*[@id="main-news"]/div[1]/h2/a555'
2024-01-10 23:07:44.025616 - DEBUG : <-<- b'5/false'
2024-01-10 23:07:44.568727 - DEBUG : ---- Cannot find element. Retrying....  No retry in 30s   17.868770122528076s
2024-01-10 23:07:44.570736 - DEBUG : ->>> b'12/35\nclickElement//*[@id="main-news"]/div[1]/h2/a555'
2024-01-10 23:07:44.576734 - DEBUG : <-<- b'5/false'
2024-01-10 23:07:45.117817 - DEBUG : ---- Cannot find element. Retrying....  No retry in 30s   18.41786003112793s
2024-01-10 23:07:45.120808 - DEBUG : ->>> b'12/35\nclickElement//*[@id="main-news"]/div[1]/h2/a555'
2024-01-10 23:07:45.129817 - DEBUG : <-<- b'5/false'
2024-01-10 23:07:45.678220 - DEBUG : ---- Cannot find element. Retrying....  No retry in 30s   18.978262662887573s
2024-01-10 23:07:45.679216 - DEBUG : ->>> b'12/35\nclickElement//*[@id="main-news"]/div[1]/h2/a555'
2024-01-10 23:07:45.685217 - DEBUG : <-<- b'5/false'
2024-01-10 23:07:46.224958 - DEBUG : ---- Cannot find element. Retrying....  No retry in 30s   19.52500081062317s
2024-01-10 23:07:46.227968 - DEBUG : ->>> b'12/35\nclickElement//*[@id="main-news"]/div[1]/h2/a555'
2024-01-10 23:07:46.289066 - DEBUG : <-<- b'5/false'
2024-01-10 23:07:46.792588 - DEBUG : ---- Cannot find element. Retrying....  No retry in 30s   20.092631101608276s
2024-01-10 23:07:46.795561 - DEBUG : ->>> b'12/35\nclickElement//*[@id="main-news"]/div[1]/h2/a555'
2024-01-10 23:07:46.803564 - DEBUG : <-<- b'5/false'
2024-01-10 23:07:47.355783 - DEBUG : ---- Cannot find element. Retrying....  No retry in 30s   20.65582585334778s
2024-01-10 23:07:47.358762 - DEBUG : ->>> b'12/35\nclickElement//*[@id="main-news"]/div[1]/h2/a555'
2024-01-10 23:07:47.366759 - DEBUG : <-<- b'5/false'
2024-01-10 23:07:47.921758 - DEBUG : ---- Cannot find element. Retrying....  No retry in 30s   21.221800565719604s
2024-01-10 23:07:47.924724 - DEBUG : ->>> b'12/35\nclickElement//*[@id="main-news"]/div[1]/h2/a555'
2024-01-10 23:07:47.933713 - DEBUG : <-<- b'5/false'
2024-01-10 23:07:48.490487 - DEBUG : ---- Cannot find element. Retrying....  No retry in 30s   21.79052972793579s
2024-01-10 23:07:48.492488 - DEBUG : ->>> b'12/35\nclickElement//*[@id="main-news"]/div[1]/h2/a555'
2024-01-10 23:07:48.499487 - DEBUG : <-<- b'5/false'
2024-01-10 23:07:49.041806 - DEBUG : ---- Cannot find element. Retrying....  No retry in 30s   22.341848373413086s
2024-01-10 23:07:49.044310 - DEBUG : ->>> b'12/35\nclickElement//*[@id="main-news"]/div[1]/h2/a555'
2024-01-10 23:07:49.108297 - DEBUG : <-<- b'5/false'
2024-01-10 23:07:49.610905 - DEBUG : ---- Cannot find element. Retrying....  No retry in 30s   22.910948276519775s
2024-01-10 23:07:49.613920 - DEBUG : ->>> b'12/35\nclickElement//*[@id="main-news"]/div[1]/h2/a555'
2024-01-10 23:07:49.621918 - DEBUG : <-<- b'5/false'
2024-01-10 23:07:50.186457 - DEBUG : ---- Cannot find element. Retrying....  No retry in 30s   23.486500024795532s
2024-01-10 23:07:50.189475 - DEBUG : ->>> b'12/35\nclickElement//*[@id="main-news"]/div[1]/h2/a555'
2024-01-10 23:07:50.197469 - DEBUG : <-<- b'5/false'
2024-01-10 23:07:50.762161 - DEBUG : ---- Cannot find element. Retrying....  No retry in 30s   24.062204122543335s
2024-01-10 23:07:50.764686 - DEBUG : ->>> b'12/35\nclickElement//*[@id="main-news"]/div[1]/h2/a555'
2024-01-10 23:07:50.773690 - DEBUG : <-<- b'5/false'
2024-01-10 23:07:51.334967 - DEBUG : ---- Cannot find element. Retrying....  No retry in 30s   24.63500952720642s
2024-01-10 23:07:51.337697 - DEBUG : ->>> b'12/35\nclickElement//*[@id="main-news"]/div[1]/h2/a555'
2024-01-10 23:07:51.346701 - DEBUG : <-<- b'5/false'
2024-01-10 23:07:51.897660 - DEBUG : ---- Cannot find element. Retrying....  No retry in 30s   25.19770312309265s
2024-01-10 23:07:51.900640 - DEBUG : ->>> b'12/35\nclickElement//*[@id="main-news"]/div[1]/h2/a555'
2024-01-10 23:07:51.962617 - DEBUG : <-<- b'5/false'
2024-01-10 23:07:52.465517 - DEBUG : ---- Cannot find element. Retrying....  No retry in 30s   25.765559911727905s
2024-01-10 23:07:52.468531 - DEBUG : ->>> b'12/35\nclickElement//*[@id="main-news"]/div[1]/h2/a555'
2024-01-10 23:07:52.477518 - DEBUG : <-<- b'5/false'
2024-01-10 23:07:53.026678 - DEBUG : ---- Cannot find element. Retrying....  No retry in 30s   26.32672095298767s
2024-01-10 23:07:53.029696 - DEBUG : ->>> b'12/35\nclickElement//*[@id="main-news"]/div[1]/h2/a555'
2024-01-10 23:07:53.038695 - DEBUG : <-<- b'5/false'
2024-01-10 23:07:53.593420 - DEBUG : ---- Cannot find element. Retrying....  No retry in 30s   26.893463134765625s
2024-01-10 23:07:53.596423 - DEBUG : ->>> b'12/35\nclickElement//*[@id="main-news"]/div[1]/h2/a555'
2024-01-10 23:07:53.605422 - DEBUG : <-<- b'5/false'
2024-01-10 23:07:54.161749 - DEBUG : ---- Cannot find element. Retrying....  No retry in 30s   27.46179175376892s
2024-01-10 23:07:54.163756 - DEBUG : ->>> b'12/35\nclickElement//*[@id="main-news"]/div[1]/h2/a555'
2024-01-10 23:07:54.168758 - DEBUG : <-<- b'5/false'
2024-01-10 23:07:54.709853 - DEBUG : ---- Cannot find element. Retrying....  No retry in 30s   28.00989603996277s
2024-01-10 23:07:54.712325 - DEBUG : ->>> b'12/35\nclickElement//*[@id="main-news"]/div[1]/h2/a555'
2024-01-10 23:07:54.721330 - DEBUG : <-<- b'5/false'
2024-01-10 23:07:55.273884 - DEBUG : ---- Cannot find element. Retrying....  No retry in 30s   28.57392692565918s
2024-01-10 23:07:55.275892 - DEBUG : ->>> b'12/35\nclickElement//*[@id="main-news"]/div[1]/h2/a555'
2024-01-10 23:07:55.281889 - DEBUG : <-<- b'5/false'
2024-01-10 23:07:55.822093 - DEBUG : ---- Cannot find element. Retrying....  No retry in 30s   29.122135639190674s
2024-01-10 23:07:55.824096 - DEBUG : ->>> b'12/35\nclickElement//*[@id="main-news"]/div[1]/h2/a555'
2024-01-10 23:07:55.829094 - DEBUG : <-<- b'5/false'
2024-01-10 23:07:56.370969 - DEBUG : ---- Cannot find element. Retrying....  No retry in 30s   29.671011447906494s
2024-01-10 23:07:56.373453 - DEBUG : ->>> b'12/35\nclickElement//*[@id="main-news"]/div[1]/h2/a555'
2024-01-10 23:07:56.382457 - DEBUG : <-<- b'5/false'
2024-01-10 23:16:54.070459 - DEBUG : <-<- Client connection at 127.0.0.1: 55224
2024-01-10 23:16:54.072461 - DEBUG : ->>> b'4/18\ngotohttps://www.qq.com'
2024-01-10 23:16:56.333536 - DEBUG : <-<- b'4/true'
2024-01-10 23:16:59.336140 - DEBUG : ->>> b'7/21\nnewPagehttps://www.baidu.com'
2024-01-10 23:16:59.388095 - DEBUG : <-<- b'4/true'
2024-01-10 23:17:02.391229 - DEBUG : ->>> b'4/21\ngotohttps://www.baidu.com'
2024-01-10 23:17:02.729987 - DEBUG : <-<- b'4/true'
2024-01-10 23:17:05.731596 - DEBUG : ->>> b'4/18\ngotohttps://www.qq.com'
2024-01-10 23:17:09.121451 - DEBUG : <-<- b'4/true'
2024-01-10 23:17:12.123830 - DEBUG : ->>> b'12/35\nclickElement//*[@id="main-news"]/div[1]/h2/a555'
2024-01-10 23:17:12.129812 - DEBUG : <-<- b'5/false'
2024-01-10 23:17:12.131817 - DEBUG : ---- Start implicit wait
2024-01-10 23:17:12.132810 - DEBUG : ---- Cannot find element. Retrying....  No retry in 30s   0.0019805431365966797s
2024-01-10 23:17:12.134810 - DEBUG : ->>> b'12/35\nclickElement//*[@id="main-news"]/div[1]/h2/a555'
2024-01-10 23:17:12.138809 - DEBUG : <-<- b'5/false'
2024-01-10 23:17:12.641346 - DEBUG : ---- Cannot find element. Retrying....  No retry in 30s   0.5105159282684326s
2024-01-10 23:17:12.651343 - DEBUG : ->>> b'12/35\nclickElement//*[@id="main-news"]/div[1]/h2/a555'
2024-01-10 23:17:12.658349 - DEBUG : <-<- b'5/false'
2024-01-10 23:17:13.165178 - DEBUG : ---- Cannot find element. Retrying....  No retry in 30s   1.0343480110168457s
2024-01-10 23:17:13.166177 - DEBUG : ->>> b'12/35\nclickElement//*[@id="main-news"]/div[1]/h2/a555'
2024-01-10 23:17:13.237156 - DEBUG : <-<- b'5/false'
2024-01-10 23:17:13.802973 - DEBUG : ---- Cannot find element. Retrying....  No retry in 30s   1.6721434593200684s
2024-01-10 23:17:13.806972 - DEBUG : ->>> b'12/35\nclickElement//*[@id="main-news"]/div[1]/h2/a555'
2024-01-10 23:17:13.872952 - DEBUG : <-<- b'5/false'
2024-01-10 23:17:14.434304 - DEBUG : ---- Cannot find element. Retrying....  No retry in 30s   2.303473949432373s
2024-01-10 23:17:14.435299 - DEBUG : ->>> b'12/35\nclickElement//*[@id="main-news"]/div[1]/h2/a555'
2024-01-10 23:17:14.440301 - DEBUG : <-<- b'5/false'
2024-01-10 23:17:14.975266 - DEBUG : ---- Cannot find element. Retrying....  No retry in 30s   2.8444361686706543s
2024-01-10 23:17:14.978258 - DEBUG : ->>> b'12/35\nclickElement//*[@id="main-news"]/div[1]/h2/a555'
2024-01-10 23:17:14.988257 - DEBUG : <-<- b'5/false'
2024-01-10 23:17:15.541469 - DEBUG : ---- Cannot find element. Retrying....  No retry in 30s   3.410639524459839s
2024-01-10 23:17:15.544480 - DEBUG : ->>> b'12/35\nclickElement//*[@id="main-news"]/div[1]/h2/a555'
2024-01-10 23:17:15.603459 - DEBUG : <-<- b'5/false'
2024-01-10 23:17:16.106247 - DEBUG : ---- Cannot find element. Retrying....  No retry in 30s   3.975417375564575s
2024-01-10 23:17:16.109246 - DEBUG : ->>> b'12/35\nclickElement//*[@id="main-news"]/div[1]/h2/a555'
2024-01-10 23:17:16.118245 - DEBUG : <-<- b'5/false'
2024-01-10 23:17:16.665316 - DEBUG : ---- Cannot find element. Retrying....  No retry in 30s   4.534485816955566s
2024-01-10 23:17:16.666324 - DEBUG : ->>> b'12/35\nclickElement//*[@id="main-news"]/div[1]/h2/a555'
2024-01-10 23:17:16.672321 - DEBUG : <-<- b'5/false'
2024-01-10 23:17:17.217467 - DEBUG : ---- Cannot find element. Retrying....  No retry in 30s   5.086637020111084s
2024-01-10 23:17:17.219476 - DEBUG : ->>> b'12/35\nclickElement//*[@id="main-news"]/div[1]/h2/a555'
2024-01-10 23:17:17.225474 - DEBUG : <-<- b'5/false'
2024-01-10 23:17:17.773282 - DEBUG : ---- Cannot find element. Retrying....  No retry in 30s   5.642451763153076s
2024-01-10 23:17:17.775296 - DEBUG : ->>> b'12/35\nclickElement//*[@id="main-news"]/div[1]/h2/a555'
2024-01-10 23:17:17.781284 - DEBUG : <-<- b'5/false'
2024-01-10 23:17:18.321452 - DEBUG : ---- Cannot find element. Retrying....  No retry in 30s   6.190622329711914s
2024-01-10 23:17:18.324430 - DEBUG : ->>> b'12/35\nclickElement//*[@id="main-news"]/div[1]/h2/a555'
2024-01-10 23:17:18.335427 - DEBUG : <-<- b'5/false'
2024-01-10 23:17:18.886397 - DEBUG : ---- Cannot find element. Retrying....  No retry in 30s   6.755567312240601s
2024-01-10 23:17:18.889397 - DEBUG : ->>> b'12/35\nclickElement//*[@id="main-news"]/div[1]/h2/a555'
2024-01-10 23:17:18.910391 - DEBUG : <-<- b'5/false'
2024-01-10 23:17:19.479207 - DEBUG : ---- Cannot find element. Retrying....  No retry in 30s   7.348377227783203s
2024-01-10 23:17:19.481208 - DEBUG : ->>> b'12/35\nclickElement//*[@id="main-news"]/div[1]/h2/a555'
2024-01-10 23:17:19.487206 - DEBUG : <-<- b'5/false'
2024-01-10 23:17:20.047025 - DEBUG : ---- Cannot find element. Retrying....  No retry in 30s   7.916195392608643s
2024-01-10 23:17:20.049025 - DEBUG : ->>> b'12/35\nclickElement//*[@id="main-news"]/div[1]/h2/a555'
2024-01-10 23:17:20.060022 - DEBUG : <-<- b'5/false'
2024-01-10 23:17:20.619844 - DEBUG : ---- Cannot find element. Retrying....  No retry in 30s   8.489014387130737s
2024-01-10 23:17:20.620842 - DEBUG : ->>> b'12/35\nclickElement//*[@id="main-news"]/div[1]/h2/a555'
2024-01-10 23:17:20.626841 - DEBUG : <-<- b'5/false'
2024-01-10 23:17:21.196374 - DEBUG : ---- Cannot find element. Retrying....  No retry in 30s   9.065544605255127s
2024-01-10 23:17:21.197375 - DEBUG : ->>> b'12/35\nclickElement//*[@id="main-news"]/div[1]/h2/a555'
2024-01-10 23:17:21.202374 - DEBUG : <-<- b'5/false'
2024-01-10 23:17:21.741255 - DEBUG : ---- Cannot find element. Retrying....  No retry in 30s   9.610424995422363s
2024-01-10 23:17:21.743256 - DEBUG : ->>> b'12/35\nclickElement//*[@id="main-news"]/div[1]/h2/a555'
2024-01-10 23:17:21.751260 - DEBUG : <-<- b'5/false'
2024-01-10 23:17:22.300995 - DEBUG : ---- Cannot find element. Retrying....  No retry in 30s   10.170164823532104s
2024-01-10 23:17:22.303593 - DEBUG : ->>> b'12/35\nclickElement//*[@id="main-news"]/div[1]/h2/a555'
2024-01-10 23:17:22.311598 - DEBUG : <-<- b'5/false'
2024-01-10 23:17:22.868969 - DEBUG : ---- Cannot find element. Retrying....  No retry in 30s   10.738138914108276s
2024-01-10 23:17:22.871476 - DEBUG : ->>> b'12/35\nclickElement//*[@id="main-news"]/div[1]/h2/a555'
2024-01-10 23:17:22.882488 - DEBUG : <-<- b'5/false'
2024-01-10 23:17:23.436706 - DEBUG : ---- Cannot find element. Retrying....  No retry in 30s   11.305876016616821s
2024-01-10 23:17:23.439715 - DEBUG : ->>> b'12/35\nclickElement//*[@id="main-news"]/div[1]/h2/a555'
2024-01-10 23:17:23.511692 - DEBUG : <-<- b'5/false'
2024-01-10 23:17:24.056720 - DEBUG : ---- Cannot find element. Retrying....  No retry in 30s   11.92589020729065s
2024-01-10 23:17:24.059228 - DEBUG : ->>> b'12/35\nclickElement//*[@id="main-news"]/div[1]/h2/a555'
2024-01-10 23:17:24.068232 - DEBUG : <-<- b'5/false'
2024-01-10 23:17:24.618098 - DEBUG : ---- Cannot find element. Retrying....  No retry in 30s   12.487268686294556s
2024-01-10 23:17:24.621099 - DEBUG : ->>> b'12/35\nclickElement//*[@id="main-news"]/div[1]/h2/a555'
2024-01-10 23:17:24.629096 - DEBUG : <-<- b'5/false'
2024-01-10 23:17:25.183790 - DEBUG : ---- Cannot find element. Retrying....  No retry in 30s   13.052959680557251s
2024-01-10 23:17:25.186797 - DEBUG : ->>> b'12/35\nclickElement//*[@id="main-news"]/div[1]/h2/a555'
2024-01-10 23:17:25.195802 - DEBUG : <-<- b'5/false'
2024-01-10 23:17:25.750619 - DEBUG : ---- Cannot find element. Retrying....  No retry in 30s   13.619789600372314s
2024-01-10 23:17:25.753620 - DEBUG : ->>> b'12/35\nclickElement//*[@id="main-news"]/div[1]/h2/a555'
2024-01-10 23:17:25.762616 - DEBUG : <-<- b'5/false'
2024-01-10 23:17:26.311205 - DEBUG : ---- Cannot find element. Retrying....  No retry in 30s   14.18037486076355s
2024-01-10 23:17:26.314222 - DEBUG : ->>> b'12/35\nclickElement//*[@id="main-news"]/div[1]/h2/a555'
2024-01-10 23:17:26.321213 - DEBUG : <-<- b'5/false'
2024-01-10 23:17:26.867287 - DEBUG : ---- Cannot find element. Retrying....  No retry in 30s   14.736457586288452s
2024-01-10 23:17:26.868902 - DEBUG : ->>> b'12/35\nclickElement//*[@id="main-news"]/div[1]/h2/a555'
2024-01-10 23:17:26.874905 - DEBUG : <-<- b'5/false'
2024-01-10 23:17:27.418083 - DEBUG : ---- Cannot find element. Retrying....  No retry in 30s   15.28725290298462s
2024-01-10 23:17:27.421058 - DEBUG : ->>> b'12/35\nclickElement//*[@id="main-news"]/div[1]/h2/a555'
2024-01-10 23:17:27.430055 - DEBUG : <-<- b'5/false'
2024-01-10 23:17:27.978971 - DEBUG : ---- Cannot find element. Retrying....  No retry in 30s   15.848141193389893s
2024-01-10 23:17:27.981437 - DEBUG : ->>> b'12/35\nclickElement//*[@id="main-news"]/div[1]/h2/a555'
2024-01-10 23:17:27.990441 - DEBUG : <-<- b'5/false'
2024-01-10 23:17:28.542542 - DEBUG : ---- Cannot find element. Retrying....  No retry in 30s   16.411712408065796s
2024-01-10 23:17:28.545551 - DEBUG : ->>> b'12/35\nclickElement//*[@id="main-news"]/div[1]/h2/a555'
2024-01-10 23:17:28.554561 - DEBUG : <-<- b'5/false'
2024-01-10 23:17:29.114302 - DEBUG : ---- Cannot find element. Retrying....  No retry in 30s   16.9834725856781s
2024-01-10 23:17:29.116962 - DEBUG : ->>> b'12/35\nclickElement//*[@id="main-news"]/div[1]/h2/a555'
2024-01-10 23:17:29.125965 - DEBUG : <-<- b'5/false'
2024-01-10 23:17:29.679659 - DEBUG : ---- Cannot find element. Retrying....  No retry in 30s   17.548828601837158s
2024-01-10 23:17:29.681675 - DEBUG : ->>> b'12/35\nclickElement//*[@id="main-news"]/div[1]/h2/a555'
2024-01-10 23:17:29.687668 - DEBUG : <-<- b'5/false'
2024-01-10 23:17:30.242863 - DEBUG : ---- Cannot find element. Retrying....  No retry in 30s   18.112033367156982s
2024-01-10 23:17:30.244851 - DEBUG : ->>> b'12/35\nclickElement//*[@id="main-news"]/div[1]/h2/a555'
2024-01-10 23:17:30.249840 - DEBUG : <-<- b'5/false'
2024-01-10 23:17:30.805263 - DEBUG : ---- Cannot find element. Retrying....  No retry in 30s   18.6744327545166s
2024-01-10 23:17:30.819258 - DEBUG : ->>> b'12/35\nclickElement//*[@id="main-news"]/div[1]/h2/a555'
2024-01-10 23:17:30.908229 - DEBUG : <-<- b'5/false'
2024-01-10 23:17:31.478047 - DEBUG : ---- Cannot find element. Retrying....  No retry in 30s   19.347217082977295s
2024-01-10 23:17:31.480047 - DEBUG : ->>> b'12/35\nclickElement//*[@id="main-news"]/div[1]/h2/a555'
2024-01-10 23:17:31.488044 - DEBUG : <-<- b'5/false'
2024-01-10 23:17:32.052863 - DEBUG : ---- Cannot find element. Retrying....  No retry in 30s   19.922032833099365s
2024-01-10 23:17:32.054862 - DEBUG : ->>> b'12/35\nclickElement//*[@id="main-news"]/div[1]/h2/a555'
2024-01-10 23:17:32.060861 - DEBUG : <-<- b'5/false'
2024-01-10 23:17:32.627679 - DEBUG : ---- Cannot find element. Retrying....  No retry in 30s   20.496849060058594s
2024-01-10 23:17:32.628678 - DEBUG : ->>> b'12/35\nclickElement//*[@id="main-news"]/div[1]/h2/a555'
2024-01-10 23:17:32.635676 - DEBUG : <-<- b'5/false'
2024-01-10 23:17:33.203912 - DEBUG : ---- Cannot find element. Retrying....  No retry in 30s   21.073082447052002s
2024-01-10 23:17:33.205912 - DEBUG : ->>> b'12/35\nclickElement//*[@id="main-news"]/div[1]/h2/a555'
2024-01-10 23:17:33.209910 - DEBUG : <-<- b'5/false'
2024-01-10 23:17:33.757117 - DEBUG : ---- Cannot find element. Retrying....  No retry in 30s   21.62628722190857s
2024-01-10 23:17:33.759605 - DEBUG : ->>> b'12/35\nclickElement//*[@id="main-news"]/div[1]/h2/a555'
2024-01-10 23:17:33.768610 - DEBUG : <-<- b'5/false'
2024-01-10 23:17:34.326078 - DEBUG : ---- Cannot find element. Retrying....  No retry in 30s   22.195247888565063s
2024-01-10 23:17:34.329056 - DEBUG : ->>> b'12/35\nclickElement//*[@id="main-news"]/div[1]/h2/a555'
2024-01-10 23:17:34.337052 - DEBUG : <-<- b'5/false'
2024-01-10 23:17:34.896079 - DEBUG : ---- Cannot find element. Retrying....  No retry in 30s   22.765249252319336s
2024-01-10 23:17:34.899095 - DEBUG : ->>> b'12/35\nclickElement//*[@id="main-news"]/div[1]/h2/a555'
2024-01-10 23:17:34.907088 - DEBUG : <-<- b'5/false'
2024-01-10 23:17:35.477433 - DEBUG : ---- Cannot find element. Retrying....  No retry in 30s   23.346603393554688s
2024-01-10 23:17:35.480440 - DEBUG : ->>> b'12/35\nclickElement//*[@id="main-news"]/div[1]/h2/a555'
2024-01-10 23:17:35.489435 - DEBUG : <-<- b'5/false'
2024-01-10 23:17:36.043873 - DEBUG : ---- Cannot find element. Retrying....  No retry in 30s   23.91304302215576s
2024-01-10 23:17:36.046355 - DEBUG : ->>> b'12/35\nclickElement//*[@id="main-news"]/div[1]/h2/a555'
2024-01-10 23:17:36.055359 - DEBUG : <-<- b'5/false'
2024-01-10 23:17:36.639588 - DEBUG : ---- Cannot find element. Retrying....  No retry in 30s   24.508757829666138s
2024-01-10 23:17:36.641588 - DEBUG : ->>> b'12/35\nclickElement//*[@id="main-news"]/div[1]/h2/a555'
2024-01-10 23:17:36.649585 - DEBUG : <-<- b'5/false'
2024-01-10 23:17:37.217402 - DEBUG : ---- Cannot find element. Retrying....  No retry in 30s   25.086572647094727s
2024-01-10 23:17:37.219402 - DEBUG : ->>> b'12/35\nclickElement//*[@id="main-news"]/div[1]/h2/a555'
2024-01-10 23:17:37.230399 - DEBUG : <-<- b'5/false'
2024-01-10 23:17:37.784221 - DEBUG : ---- Cannot find element. Retrying....  No retry in 30s   25.653391122817993s
2024-01-10 23:17:37.788220 - DEBUG : ->>> b'12/35\nclickElement//*[@id="main-news"]/div[1]/h2/a555'
2024-01-10 23:17:37.862196 - DEBUG : <-<- b'5/false'
2024-01-10 23:17:38.364037 - DEBUG : ---- Cannot find element. Retrying....  No retry in 30s   26.233206748962402s
2024-01-10 23:17:38.367036 - DEBUG : ->>> b'12/35\nclickElement//*[@id="main-news"]/div[1]/h2/a555'
2024-01-10 23:17:38.471001 - DEBUG : <-<- b'5/false'
2024-01-10 23:17:39.023824 - DEBUG : ---- Cannot find element. Retrying....  No retry in 30s   26.89299440383911s
2024-01-10 23:17:39.025823 - DEBUG : ->>> b'12/35\nclickElement//*[@id="main-news"]/div[1]/h2/a555'
2024-01-10 23:17:39.031821 - DEBUG : <-<- b'5/false'
2024-01-10 23:17:39.597640 - DEBUG : ---- Cannot find element. Retrying....  No retry in 30s   27.46680998802185s
2024-01-10 23:17:39.598639 - DEBUG : ->>> b'12/35\nclickElement//*[@id="main-news"]/div[1]/h2/a555'
2024-01-10 23:17:39.616634 - DEBUG : <-<- b'5/false'
2024-01-10 23:17:40.149197 - DEBUG : ---- Cannot find element. Retrying....  No retry in 30s   28.018367528915405s
2024-01-10 23:17:40.152197 - DEBUG : ->>> b'12/35\nclickElement//*[@id="main-news"]/div[1]/h2/a555'
2024-01-10 23:17:40.161187 - DEBUG : <-<- b'5/false'
2024-01-10 23:17:40.717864 - DEBUG : ---- Cannot find element. Retrying....  No retry in 30s   28.587034463882446s
2024-01-10 23:17:40.719596 - DEBUG : ->>> b'12/35\nclickElement//*[@id="main-news"]/div[1]/h2/a555'
2024-01-10 23:17:40.727601 - DEBUG : <-<- b'5/false'
2024-01-10 23:17:41.284658 - DEBUG : ---- Cannot find element. Retrying....  No retry in 30s   29.153827667236328s
2024-01-10 23:17:41.287112 - DEBUG : ->>> b'12/35\nclickElement//*[@id="main-news"]/div[1]/h2/a555'
2024-01-10 23:17:41.296116 - DEBUG : <-<- b'5/false'
2024-01-10 23:17:41.857034 - DEBUG : ---- Cannot find element. Retrying....  No retry in 30s   29.72620439529419s
2024-01-10 23:17:41.860026 - DEBUG : ->>> b'12/35\nclickElement//*[@id="main-news"]/div[1]/h2/a555'
2024-01-10 23:17:41.869032 - DEBUG : <-<- b'5/false'
2024-01-10 23:18:43.671907 - DEBUG : <-<- Client connection at 127.0.0.1: 55422
2024-01-10 23:18:43.673899 - DEBUG : ->>> b'4/18\ngotohttps://www.qq.com'
2024-01-10 23:18:45.385661 - DEBUG : <-<- b'4/true'
2024-01-10 23:18:48.388282 - DEBUG : ->>> b'7/21\nnewPagehttps://www.baidu.com'
2024-01-10 23:18:48.428266 - DEBUG : <-<- b'4/true'
2024-01-10 23:18:51.430709 - DEBUG : ->>> b'4/21\ngotohttps://www.baidu.com'
2024-01-10 23:18:51.793410 - DEBUG : <-<- b'4/true'
2024-01-10 23:18:54.795261 - DEBUG : ->>> b'4/18\ngotohttps://www.qq.com'
2024-01-10 23:18:56.745533 - DEBUG : <-<- b'4/true'
2024-01-10 23:18:59.747570 - DEBUG : ->>> b'12/35\nclickElement//*[@id="main-news"]/div[1]/h2/a555'
2024-01-10 23:18:59.754568 - DEBUG : <-<- b'5/false'
2024-01-10 23:18:59.756567 - DEBUG : ---- Start implicit wait
2024-01-10 23:18:59.757567 - DEBUG : ---- Cannot find element. Retrying....  No retry in 30s   0.0010004043579101562s
2024-01-10 23:18:59.758566 - DEBUG : ->>> b'12/35\nclickElement//*[@id="main-news"]/div[1]/h2/a555'
2024-01-10 23:18:59.765564 - DEBUG : <-<- b'5/false'
2024-01-10 23:19:00.267350 - DEBUG : ---- Cannot find element. Retrying....  No retry in 30s   0.5107836723327637s
2024-01-10 23:19:00.269359 - DEBUG : ->>> b'12/35\nclickElement//*[@id="main-news"]/div[1]/h2/a555'
2024-01-10 23:19:00.277358 - DEBUG : <-<- b'5/false'
2024-01-10 23:19:00.785839 - DEBUG : ---- Cannot find element. Retrying....  No retry in 30s   1.0292723178863525s
2024-01-10 23:19:00.788817 - DEBUG : ->>> b'12/35\nclickElement//*[@id="main-news"]/div[1]/h2/a555'
2024-01-10 23:19:00.797813 - DEBUG : <-<- b'5/false'
2024-01-10 23:19:01.352638 - DEBUG : ---- Cannot find element. Retrying....  No retry in 30s   1.5960712432861328s
2024-01-10 23:19:01.354656 - DEBUG : ->>> b'12/35\nclickElement//*[@id="main-news"]/div[1]/h2/a555'
2024-01-10 23:19:01.359643 - DEBUG : <-<- b'5/false'
2024-01-10 23:19:01.900787 - DEBUG : ---- Cannot find element. Retrying....  No retry in 30s   2.1442201137542725s
2024-01-10 23:19:01.903795 - DEBUG : ->>> b'12/35\nclickElement//*[@id="main-news"]/div[1]/h2/a555'
2024-01-10 23:19:01.912789 - DEBUG : <-<- b'5/false'
2024-01-10 23:19:02.466455 - DEBUG : ---- Cannot find element. Retrying....  No retry in 30s   2.7098886966705322s
2024-01-10 23:19:02.468965 - DEBUG : ->>> b'12/35\nclickElement//*[@id="main-news"]/div[1]/h2/a555'
2024-01-10 23:19:02.477969 - DEBUG : <-<- b'5/false'
2024-01-10 23:19:03.036408 - DEBUG : ---- Cannot find element. Retrying....  No retry in 30s   3.279841423034668s
2024-01-10 23:19:03.039407 - DEBUG : ->>> b'12/35\nclickElement//*[@id="main-news"]/div[1]/h2/a555'
2024-01-10 23:19:03.107380 - DEBUG : <-<- b'5/false'
2024-01-10 23:19:03.610508 - DEBUG : ---- Cannot find element. Retrying....  No retry in 30s   3.8539414405822754s
2024-01-10 23:19:03.612735 - DEBUG : ->>> b'12/35\nclickElement//*[@id="main-news"]/div[1]/h2/a555'
2024-01-10 23:19:03.620739 - DEBUG : <-<- b'5/false'
2024-01-10 23:19:04.180260 - DEBUG : ---- Cannot find element. Retrying....  No retry in 30s   4.423693656921387s
2024-01-10 23:19:04.183234 - DEBUG : ->>> b'12/35\nclickElement//*[@id="main-news"]/div[1]/h2/a555'
2024-01-10 23:19:04.192244 - DEBUG : <-<- b'5/false'
2024-01-10 23:19:04.749540 - DEBUG : ---- Cannot find element. Retrying....  No retry in 30s   4.99297308921814s
2024-01-10 23:19:04.751556 - DEBUG : ->>> b'12/35\nclickElement//*[@id="main-news"]/div[1]/h2/a555'
2024-01-10 23:19:04.756547 - DEBUG : <-<- b'5/false'
2024-01-10 23:19:05.302070 - DEBUG : ---- Cannot find element. Retrying....  No retry in 30s   5.5455029010772705s
2024-01-10 23:19:05.305078 - DEBUG : ->>> b'12/35\nclickElement//*[@id="main-news"]/div[1]/h2/a555'
2024-01-10 23:19:05.371054 - DEBUG : <-<- b'5/false'
2024-01-10 23:19:05.874045 - DEBUG : ---- Cannot find element. Retrying....  No retry in 30s   6.117478847503662s
2024-01-10 23:19:05.877020 - DEBUG : ->>> b'12/35\nclickElement//*[@id="main-news"]/div[1]/h2/a555'
2024-01-10 23:19:05.885017 - DEBUG : <-<- b'5/false'
2024-01-10 23:19:06.449354 - DEBUG : ---- Cannot find element. Retrying....  No retry in 30s   6.692787408828735s
2024-01-10 23:19:06.452328 - DEBUG : ->>> b'12/35\nclickElement//*[@id="main-news"]/div[1]/h2/a555'
2024-01-10 23:19:06.511324 - DEBUG : <-<- b'5/false'
2024-01-10 23:19:07.062244 - DEBUG : ---- Cannot find element. Retrying....  No retry in 30s   7.305677652359009s
2024-01-10 23:19:07.064729 - DEBUG : ->>> b'12/35\nclickElement//*[@id="main-news"]/div[1]/h2/a555'
2024-01-10 23:19:07.074733 - DEBUG : <-<- b'5/false'
2024-01-10 23:19:07.629247 - DEBUG : ---- Cannot find element. Retrying....  No retry in 30s   7.872680187225342s
2024-01-10 23:19:07.632238 - DEBUG : ->>> b'12/35\nclickElement//*[@id="main-news"]/div[1]/h2/a555'
2024-01-10 23:19:07.640235 - DEBUG : <-<- b'5/false'
2024-01-10 23:19:08.197513 - DEBUG : ---- Cannot find element. Retrying....  No retry in 30s   8.440945863723755s
2024-01-10 23:19:08.200508 - DEBUG : ->>> b'12/35\nclickElement//*[@id="main-news"]/div[1]/h2/a555'
2024-01-10 23:19:08.208515 - DEBUG : <-<- b'5/false'
2024-01-10 23:19:08.758272 - DEBUG : ---- Cannot find element. Retrying....  No retry in 30s   9.001704931259155s
2024-01-10 23:19:08.761276 - DEBUG : ->>> b'12/35\nclickElement//*[@id="main-news"]/div[1]/h2/a555'
2024-01-10 23:19:08.770277 - DEBUG : <-<- b'5/false'
2024-01-10 23:19:09.318111 - DEBUG : ---- Cannot find element. Retrying....  No retry in 30s   9.561544179916382s
2024-01-10 23:19:09.321086 - DEBUG : ->>> b'12/35\nclickElement//*[@id="main-news"]/div[1]/h2/a555'
2024-01-10 23:19:09.330080 - DEBUG : <-<- b'5/false'
2024-01-10 23:19:09.881719 - DEBUG : ---- Cannot find element. Retrying....  No retry in 30s   10.125152349472046s
2024-01-10 23:19:09.884697 - DEBUG : ->>> b'12/35\nclickElement//*[@id="main-news"]/div[1]/h2/a555'
2024-01-10 23:19:09.893698 - DEBUG : <-<- b'5/false'
2024-01-10 23:19:10.463808 - DEBUG : ---- Cannot find element. Retrying....  No retry in 30s   10.707241296768188s
2024-01-10 23:19:10.466274 - DEBUG : ->>> b'12/35\nclickElement//*[@id="main-news"]/div[1]/h2/a555'
2024-01-10 23:19:10.476278 - DEBUG : <-<- b'5/false'
2024-01-10 23:19:11.025369 - DEBUG : ---- Cannot find element. Retrying....  No retry in 30s   11.268802642822266s
2024-01-10 23:19:11.027643 - DEBUG : ->>> b'12/35\nclickElement//*[@id="main-news"]/div[1]/h2/a555'
2024-01-10 23:19:11.032647 - DEBUG : <-<- b'5/false'
2024-01-10 23:19:11.575822 - DEBUG : ---- Cannot find element. Retrying....  No retry in 30s   11.819255590438843s
2024-01-10 23:19:11.578287 - DEBUG : ->>> b'12/35\nclickElement//*[@id="main-news"]/div[1]/h2/a555'
2024-01-10 23:19:11.587291 - DEBUG : <-<- b'5/false'
2024-01-10 23:19:12.135945 - DEBUG : ---- Cannot find element. Retrying....  No retry in 30s   12.379378318786621s
2024-01-10 23:19:12.138459 - DEBUG : ->>> b'12/35\nclickElement//*[@id="main-news"]/div[1]/h2/a555'
2024-01-10 23:19:12.149462 - DEBUG : <-<- b'5/false'
2024-01-10 23:19:12.701455 - DEBUG : ---- Cannot find element. Retrying....  No retry in 30s   12.944888591766357s
2024-01-10 23:19:12.704467 - DEBUG : ->>> b'12/35\nclickElement//*[@id="main-news"]/div[1]/h2/a555'
2024-01-10 23:19:12.712459 - DEBUG : <-<- b'5/false'
2024-01-10 23:19:13.269546 - DEBUG : ---- Cannot find element. Retrying....  No retry in 30s   13.512979507446289s
2024-01-10 23:19:13.272083 - DEBUG : ->>> b'12/35\nclickElement//*[@id="main-news"]/div[1]/h2/a555'
2024-01-10 23:19:13.281089 - DEBUG : <-<- b'5/false'
2024-01-10 23:19:13.838734 - DEBUG : ---- Cannot find element. Retrying....  No retry in 30s   14.082167148590088s
2024-01-10 23:19:13.841739 - DEBUG : ->>> b'12/35\nclickElement//*[@id="main-news"]/div[1]/h2/a555'
2024-01-10 23:19:13.850735 - DEBUG : <-<- b'5/false'
2024-01-10 23:19:14.394511 - DEBUG : ---- Cannot find element. Retrying....  No retry in 30s   14.637944459915161s
2024-01-10 23:19:14.397502 - DEBUG : ->>> b'12/35\nclickElement//*[@id="main-news"]/div[1]/h2/a555'
2024-01-10 23:19:14.408490 - DEBUG : <-<- b'5/false'
2024-01-10 23:19:14.966996 - DEBUG : ---- Cannot find element. Retrying....  No retry in 30s   15.210429668426514s
2024-01-10 23:19:14.967988 - DEBUG : ->>> b'12/35\nclickElement//*[@id="main-news"]/div[1]/h2/a555'
2024-01-10 23:19:14.973989 - DEBUG : <-<- b'5/false'
2024-01-10 23:19:15.533650 - DEBUG : ---- Cannot find element. Retrying....  No retry in 30s   15.777083396911621s
2024-01-10 23:19:15.565640 - DEBUG : ->>> b'12/35\nclickElement//*[@id="main-news"]/div[1]/h2/a555'
2024-01-10 23:19:15.643616 - DEBUG : <-<- b'5/false'
2024-01-10 23:19:16.212433 - DEBUG : ---- Cannot find element. Retrying....  No retry in 30s   16.45586633682251s
2024-01-10 23:19:16.213432 - DEBUG : ->>> b'12/35\nclickElement//*[@id="main-news"]/div[1]/h2/a555'
2024-01-10 23:19:16.219431 - DEBUG : <-<- b'5/false'
2024-01-10 23:19:16.780251 - DEBUG : ---- Cannot find element. Retrying....  No retry in 30s   17.02368402481079s
2024-01-10 23:19:16.781250 - DEBUG : ->>> b'12/35\nclickElement//*[@id="main-news"]/div[1]/h2/a555'
2024-01-10 23:19:16.788248 - DEBUG : <-<- b'5/false'
2024-01-10 23:19:17.352067 - DEBUG : ---- Cannot find element. Retrying....  No retry in 30s   17.595500230789185s
2024-01-10 23:19:17.353067 - DEBUG : ->>> b'12/35\nclickElement//*[@id="main-news"]/div[1]/h2/a555'
2024-01-10 23:19:17.359066 - DEBUG : <-<- b'5/false'
2024-01-10 23:19:17.921905 - DEBUG : ---- Cannot find element. Retrying....  No retry in 30s   18.16533875465393s
2024-01-10 23:19:17.923920 - DEBUG : ->>> b'12/35\nclickElement//*[@id="main-news"]/div[1]/h2/a555'
2024-01-10 23:19:17.931909 - DEBUG : <-<- b'5/false'
2024-01-10 23:19:18.483586 - DEBUG : ---- Cannot find element. Retrying....  No retry in 30s   18.72701930999756s
2024-01-10 23:19:18.485302 - DEBUG : ->>> b'12/35\nclickElement//*[@id="main-news"]/div[1]/h2/a555'
2024-01-10 23:19:18.492308 - DEBUG : <-<- b'5/false'
2024-01-10 23:19:19.038399 - DEBUG : ---- Cannot find element. Retrying....  No retry in 30s   19.281832456588745s
2024-01-10 23:19:19.040889 - DEBUG : ->>> b'12/35\nclickElement//*[@id="main-news"]/div[1]/h2/a555'
2024-01-10 23:19:19.051891 - DEBUG : <-<- b'5/false'
2024-01-10 23:19:19.602388 - DEBUG : ---- Cannot find element. Retrying....  No retry in 30s   19.845821380615234s
2024-01-10 23:19:19.605361 - DEBUG : ->>> b'12/35\nclickElement//*[@id="main-news"]/div[1]/h2/a555'
2024-01-10 23:19:19.614355 - DEBUG : <-<- b'5/false'
2024-01-10 23:19:20.168974 - DEBUG : ---- Cannot find element. Retrying....  No retry in 30s   20.412407875061035s
2024-01-10 23:19:20.171990 - DEBUG : ->>> b'12/35\nclickElement//*[@id="main-news"]/div[1]/h2/a555'
2024-01-10 23:19:20.181985 - DEBUG : <-<- b'5/false'
2024-01-10 23:19:20.738030 - DEBUG : ---- Cannot find element. Retrying....  No retry in 30s   20.981463193893433s
2024-01-10 23:19:20.739664 - DEBUG : ->>> b'12/35\nclickElement//*[@id="main-news"]/div[1]/h2/a555'
2024-01-10 23:19:20.744667 - DEBUG : <-<- b'5/false'
2024-01-10 23:19:21.291955 - DEBUG : ---- Cannot find element. Retrying....  No retry in 30s   21.535388231277466s
2024-01-10 23:19:21.293971 - DEBUG : ->>> b'12/35\nclickElement//*[@id="main-news"]/div[1]/h2/a555'
2024-01-10 23:19:21.300963 - DEBUG : <-<- b'5/false'
2024-01-10 23:19:21.851159 - DEBUG : ---- Cannot find element. Retrying....  No retry in 30s   22.094592809677124s
2024-01-10 23:19:21.853608 - DEBUG : ->>> b'12/35\nclickElement//*[@id="main-news"]/div[1]/h2/a555'
2024-01-10 23:19:21.859612 - DEBUG : <-<- b'5/false'
2024-01-10 23:19:22.399064 - DEBUG : ---- Cannot find element. Retrying....  No retry in 30s   22.642497301101685s
2024-01-10 23:19:22.402046 - DEBUG : ->>> b'12/35\nclickElement//*[@id="main-news"]/div[1]/h2/a555'
2024-01-10 23:19:22.410043 - DEBUG : <-<- b'5/false'
2024-01-10 23:19:22.962919 - DEBUG : ---- Cannot find element. Retrying....  No retry in 30s   23.206352949142456s
2024-01-10 23:19:22.965927 - DEBUG : ->>> b'12/35\nclickElement//*[@id="main-news"]/div[1]/h2/a555'
2024-01-10 23:19:22.973927 - DEBUG : <-<- b'5/false'
2024-01-10 23:19:23.528616 - DEBUG : ---- Cannot find element. Retrying....  No retry in 30s   23.77204990386963s
2024-01-10 23:19:23.531618 - DEBUG : ->>> b'12/35\nclickElement//*[@id="main-news"]/div[1]/h2/a555'
2024-01-10 23:19:23.539605 - DEBUG : <-<- b'5/false'
2024-01-10 23:19:24.110323 - DEBUG : ---- Cannot find element. Retrying....  No retry in 30s   24.353756427764893s
2024-01-10 23:19:24.113330 - DEBUG : ->>> b'12/35\nclickElement//*[@id="main-news"]/div[1]/h2/a555'
2024-01-10 23:19:24.122331 - DEBUG : <-<- b'5/false'
2024-01-10 23:19:24.673274 - DEBUG : ---- Cannot find element. Retrying....  No retry in 30s   24.916707038879395s
2024-01-10 23:19:24.676253 - DEBUG : ->>> b'12/35\nclickElement//*[@id="main-news"]/div[1]/h2/a555'
2024-01-10 23:19:24.685241 - DEBUG : <-<- b'5/false'
2024-01-10 23:19:25.238768 - DEBUG : ---- Cannot find element. Retrying....  No retry in 30s   25.48220133781433s
2024-01-10 23:19:25.241781 - DEBUG : ->>> b'12/35\nclickElement//*[@id="main-news"]/div[1]/h2/a555'
2024-01-10 23:19:25.249785 - DEBUG : <-<- b'5/false'
2024-01-10 23:19:25.814095 - DEBUG : ---- Cannot find element. Retrying....  No retry in 30s   26.057528257369995s
2024-01-10 23:19:25.817080 - DEBUG : ->>> b'12/35\nclickElement//*[@id="main-news"]/div[1]/h2/a555'
2024-01-10 23:19:25.825075 - DEBUG : <-<- b'5/false'
2024-01-10 23:19:26.379505 - DEBUG : ---- Cannot find element. Retrying....  No retry in 30s   26.62293839454651s
2024-01-10 23:19:26.382521 - DEBUG : ->>> b'12/35\nclickElement//*[@id="main-news"]/div[1]/h2/a555'
2024-01-10 23:19:26.391512 - DEBUG : <-<- b'5/false'
2024-01-10 23:19:26.948110 - DEBUG : ---- Cannot find element. Retrying....  No retry in 30s   27.191543579101562s
2024-01-10 23:19:26.951111 - DEBUG : ->>> b'12/35\nclickElement//*[@id="main-news"]/div[1]/h2/a555'
2024-01-10 23:19:26.959102 - DEBUG : <-<- b'5/false'
2024-01-10 23:19:27.518759 - DEBUG : ---- Cannot find element. Retrying....  No retry in 30s   27.762192249298096s
2024-01-10 23:19:27.521764 - DEBUG : ->>> b'12/35\nclickElement//*[@id="main-news"]/div[1]/h2/a555'
2024-01-10 23:19:27.530752 - DEBUG : <-<- b'5/false'
2024-01-10 23:19:28.100462 - DEBUG : ---- Cannot find element. Retrying....  No retry in 30s   28.34389591217041s
2024-01-10 23:19:28.103434 - DEBUG : ->>> b'12/35\nclickElement//*[@id="main-news"]/div[1]/h2/a555'
2024-01-10 23:19:28.173146 - DEBUG : <-<- b'5/false'
2024-01-10 23:19:28.675719 - DEBUG : ---- Cannot find element. Retrying....  No retry in 30s   28.91915202140808s
2024-01-10 23:19:28.678212 - DEBUG : ->>> b'12/35\nclickElement//*[@id="main-news"]/div[1]/h2/a555'
2024-01-10 23:19:28.687216 - DEBUG : <-<- b'5/false'
2024-01-10 23:19:29.237160 - DEBUG : ---- Cannot find element. Retrying....  No retry in 30s   29.48059344291687s
2024-01-10 23:19:29.238156 - DEBUG : ->>> b'12/35\nclickElement//*[@id="main-news"]/div[1]/h2/a555'
2024-01-10 23:19:29.243154 - DEBUG : <-<- b'5/false'
2024-01-10 23:23:33.189537 - DEBUG : <-<- Client connection at 127.0.0.1: 55798
2024-01-10 23:23:33.191526 - DEBUG : ->>> b'4/18\ngotohttps://www.qq.com'
2024-01-10 23:23:44.433681 - DEBUG : <-<- b'4/true'
2024-01-10 23:23:47.435938 - DEBUG : ->>> b'7/21\nnewPagehttps://www.baidu.com'
2024-01-10 23:23:47.493088 - DEBUG : <-<- b'4/true'
2024-01-10 23:23:50.494528 - DEBUG : ->>> b'4/21\ngotohttps://www.baidu.com'
2024-01-10 23:23:53.058164 - DEBUG : <-<- b'4/true'
2024-01-10 23:23:56.060876 - DEBUG : ->>> b'4/18\ngotohttps://www.qq.com'
2024-01-10 23:24:07.555260 - DEBUG : <-<- b'4/true'
2024-01-10 23:24:10.557456 - DEBUG : ->>> b'12/35\nclickElement//*[@id="main-news"]/div[1]/h2/a555'
2024-01-10 23:24:10.566352 - DEBUG : <-<- b'5/false'
2024-01-10 23:24:10.567892 - DEBUG : ---- Start implicit wait
2024-01-10 23:24:10.569893 - DEBUG : ---- Cannot find element. Retrying....  No retry in 10s   0.0s
2024-01-10 23:24:10.571985 - DEBUG : ->>> b'12/35\nclickElement//*[@id="main-news"]/div[1]/h2/a555'
2024-01-10 23:24:10.578781 - DEBUG : <-<- b'5/false'
2024-01-10 23:24:11.081444 - DEBUG : ---- Cannot find element. Retrying....  No retry in 10s   0.51s
2024-01-10 23:24:11.083441 - DEBUG : ->>> b'12/35\nclickElement//*[@id="main-news"]/div[1]/h2/a555'
2024-01-10 23:24:11.087440 - DEBUG : <-<- b'5/false'
2024-01-10 23:24:11.592317 - DEBUG : ---- Cannot find element. Retrying....  No retry in 10s   1.02s
2024-01-10 23:24:11.594333 - DEBUG : ->>> b'12/35\nclickElement//*[@id="main-news"]/div[1]/h2/a555'
2024-01-10 23:24:11.600329 - DEBUG : <-<- b'5/false'
2024-01-10 23:24:12.136588 - DEBUG : ---- Cannot find element. Retrying....  No retry in 10s   1.57s
2024-01-10 23:24:12.138554 - DEBUG : ->>> b'12/35\nclickElement//*[@id="main-news"]/div[1]/h2/a555'
2024-01-10 23:24:12.144557 - DEBUG : <-<- b'5/false'
2024-01-10 23:24:12.679605 - DEBUG : ---- Cannot find element. Retrying....  No retry in 10s   2.11s
2024-01-10 23:24:12.680596 - DEBUG : ->>> b'12/35\nclickElement//*[@id="main-news"]/div[1]/h2/a555'
2024-01-10 23:24:12.686593 - DEBUG : <-<- b'5/false'
2024-01-10 23:24:13.223342 - DEBUG : ---- Cannot find element. Retrying....  No retry in 10s   2.66s
2024-01-10 23:24:13.225393 - DEBUG : ->>> b'12/35\nclickElement//*[@id="main-news"]/div[1]/h2/a555'
2024-01-10 23:24:13.230397 - DEBUG : <-<- b'5/false'
2024-01-10 23:24:13.770097 - DEBUG : ---- Cannot find element. Retrying....  No retry in 10s   3.2s
2024-01-10 23:24:13.772106 - DEBUG : ->>> b'12/35\nclickElement//*[@id="main-news"]/div[1]/h2/a555'
2024-01-10 23:24:13.778100 - DEBUG : <-<- b'5/false'
2024-01-10 23:24:14.318430 - DEBUG : ---- Cannot find element. Retrying....  No retry in 10s   3.75s
2024-01-10 23:24:14.319962 - DEBUG : ->>> b'12/35\nclickElement//*[@id="main-news"]/div[1]/h2/a555'
2024-01-10 23:24:14.325033 - DEBUG : <-<- b'5/false'
2024-01-10 23:24:14.865246 - DEBUG : ---- Cannot find element. Retrying....  No retry in 10s   4.3s
2024-01-10 23:24:14.867758 - DEBUG : ->>> b'12/35\nclickElement//*[@id="main-news"]/div[1]/h2/a555'
2024-01-10 23:24:14.872762 - DEBUG : <-<- b'5/false'
2024-01-10 23:24:15.413224 - DEBUG : ---- Cannot find element. Retrying....  No retry in 10s   4.85s
2024-01-10 23:24:15.415228 - DEBUG : ->>> b'12/35\nclickElement//*[@id="main-news"]/div[1]/h2/a555'
2024-01-10 23:24:15.422220 - DEBUG : <-<- b'5/false'
2024-01-10 23:24:15.968108 - DEBUG : ---- Cannot find element. Retrying....  No retry in 10s   5.4s
2024-01-10 23:24:15.970278 - DEBUG : ->>> b'12/35\nclickElement//*[@id="main-news"]/div[1]/h2/a555'
2024-01-10 23:24:15.977280 - DEBUG : <-<- b'5/false'
2024-01-10 23:24:16.520194 - DEBUG : ---- Cannot find element. Retrying....  No retry in 10s   5.95s
2024-01-10 23:24:16.522192 - DEBUG : ->>> b'12/35\nclickElement//*[@id="main-news"]/div[1]/h2/a555'
2024-01-10 23:24:16.527195 - DEBUG : <-<- b'5/false'
2024-01-10 23:24:17.066709 - DEBUG : ---- Cannot find element. Retrying....  No retry in 10s   6.5s
2024-01-10 23:24:17.069085 - DEBUG : ->>> b'12/35\nclickElement//*[@id="main-news"]/div[1]/h2/a555'
2024-01-10 23:24:17.075088 - DEBUG : <-<- b'5/false'
2024-01-10 23:24:17.577481 - DEBUG : ---- Cannot find element. Retrying....  No retry in 10s   7.01s
2024-01-10 23:24:17.579462 - DEBUG : ->>> b'12/35\nclickElement//*[@id="main-news"]/div[1]/h2/a555'
2024-01-10 23:24:17.585464 - DEBUG : <-<- b'5/false'
2024-01-10 23:24:18.125671 - DEBUG : ---- Cannot find element. Retrying....  No retry in 10s   7.56s
2024-01-10 23:24:18.127649 - DEBUG : ->>> b'12/35\nclickElement//*[@id="main-news"]/div[1]/h2/a555'
2024-01-10 23:24:18.178631 - DEBUG : <-<- b'5/false'
2024-01-10 23:24:18.681411 - DEBUG : ---- Cannot find element. Retrying....  No retry in 10s   8.11s
2024-01-10 23:24:18.682464 - DEBUG : ->>> b'12/35\nclickElement//*[@id="main-news"]/div[1]/h2/a555'
2024-01-10 23:24:18.687410 - DEBUG : <-<- b'5/false'
2024-01-10 23:24:19.236242 - DEBUG : ---- Cannot find element. Retrying....  No retry in 10s   8.67s
2024-01-10 23:24:19.237237 - DEBUG : ->>> b'12/35\nclickElement//*[@id="main-news"]/div[1]/h2/a555'
2024-01-10 23:24:19.243237 - DEBUG : <-<- b'5/false'
2024-01-10 23:24:19.783461 - DEBUG : ---- Cannot find element. Retrying....  No retry in 10s   9.22s
2024-01-10 23:24:19.784458 - DEBUG : ->>> b'12/35\nclickElement//*[@id="main-news"]/div[1]/h2/a555'
2024-01-10 23:24:19.832441 - DEBUG : <-<- b'5/false'
2024-01-10 23:24:20.335083 - DEBUG : ---- Cannot find element. Retrying....  No retry in 10s   9.77s
2024-01-10 23:24:20.336519 - DEBUG : ->>> b'12/35\nclickElement//*[@id="main-news"]/div[1]/h2/a555'
2024-01-10 23:24:20.342181 - DEBUG : <-<- b'5/false'
