2024-01-20 08:20:24.714511 - DEBUG : <-<- Client connection at 192.168.31.20: 37194
2024-01-20 08:20:24.716515 - DEBUG : <-<- b'7\nrecents'
2024-01-20 08:20:24.721510 - DEBUG : <-<- b'4/true'
2024-01-20 08:20:24.723505 - DEBUG : <-<- b'21/125\ngetElementDescriptioncom.huawei.android.launcher/com.huawei.android.launcher:id=workspace_screen/android.view.ViewGroup/android.widget.TextView[6]'
2024-01-20 08:20:24.810485 - DEBUG : <-<- b'4/null'
2024-01-20 08:20:25.320309 - DEBUG : <-<- b'21/125\ngetElementDescriptioncom.huawei.android.launcher/com.huawei.android.launcher:id=workspace_screen/android.view.ViewGroup/android.widget.TextView[6]'
2024-01-20 08:20:25.358155 - DEBUG : <-<- b'4/null'
2024-01-20 08:20:25.861032 - DEBUG : <-<- b'21/125\ngetElementDescriptioncom.huawei.android.launcher/com.huawei.android.launcher:id=workspace_screen/android.view.ViewGroup/android.widget.TextView[6]'
2024-01-20 08:20:25.885050 - DEBUG : <-<- b'4/null'
2024-01-20 08:20:26.409917 - DEBUG : <-<- b'21/125\ngetElementDescriptioncom.huawei.android.launcher/com.huawei.android.launcher:id=workspace_screen/android.view.ViewGroup/android.widget.TextView[6]'
2024-01-20 08:20:26.496872 - DEBUG : <-<- b'4/null'
2024-01-20 08:20:27.000709 - DEBUG : <-<- b'21/125\ngetElementDescriptioncom.huawei.android.launcher/com.huawei.android.launcher:id=workspace_screen/android.view.ViewGroup/android.widget.TextView[6]'
2024-01-20 08:20:27.295627 - DEBUG : <-<- b'6/\xe6\x8a\x96\xe9\x9f\xb3'
2024-01-20 08:20:50.378241 - DEBUG : <-<- Client connection at 192.168.31.20: 38760
2024-01-20 08:20:50.381236 - DEBUG : <-<- b'7\nrecents'
2024-01-20 08:20:50.388239 - DEBUG : <-<- b'4/true'
2024-01-20 08:20:50.443226 - DEBUG : <-<- b'21/125\ngetElementDescriptioncom.huawei.android.launcher/com.huawei.android.launcher:id=workspace_screen/android.view.ViewGroup/android.widget.TextView[6]'
2024-01-20 08:20:50.529221 - DEBUG : <-<- b'4/null'
2024-01-20 08:20:51.095062 - DEBUG : <-<- b'21/125\ngetElementDescriptioncom.huawei.android.launcher/com.huawei.android.launcher:id=workspace_screen/android.view.ViewGroup/android.widget.TextView[6]'
2024-01-20 08:20:51.245039 - DEBUG : <-<- b'6/\xe6\x8a\x96\xe9\x9f\xb3'
2024-01-20 08:20:51.247036 - DEBUG : <-<- b'14/125\ngetElementTextcom.huawei.android.launcher/com.huawei.android.launcher:id=workspace_screen/android.view.ViewGroup/android.widget.TextView[6]'
2024-01-20 08:20:51.274051 - DEBUG : <-<- b'6/\xe6\x8a\x96\xe9\x9f\xb3'
2024-01-20 17:05:23.993061 - DEBUG : <-<- Client connection at 192.168.31.20: 33100
2024-01-20 17:05:24.027512 - DEBUG : <-<- b'7\nrecents'
2024-01-20 17:05:24.033097 - DEBUG : <-<- b'4/true'
2024-01-20 17:05:24.034112 - DEBUG : <-<- b'7/9/5/5/5\ninitOcr127.0.0.1falsefalsefalse'
2024-01-20 17:05:24.091127 - DEBUG : <-<- b'4/true'
2024-01-20 17:05:24.135071 - DEBUG : <-<- b'3/1/1/1/1/1/1/1/3\nocr00000001.0'
2024-01-20 17:05:24.614936 - DEBUG : <-<- b'1495/[[[[0, 4], [355, 4], [355, 36], [0, 36]], ["P:0/1\xe5\x9b\xbd\xe7\x94\xb5/dX:0.0dY:", 0.524586]],[[[366, 4], [414, 4], [414, 36], [366, 36]], ["0.0", 0.380208]],[[[82, 40], [314, 24], [315, 50], [83, 66]], ["\xe4\xb8\xad\xe5\x9b\xbd\xe8\x81\x94\xe9\x80\x9a7U5\xe5\x85\xad", 0.391113]],[[[50, 133], [231, 135], [230, 182], [49, 180]], ["Aibote", 0.876302]],[[[17, 1998], [263, 1995], [263, 2051], [17, 2054]], ["\xe8\x84\x9a\xe6\x9c\xac\xe7\xab\xaf\xe5\x8f\xa3:", 0.703906]],[[[283, 1996], [401, 1994], [401, 2049], [283, 2051]], ["8888", 0.722656]],[[[16, 1886], [619, 1886], [619, 1940], [16, 1940]], ["\xe8\x84\x9a\xe6\x9c\xac\xe5\x9c\xb0\xe5\x9d\x80:192.168.31.11", 0.693576]],[[[65, 2148], [229, 2148], [229, 2187], [65, 2187]], ["\xe6\x8f\x90\xe4\xba\xa4\xe5\x8f\x82\xe6\x95\xb0", 0.610352]],[[[404, 8], [821, 2], [821, 35], [404, 41]], ["\xe5\x88\x86000,0,Prs:", 0.314631]],[[[832, 3], [985, 1], [985, 34], [832, 36]], ["1.35Size:", 0.768663]],[[[997, 1], [1076, 0], [1076, 33], [997, 34]], ["225.0", 0.563281]],[[[188, 2301], [351, 2301], [351, 2340], [188, 2340]], ["\xe9\x85\x8d\xe7\xbd\xae\xe6\x8a\x95\xe5\xb1\x8f", 0.661133]],[[[619, 30], [728, 30], [728, 53], [619, 53]], ["TOoKNS", 0.405599]],[[[329, 2143], [487, 2143], [487, 2186], [329, 2186]], ["\xe5\x81\x9c\xe4\xb8\x8a", 0.386719]],[[[512, 2006], [633, 2006], [633, 2044], [512, 2044]], ["\xe6\x82\xac\xe6\xb7\xb3\xe7\xaa\x97", 0.553385]],[[[438, 2114], [632, 2114], [632, 2158], [438, 2158]], ["\xe5\xbc\x80\xe5\xa7\x8b\xe6\x89\xa7\xe8\xa1\x8c", 0.708984]],[[[803, 2006], [1044, 2006], [1044, 2057], [803, 2057]], ["\xe8\xbf\x9e\xe6\xa5\xbc\xe5\xb7\xa5\xe5\x85\xb7\xe2\x96\xa1", 0.417969]],[[[583, 2141], [1057, 2148], [1056, 2196], [582, 2189]], ["\xe3\x80\x8f\xe6\x9c\xac\xe8\x87\xaa\xe5\x8a\xa8\xe5\x90\xaf\xe5\x8a\xa8\xe2\x96\xa1", 0.560826]],[[[728, 2298], [889, 2300], [888, 2336], [727, 2334]], ["\xe9\x85\x8d\xe7\xbd\xae\xe8\x84\x9a\xe6\x9c\xac", 0.743164]]]'
