2024-03-18 10:28:08.224207 - DEBUG : <-<- Client connection at 192.168.31.20: 36704
2024-03-18 10:28:08.226225 - DEBUG : ->>> b'7\nrecents'
2024-03-18 10:28:08.239334 - DEBUG : <-<- 4/true
2024-03-18 10:28:56.974488 - DEBUG : <-<- Client connection at 127.0.0.1: 65320
2024-03-18 10:28:56.975532 - DEBUG : ->>> b'4/17\ngotohttps://baidu.com'
2024-03-18 10:28:56.977527 - DEBUG : <-<- GET /json/version HTTP/1.1
Host: localhost:9999
Accept: */*


2024-03-18 10:28:57.059992 - DEBUG : ---- Enter the display waiting mode waiting time：10s
2024-03-18 10:28:57.061994 - DEBUG : ->>> b'4/14\ngotohttps://qq.com'
2024-03-18 10:29:41.891188 - DEBUG : <-<- Client connection at 127.0.0.1: 65349
2024-03-18 10:29:41.893194 - DEBUG : ->>> b'4/17\ngotohttps://baidu.com'
2024-03-18 10:29:43.543746 - DEBUG : <-<- 4/true
2024-03-18 10:29:43.545745 - DEBUG : ---- Enter the display waiting mode waiting time：10s
2024-03-18 10:29:43.546740 - DEBUG : ->>> b'4/14\ngotohttps://qq.com'
2024-03-18 10:29:46.854806 - DEBUG : <-<- 4/true
2024-03-18 10:29:46.855805 - DEBUG : ->>> b'4/22\ngotohttps://www.hao123.com'
2024-03-18 10:29:50.652073 - DEBUG : <-<- 4/true
2024-03-18 10:29:50.655075 - DEBUG : ---- Finish the display waiting mode
2024-03-18 10:31:20.352069 - DEBUG : <-<- Client connection at 127.0.0.1: 65522
2024-03-18 10:31:20.354067 - DEBUG : ->>> b'11/0/0\nfindWindows'
2024-03-18 10:31:20.358070 - DEBUG : <-<- 4829/66290|134730|1246944|1576448|4850774|788514|4129880|66578|66576|66582|132116|131180|196704|131202|131152|66560|66558|196706|393328|65984|66216|66394|66396|66322|66276|66254|66250|66246|66220|66212|66208|66190|66182|66010|65988|66370|66374|66376|66372|66352|66356|66358|66354|66368|66366|66364|66362|66350|66348|66346|66344|263434|132562|1248408|132152|132294|197966|263430|131966|66448|66456|66446|197516|66422|66420|1246732|656642|66338|66336|66312|460304|131996|1246392|1247944|66228|66224|66238|65964|131172|65966|66240|722020|3476498|330708|134592|134590|527784|724396|462304|6162634|4655404|66226|66192|66514|66526|66524|66544|66542|69364|724530|331442|1314504|2556756|7408512|1969090|2165902|919280|265798|921002|722780|462332|2492810|3606948|197514|2098378|396756|396762|133652|1115218|66946|1837906|3016944|1246740|134664|66260|66242|920740|462012|1116212|5573616|200206|527194|854340|592976|4327344|1116338|2295404|1313196|2163958|2295704|2820184|1313922|919194|1247566|527626|2230496|853754|1968438|330640|199730|329380|394794|461128|68252|68254|1574934|68196|591560|853200|657170|133606|133252|197762|66736|132434|132436|132432|132438|66286|66262|66020|65998|65936|65910|65878|65868|65716|329220|4720814|460940|17106584|6949204|197874|132162|132452|7407526|1640508|197960|1771410|197738|1969270|2559686|2035294|3149502|200202|3868334|1051950|1248032|2688068|1050268|4063276|1248740|19401900|199054|264032|786468|3541496|4327936|2427262|1314434|593216|1967196|3541410|920854|986460|2034792|5441892|722660|8129356|1640064|8325428|3870140|1380042|2886666|330560|919596|985294|5769448|2100286|69360|69358|69356|69354|200410|134880|3345482|197872|2623478|2426656|2558376|2753730|1706826|2428602|13241756|1379348|1837988|1968328|2754218|3409904|4260898|1508860|2559166|4065962|2557956|4654988|1378524|1314254|2165400|1117296|2362630|657410|1246844|5179530|593250|20056260|3476768|10488114|2885258|2950238|3803988|6817976|2688572|3345694|2755606|3672474|3017378|3081828|6622592|15074464|1246878|1248962|2689830|2296542|4851486|2819848|6621044|527824|527832|396596|2820936|2622602|3542136|1707424|1379576|2362408|9833296|1641580|789712|593406|2427588|6162962|396852|527672|10422430|3736966|3476626|263036|131950|197624|197480|66308|66310|2031814|918646|329696|1050170|198628|198620|331062|6816934|3803434|3476234|133656|1903388|2296560|265626|2426626|331172|3212978|331308|200138|4589232|985188|1706114|1706178|1640098|1248358|331276|3213446|3869500|331156|2623020|986274|1051880|1706306|13176058|4327156|1312808|2952662|6293426|1838324|2821270|527572|1117352|658642|3934466|265472|527586|462046|2361038|2033102|134550|3606358|6883688|5245008|984980|2427116|2361438|134698|134598|134596|6097216|1772392|134546|331140|331230|331234|1640484|2622560|4588592|1378320|1968186|2689960|394474|461656|2689048|1181558|460828|3081848|1050686|395290|657440|855034|330714|330766|1641372|330740|1573670|918676|329844|2165048|920490|1182562|1837308|658542|132194|132996|591064|657522|1967870|656952|1705370|331090|331088|985066|2557202|2427670|1837920|1312336|1050150|722076|1116368|1443984|1574806|1837068|1115418|4066170|723902|330874|461704|1246492|854778|3738030|1706234|265248|1903060|787656|395220|265250|854708|1313630|657922|919914|918816|789388|4458562|461790|2099880|2098964|2361844|919540|723870|265066|396156|852772|4655378|1706704|527066|461894|985062|2557416|265254|526060|920246|459996|198198|394762|197828|1115460|329792|68244|68242|1050328|68236|68238|199272|68228|68230|68204|68170|526728|264582|853694|1442942|1246580|853782|722732|919132|395034|722802|395082|1640678|985020|461206|2754802|920010|1051096|133610|133612|133614|1771036|329548|264638|985018|460554|460632|68130|68128|199194|133654|133638|133644|1902400|1246834|199144|657840|1181260|330116|199064|330210|788042|853566|1902336|1902840|264014|132596|526260|329522|328868|67666|67660|67658|67656|657310|460370|198534|133000|1181270|1377898|1049792|525890|329528|396210|134084|67218|67216|67064|67066|67034|67032|66990|66988|66966|66968|66954|132478|132466|132394|132470|394616|197710|132408|132404|132332|132352|132318|66730|66728|66722|66718|66674|197744|131110|131196|196658|131112|66554|66550|66548|66534|66536|131766|66504|131948|66498|66500|66496|66494|132028|66490|66488|66484|66480|66478|66476|132008|66474|197340|197342|66384|66406|66432|66434|66386|66378|66360|66328|66326|2623494|66306|66294|66292|589958|196680|131106|66174|66176|66172|66016|65702|65970|66018|131598|131618|131656|65980|65958|65956|65934|65908|65876|65866|65862|65858|131390|65850|65852|65730|65732|65726|65710|65706|65700|65696|65698|65692|65694|131224|65690|131102|131100|2097298|65684|65678|196746|65676|65592|65588|65768|3868444|4918512|6818610|263798|132176|197862|1575732|1969520|132448|132462|132458|66302|65856|265074|199688|461918|853888|1312632|330712|396242|3933914|66280
