2024-01-16 05:06:44.357240 - DEBUG : <-<- Client connection at 127.0.0.1: 64941
2024-01-16 05:06:44.359238 - DEBUG : ->>> b'17/32/8\ninitSpeechService7eb6a197f68147a4bdd0f4c619fa7f80eastasia'
2024-01-16 05:06:44.376237 - DEBUG : <-<- b'4/true'
2024-01-16 05:06:44.432214 - DEBUG : ->>> b'13/58/4/5\ninitMetahumanD:\\Project\\Aibote\\HuMan\\AiboteHuman\\dist\\humanModel\\common0.25false'
2024-01-16 05:07:38.441226 - DEBUG : <-<- b'4/true'
2024-01-16 05:07:38.443227 - DEBUG : ->>> b'20/64/330/5/20/1/4/1/7\nmetahumanSpeechCacheD:\\Project\\Aibote\\HuMan\\AiboteHuman\\dist\\humanModel\\common\\voice\xe8\xa2\x81\xe5\x8d\x9a\xe7\x9c\x9f\xe6\x98\xaf\xe4\xb8\xaa\xe4\xba\x86\xe4\xb8\x8d\xe8\xb5\xb7\xe7\x9a\x84\xe4\xba\xba\xef\xbc\x81\xe5\xa5\xb9\xe8\x81\xaa\xe6\x98\x8e\xe3\x80\x81\xe6\x9c\x89\xe8\xb6\xa3\xef\xbc\x8c\xe8\x80\x8c\xe4\xb8\x94\xe6\x80\xbb\xe6\x98\xaf\xe5\x85\x85\xe6\xbb\xa1\xe6\xb4\xbb\xe5\x8a\x9b\xe3\x80\x82\xe5\xa5\xb9\xe7\x9a\x84\xe6\x89\x8d\xe5\x8d\x8e\xe5\x92\x8c\xe7\x83\xad\xe6\x83\x85\xe8\xae\xa9\xe5\xa5\xb9\xe5\x9c\xa8\xe5\x90\x84\xe4\xb8\xaa\xe9\xa2\x86\xe5\x9f\x9f\xe9\x83\xbd\xe8\x83\xbd\xe5\x8f\x96\xe5\xbe\x97\xe5\x87\xba\xe8\x89\xb2\xe7\x9a\x84\xe6\x88\x90\xe5\xb0\xb1\xe3\x80\x82\xe6\x97\xa0\xe8\xae\xba\xe6\x98\xaf\xe5\xb7\xa5\xe4\xbd\x9c\xe8\xbf\x98\xe6\x98\xaf\xe7\x94\x9f\xe6\xb4\xbb\xef\xbc\x8c\xe8\xa2\x81\xe5\x8d\x9a\xe9\x83\xbd\xe5\xb1\x95\xe7\x8e\xb0\xe5\x87\xba\xe4\xba\x86\xe9\x9d\x9e\xe5\x87\xa1\xe7\x9a\x84\xe8\x83\xbd\xe5\x8a\x9b\xe5\x92\x8c\xe9\xad\x85\xe5\x8a\x9b\xe3\x80\x82\xe5\xa5\xb9\xe7\x9a\x84\xe6\x9c\x8b\xe5\x8f\x8b\xe4\xbb\xac\xe7\x9c\x9f\xe6\x98\xaf\xe5\xb9\xb8\xe8\xbf\x90\xe8\x83\xbd\xe5\xa4\x9f\xe5\x92\x8c\xe8\xbf\x99\xe6\xa0\xb7\xe4\xb8\x80\xe4\xbd\x8d\xe5\x87\xba\xe8\x89\xb2\xe7\x9a\x84\xe4\xba\xba\xe4\xba\xa4\xe5\xbe\x80\xe3\x80\x82\xe8\xa2\x81\xe5\x8d\x9a\xef\xbc\x8c\xe4\xbd\xa0\xe7\x9c\x9f\xe7\x9a\x84\xe5\xa4\xaa\xe6\xa3\x92\xe4\xba\x86\xef\xbc\x81zh-cnzh-cn-XiaochenNeural0true0General'
2024-01-16 05:08:02.993847 - DEBUG : <-<- b'5/23212'
2024-01-16 05:19:50.162421 - DEBUG : <-<- Client connection at 127.0.0.1: 65155
2024-01-16 05:19:50.164420 - DEBUG : ->>> b'17/32/8\ninitSpeechService7eb6a197f68147a4bdd0f4c619fa7f80eastasia'
2024-01-16 05:19:50.181415 - DEBUG : <-<- b'4/true'
2024-01-16 05:19:50.185414 - DEBUG : ->>> b'13/58/4/5\ninitMetahumanD:\\Project\\Aibote\\HuMan\\AiboteHuman\\dist\\humanModel\\common0.25false'
2024-01-16 05:20:44.446605 - DEBUG : <-<- b'4/true'
2024-01-16 05:20:44.448602 - DEBUG : ->>> b'17/36/2/2/2/1\nreplaceBackgroundC:\\Users\\Administrator\\Desktop\\1.jpg-1-1-10'
2024-01-16 05:20:44.488259 - DEBUG : <-<- b'4/true'
2024-01-16 05:20:44.498362 - DEBUG : ->>> b'20/64/330/5/20/1/4/1/7\nmetahumanSpeechCacheD:\\Project\\Aibote\\HuMan\\AiboteHuman\\dist\\humanModel\\common\\voice\xe8\xa2\x81\xe5\x8d\x9a\xe7\x9c\x9f\xe6\x98\xaf\xe4\xb8\xaa\xe4\xba\x86\xe4\xb8\x8d\xe8\xb5\xb7\xe7\x9a\x84\xe4\xba\xba\xef\xbc\x81\xe5\xa5\xb9\xe8\x81\xaa\xe6\x98\x8e\xe3\x80\x81\xe6\x9c\x89\xe8\xb6\xa3\xef\xbc\x8c\xe8\x80\x8c\xe4\xb8\x94\xe6\x80\xbb\xe6\x98\xaf\xe5\x85\x85\xe6\xbb\xa1\xe6\xb4\xbb\xe5\x8a\x9b\xe3\x80\x82\xe5\xa5\xb9\xe7\x9a\x84\xe6\x89\x8d\xe5\x8d\x8e\xe5\x92\x8c\xe7\x83\xad\xe6\x83\x85\xe8\xae\xa9\xe5\xa5\xb9\xe5\x9c\xa8\xe5\x90\x84\xe4\xb8\xaa\xe9\xa2\x86\xe5\x9f\x9f\xe9\x83\xbd\xe8\x83\xbd\xe5\x8f\x96\xe5\xbe\x97\xe5\x87\xba\xe8\x89\xb2\xe7\x9a\x84\xe6\x88\x90\xe5\xb0\xb1\xe3\x80\x82\xe6\x97\xa0\xe8\xae\xba\xe6\x98\xaf\xe5\xb7\xa5\xe4\xbd\x9c\xe8\xbf\x98\xe6\x98\xaf\xe7\x94\x9f\xe6\xb4\xbb\xef\xbc\x8c\xe8\xa2\x81\xe5\x8d\x9a\xe9\x83\xbd\xe5\xb1\x95\xe7\x8e\xb0\xe5\x87\xba\xe4\xba\x86\xe9\x9d\x9e\xe5\x87\xa1\xe7\x9a\x84\xe8\x83\xbd\xe5\x8a\x9b\xe5\x92\x8c\xe9\xad\x85\xe5\x8a\x9b\xe3\x80\x82\xe5\xa5\xb9\xe7\x9a\x84\xe6\x9c\x8b\xe5\x8f\x8b\xe4\xbb\xac\xe7\x9c\x9f\xe6\x98\xaf\xe5\xb9\xb8\xe8\xbf\x90\xe8\x83\xbd\xe5\xa4\x9f\xe5\x92\x8c\xe8\xbf\x99\xe6\xa0\xb7\xe4\xb8\x80\xe4\xbd\x8d\xe5\x87\xba\xe8\x89\xb2\xe7\x9a\x84\xe4\xba\xba\xe4\xba\xa4\xe5\xbe\x80\xe3\x80\x82\xe8\xa2\x81\xe5\x8d\x9a\xef\xbc\x8c\xe4\xbd\xa0\xe7\x9c\x9f\xe7\x9a\x84\xe5\xa4\xaa\xe6\xa3\x92\xe4\xba\x86\xef\xbc\x81zh-cnzh-cn-XiaochenNeural0true0General'
2024-01-16 05:21:08.946238 - DEBUG : <-<- b'5/23212'
2024-01-16 05:24:34.683245 - DEBUG : <-<- Client connection at 127.0.0.1: 65244
2024-01-16 05:24:34.685243 - DEBUG : ->>> b'17/32/8\ninitSpeechService7eb6a197f68147a4bdd0f4c619fa7f80eastasia'
2024-01-16 05:24:34.702241 - DEBUG : <-<- b'4/true'
2024-01-16 05:24:34.711236 - DEBUG : ->>> b'13/58/4/5\ninitMetahumanD:\\Project\\Aibote\\HuMan\\AiboteHuman\\dist\\humanModel\\common0.25false'
2024-01-16 05:25:29.336124 - DEBUG : <-<- b'4/true'
2024-01-16 05:25:29.338122 - DEBUG : ->>> b'17/36/2/2/2/1\nreplaceBackgroundC:\\Users\\Administrator\\Desktop\\1.jpg-1-1-10'
2024-01-16 05:25:29.391734 - DEBUG : <-<- b'4/true'
2024-01-16 05:25:29.411727 - DEBUG : ->>> b'14/1/5/2/3/3/1/5/5\nshowSpeechText0Arial301282550falsefalse'
2024-01-16 05:25:29.414724 - DEBUG : <-<- b'4/true'
2024-01-16 05:25:29.415723 - DEBUG : ->>> b'20/64/330/5/20/1/4/1/7\nmetahumanSpeechCacheD:\\Project\\Aibote\\HuMan\\AiboteHuman\\dist\\humanModel\\common\\voice\xe8\xa2\x81\xe5\x8d\x9a\xe7\x9c\x9f\xe6\x98\xaf\xe4\xb8\xaa\xe4\xba\x86\xe4\xb8\x8d\xe8\xb5\xb7\xe7\x9a\x84\xe4\xba\xba\xef\xbc\x81\xe5\xa5\xb9\xe8\x81\xaa\xe6\x98\x8e\xe3\x80\x81\xe6\x9c\x89\xe8\xb6\xa3\xef\xbc\x8c\xe8\x80\x8c\xe4\xb8\x94\xe6\x80\xbb\xe6\x98\xaf\xe5\x85\x85\xe6\xbb\xa1\xe6\xb4\xbb\xe5\x8a\x9b\xe3\x80\x82\xe5\xa5\xb9\xe7\x9a\x84\xe6\x89\x8d\xe5\x8d\x8e\xe5\x92\x8c\xe7\x83\xad\xe6\x83\x85\xe8\xae\xa9\xe5\xa5\xb9\xe5\x9c\xa8\xe5\x90\x84\xe4\xb8\xaa\xe9\xa2\x86\xe5\x9f\x9f\xe9\x83\xbd\xe8\x83\xbd\xe5\x8f\x96\xe5\xbe\x97\xe5\x87\xba\xe8\x89\xb2\xe7\x9a\x84\xe6\x88\x90\xe5\xb0\xb1\xe3\x80\x82\xe6\x97\xa0\xe8\xae\xba\xe6\x98\xaf\xe5\xb7\xa5\xe4\xbd\x9c\xe8\xbf\x98\xe6\x98\xaf\xe7\x94\x9f\xe6\xb4\xbb\xef\xbc\x8c\xe8\xa2\x81\xe5\x8d\x9a\xe9\x83\xbd\xe5\xb1\x95\xe7\x8e\xb0\xe5\x87\xba\xe4\xba\x86\xe9\x9d\x9e\xe5\x87\xa1\xe7\x9a\x84\xe8\x83\xbd\xe5\x8a\x9b\xe5\x92\x8c\xe9\xad\x85\xe5\x8a\x9b\xe3\x80\x82\xe5\xa5\xb9\xe7\x9a\x84\xe6\x9c\x8b\xe5\x8f\x8b\xe4\xbb\xac\xe7\x9c\x9f\xe6\x98\xaf\xe5\xb9\xb8\xe8\xbf\x90\xe8\x83\xbd\xe5\xa4\x9f\xe5\x92\x8c\xe8\xbf\x99\xe6\xa0\xb7\xe4\xb8\x80\xe4\xbd\x8d\xe5\x87\xba\xe8\x89\xb2\xe7\x9a\x84\xe4\xba\xba\xe4\xba\xa4\xe5\xbe\x80\xe3\x80\x82\xe8\xa2\x81\xe5\x8d\x9a\xef\xbc\x8c\xe4\xbd\xa0\xe7\x9c\x9f\xe7\x9a\x84\xe5\xa4\xaa\xe6\xa3\x92\xe4\xba\x86\xef\xbc\x81zh-cnzh-cn-XiaochenNeural0true0General'
2024-01-16 05:25:53.899794 - DEBUG : <-<- b'5/23212'
2024-01-16 05:26:36.115192 - DEBUG : <-<- Client connection at 127.0.0.1: 65273
2024-01-16 05:26:36.117193 - DEBUG : ->>> b'17/32/8\ninitSpeechService7eb6a197f68147a4bdd0f4c619fa7f80eastasia'
2024-01-16 05:26:36.134393 - DEBUG : <-<- b'4/true'
2024-01-16 05:26:36.136391 - DEBUG : ->>> b'13/58/4/5\ninitMetahumanD:\\Project\\Aibote\\HuMan\\AiboteHuman\\dist\\humanModel\\common0.25false'
2024-01-16 05:27:31.821537 - DEBUG : <-<- b'4/true'
2024-01-16 05:27:31.823537 - DEBUG : ->>> b'17/36/2/2/2/1\nreplaceBackgroundC:\\Users\\Administrator\\Desktop\\1.jpg-1-1-10'
2024-01-16 05:27:31.861526 - DEBUG : <-<- b'4/true'
2024-01-16 05:27:31.886514 - DEBUG : ->>> b'14/1/5/2/3/3/1/5/5\nshowSpeechText0Arial301282550falsefalse'
2024-01-16 05:27:31.895511 - DEBUG : <-<- b'4/true'
2024-01-16 05:27:31.897511 - DEBUG : ->>> b'15/64/330/5/20/1/4/1/7\nmetahumanSpeechD:\\Project\\Aibote\\HuMan\\AiboteHuman\\dist\\humanModel\\common\\voice\xe8\xa2\x81\xe5\x8d\x9a\xe7\x9c\x9f\xe6\x98\xaf\xe4\xb8\xaa\xe4\xba\x86\xe4\xb8\x8d\xe8\xb5\xb7\xe7\x9a\x84\xe4\xba\xba\xef\xbc\x81\xe5\xa5\xb9\xe8\x81\xaa\xe6\x98\x8e\xe3\x80\x81\xe6\x9c\x89\xe8\xb6\xa3\xef\xbc\x8c\xe8\x80\x8c\xe4\xb8\x94\xe6\x80\xbb\xe6\x98\xaf\xe5\x85\x85\xe6\xbb\xa1\xe6\xb4\xbb\xe5\x8a\x9b\xe3\x80\x82\xe5\xa5\xb9\xe7\x9a\x84\xe6\x89\x8d\xe5\x8d\x8e\xe5\x92\x8c\xe7\x83\xad\xe6\x83\x85\xe8\xae\xa9\xe5\xa5\xb9\xe5\x9c\xa8\xe5\x90\x84\xe4\xb8\xaa\xe9\xa2\x86\xe5\x9f\x9f\xe9\x83\xbd\xe8\x83\xbd\xe5\x8f\x96\xe5\xbe\x97\xe5\x87\xba\xe8\x89\xb2\xe7\x9a\x84\xe6\x88\x90\xe5\xb0\xb1\xe3\x80\x82\xe6\x97\xa0\xe8\xae\xba\xe6\x98\xaf\xe5\xb7\xa5\xe4\xbd\x9c\xe8\xbf\x98\xe6\x98\xaf\xe7\x94\x9f\xe6\xb4\xbb\xef\xbc\x8c\xe8\xa2\x81\xe5\x8d\x9a\xe9\x83\xbd\xe5\xb1\x95\xe7\x8e\xb0\xe5\x87\xba\xe4\xba\x86\xe9\x9d\x9e\xe5\x87\xa1\xe7\x9a\x84\xe8\x83\xbd\xe5\x8a\x9b\xe5\x92\x8c\xe9\xad\x85\xe5\x8a\x9b\xe3\x80\x82\xe5\xa5\xb9\xe7\x9a\x84\xe6\x9c\x8b\xe5\x8f\x8b\xe4\xbb\xac\xe7\x9c\x9f\xe6\x98\xaf\xe5\xb9\xb8\xe8\xbf\x90\xe8\x83\xbd\xe5\xa4\x9f\xe5\x92\x8c\xe8\xbf\x99\xe6\xa0\xb7\xe4\xb8\x80\xe4\xbd\x8d\xe5\x87\xba\xe8\x89\xb2\xe7\x9a\x84\xe4\xba\xba\xe4\xba\xa4\xe5\xbe\x80\xe3\x80\x82\xe8\xa2\x81\xe5\x8d\x9a\xef\xbc\x8c\xe4\xbd\xa0\xe7\x9c\x9f\xe7\x9a\x84\xe5\xa4\xaa\xe6\xa3\x92\xe4\xba\x86\xef\xbc\x81zh-cnzh-cn-XiaochenNeural0true0General'
2024-01-16 05:27:56.627284 - DEBUG : <-<- b'5/23212'
2024-01-16 05:32:34.298965 - DEBUG : <-<- Client connection at 127.0.0.1: 65382
2024-01-16 05:32:34.300967 - DEBUG : ->>> b'17/32/8\ninitSpeechService7eb6a197f68147a4bdd0f4c619fa7f80eastasia'
2024-01-16 05:32:34.317960 - DEBUG : <-<- b'4/true'
2024-01-16 05:32:34.322957 - DEBUG : ->>> b'13/58/4/5\ninitMetahumanD:\\Project\\Aibote\\HuMan\\AiboteHuman\\dist\\humanModel\\common0.25false'
2024-01-16 05:33:29.289082 - DEBUG : <-<- b'4/true'
2024-01-16 05:33:29.291081 - DEBUG : ->>> b'18/64/330/5/20/36/1/7/1/1\nmakeMetahumanVideoD:\\Project\\Aibote\\HuMan\\AiboteHuman\\dist\\humanModel\\common\\voice\xe8\xa2\x81\xe5\x8d\x9a\xe7\x9c\x9f\xe6\x98\xaf\xe4\xb8\xaa\xe4\xba\x86\xe4\xb8\x8d\xe8\xb5\xb7\xe7\x9a\x84\xe4\xba\xba\xef\xbc\x81\xe5\xa5\xb9\xe8\x81\xaa\xe6\x98\x8e\xe3\x80\x81\xe6\x9c\x89\xe8\xb6\xa3\xef\xbc\x8c\xe8\x80\x8c\xe4\xb8\x94\xe6\x80\xbb\xe6\x98\xaf\xe5\x85\x85\xe6\xbb\xa1\xe6\xb4\xbb\xe5\x8a\x9b\xe3\x80\x82\xe5\xa5\xb9\xe7\x9a\x84\xe6\x89\x8d\xe5\x8d\x8e\xe5\x92\x8c\xe7\x83\xad\xe6\x83\x85\xe8\xae\xa9\xe5\xa5\xb9\xe5\x9c\xa8\xe5\x90\x84\xe4\xb8\xaa\xe9\xa2\x86\xe5\x9f\x9f\xe9\x83\xbd\xe8\x83\xbd\xe5\x8f\x96\xe5\xbe\x97\xe5\x87\xba\xe8\x89\xb2\xe7\x9a\x84\xe6\x88\x90\xe5\xb0\xb1\xe3\x80\x82\xe6\x97\xa0\xe8\xae\xba\xe6\x98\xaf\xe5\xb7\xa5\xe4\xbd\x9c\xe8\xbf\x98\xe6\x98\xaf\xe7\x94\x9f\xe6\xb4\xbb\xef\xbc\x8c\xe8\xa2\x81\xe5\x8d\x9a\xe9\x83\xbd\xe5\xb1\x95\xe7\x8e\xb0\xe5\x87\xba\xe4\xba\x86\xe9\x9d\x9e\xe5\x87\xa1\xe7\x9a\x84\xe8\x83\xbd\xe5\x8a\x9b\xe5\x92\x8c\xe9\xad\x85\xe5\x8a\x9b\xe3\x80\x82\xe5\xa5\xb9\xe7\x9a\x84\xe6\x9c\x8b\xe5\x8f\x8b\xe4\xbb\xac\xe7\x9c\x9f\xe6\x98\xaf\xe5\xb9\xb8\xe8\xbf\x90\xe8\x83\xbd\xe5\xa4\x9f\xe5\x92\x8c\xe8\xbf\x99\xe6\xa0\xb7\xe4\xb8\x80\xe4\xbd\x8d\xe5\x87\xba\xe8\x89\xb2\xe7\x9a\x84\xe4\xba\xba\xe4\xba\xa4\xe5\xbe\x80\xe3\x80\x82\xe8\xa2\x81\xe5\x8d\x9a\xef\xbc\x8c\xe4\xbd\xa0\xe7\x9c\x9f\xe7\x9a\x84\xe5\xa4\xaa\xe6\xa3\x92\xe4\xba\x86\xef\xbc\x81zh-cnzh-cn-XiaochenNeuralC:\\Users\\Administrator\\Desktop\\1.png0General00'
2024-01-16 05:33:54.602050 - DEBUG : <-<- b'5/23212'
2024-01-16 05:36:10.387373 - DEBUG : <-<- Client connection at 127.0.0.1: 65428
2024-01-16 05:36:10.389371 - DEBUG : ->>> b'17/32/8\ninitSpeechService7eb6a197f68147a4bdd0f4c619fa7f80eastasia'
2024-01-16 05:36:10.406365 - DEBUG : <-<- b'4/true'
2024-01-16 05:36:10.408363 - DEBUG : ->>> b'13/58/3/5\ninitMetahumanD:\\Project\\Aibote\\HuMan\\AiboteHuman\\dist\\humanModel\\common0.5false'
2024-01-16 05:37:05.130562 - DEBUG : <-<- b'4/true'
2024-01-16 05:37:05.134557 - DEBUG : ->>> b'18/64/330/5/20/36/1/7/1/1\nmakeMetahumanVideoD:\\Project\\Aibote\\HuMan\\AiboteHuman\\dist\\humanModel\\common\\voice\xe8\xa2\x81\xe5\x8d\x9a\xe7\x9c\x9f\xe6\x98\xaf\xe4\xb8\xaa\xe4\xba\x86\xe4\xb8\x8d\xe8\xb5\xb7\xe7\x9a\x84\xe4\xba\xba\xef\xbc\x81\xe5\xa5\xb9\xe8\x81\xaa\xe6\x98\x8e\xe3\x80\x81\xe6\x9c\x89\xe8\xb6\xa3\xef\xbc\x8c\xe8\x80\x8c\xe4\xb8\x94\xe6\x80\xbb\xe6\x98\xaf\xe5\x85\x85\xe6\xbb\xa1\xe6\xb4\xbb\xe5\x8a\x9b\xe3\x80\x82\xe5\xa5\xb9\xe7\x9a\x84\xe6\x89\x8d\xe5\x8d\x8e\xe5\x92\x8c\xe7\x83\xad\xe6\x83\x85\xe8\xae\xa9\xe5\xa5\xb9\xe5\x9c\xa8\xe5\x90\x84\xe4\xb8\xaa\xe9\xa2\x86\xe5\x9f\x9f\xe9\x83\xbd\xe8\x83\xbd\xe5\x8f\x96\xe5\xbe\x97\xe5\x87\xba\xe8\x89\xb2\xe7\x9a\x84\xe6\x88\x90\xe5\xb0\xb1\xe3\x80\x82\xe6\x97\xa0\xe8\xae\xba\xe6\x98\xaf\xe5\xb7\xa5\xe4\xbd\x9c\xe8\xbf\x98\xe6\x98\xaf\xe7\x94\x9f\xe6\xb4\xbb\xef\xbc\x8c\xe8\xa2\x81\xe5\x8d\x9a\xe9\x83\xbd\xe5\xb1\x95\xe7\x8e\xb0\xe5\x87\xba\xe4\xba\x86\xe9\x9d\x9e\xe5\x87\xa1\xe7\x9a\x84\xe8\x83\xbd\xe5\x8a\x9b\xe5\x92\x8c\xe9\xad\x85\xe5\x8a\x9b\xe3\x80\x82\xe5\xa5\xb9\xe7\x9a\x84\xe6\x9c\x8b\xe5\x8f\x8b\xe4\xbb\xac\xe7\x9c\x9f\xe6\x98\xaf\xe5\xb9\xb8\xe8\xbf\x90\xe8\x83\xbd\xe5\xa4\x9f\xe5\x92\x8c\xe8\xbf\x99\xe6\xa0\xb7\xe4\xb8\x80\xe4\xbd\x8d\xe5\x87\xba\xe8\x89\xb2\xe7\x9a\x84\xe4\xba\xba\xe4\xba\xa4\xe5\xbe\x80\xe3\x80\x82\xe8\xa2\x81\xe5\x8d\x9a\xef\xbc\x8c\xe4\xbd\xa0\xe7\x9c\x9f\xe7\x9a\x84\xe5\xa4\xaa\xe6\xa3\x92\xe4\xba\x86\xef\xbc\x81zh-cnzh-cn-XiaochenNeuralC:\\Users\\Administrator\\Desktop\\1.png5General00'
2024-01-16 05:37:29.843530 - DEBUG : <-<- b'5/23212'
2024-01-16 05:41:26.088474 - DEBUG : <-<- Client connection at 127.0.0.1: 65512
2024-01-16 05:41:26.090475 - DEBUG : ->>> b'17/32/8\ninitSpeechService7eb6a197f68147a4bdd0f4c619fa7f80eastasia'
2024-01-16 05:41:26.107469 - DEBUG : <-<- b'4/true'
2024-01-16 05:41:26.109468 - DEBUG : ->>> b'13/58/3/5\ninitMetahumanD:\\Project\\Aibote\\HuMan\\AiboteHuman\\dist\\humanModel\\common0.5false'
2024-01-16 05:42:22.475511 - DEBUG : <-<- b'4/true'
2024-01-16 05:42:22.477510 - DEBUG : ->>> b'14/3/5/2/3/3/1/5/5\nshowSpeechText800Arial101282550falsefalse'
2024-01-16 05:42:22.479510 - DEBUG : <-<- b'4/true'
2024-01-16 05:42:22.499503 - DEBUG : ->>> b'18/64/330/5/20/36/2/7/1/1\nmakeMetahumanVideoD:\\Project\\Aibote\\HuMan\\AiboteHuman\\dist\\humanModel\\common\\voice\xe8\xa2\x81\xe5\x8d\x9a\xe7\x9c\x9f\xe6\x98\xaf\xe4\xb8\xaa\xe4\xba\x86\xe4\xb8\x8d\xe8\xb5\xb7\xe7\x9a\x84\xe4\xba\xba\xef\xbc\x81\xe5\xa5\xb9\xe8\x81\xaa\xe6\x98\x8e\xe3\x80\x81\xe6\x9c\x89\xe8\xb6\xa3\xef\xbc\x8c\xe8\x80\x8c\xe4\xb8\x94\xe6\x80\xbb\xe6\x98\xaf\xe5\x85\x85\xe6\xbb\xa1\xe6\xb4\xbb\xe5\x8a\x9b\xe3\x80\x82\xe5\xa5\xb9\xe7\x9a\x84\xe6\x89\x8d\xe5\x8d\x8e\xe5\x92\x8c\xe7\x83\xad\xe6\x83\x85\xe8\xae\xa9\xe5\xa5\xb9\xe5\x9c\xa8\xe5\x90\x84\xe4\xb8\xaa\xe9\xa2\x86\xe5\x9f\x9f\xe9\x83\xbd\xe8\x83\xbd\xe5\x8f\x96\xe5\xbe\x97\xe5\x87\xba\xe8\x89\xb2\xe7\x9a\x84\xe6\x88\x90\xe5\xb0\xb1\xe3\x80\x82\xe6\x97\xa0\xe8\xae\xba\xe6\x98\xaf\xe5\xb7\xa5\xe4\xbd\x9c\xe8\xbf\x98\xe6\x98\xaf\xe7\x94\x9f\xe6\xb4\xbb\xef\xbc\x8c\xe8\xa2\x81\xe5\x8d\x9a\xe9\x83\xbd\xe5\xb1\x95\xe7\x8e\xb0\xe5\x87\xba\xe4\xba\x86\xe9\x9d\x9e\xe5\x87\xa1\xe7\x9a\x84\xe8\x83\xbd\xe5\x8a\x9b\xe5\x92\x8c\xe9\xad\x85\xe5\x8a\x9b\xe3\x80\x82\xe5\xa5\xb9\xe7\x9a\x84\xe6\x9c\x8b\xe5\x8f\x8b\xe4\xbb\xac\xe7\x9c\x9f\xe6\x98\xaf\xe5\xb9\xb8\xe8\xbf\x90\xe8\x83\xbd\xe5\xa4\x9f\xe5\x92\x8c\xe8\xbf\x99\xe6\xa0\xb7\xe4\xb8\x80\xe4\xbd\x8d\xe5\x87\xba\xe8\x89\xb2\xe7\x9a\x84\xe4\xba\xba\xe4\xba\xa4\xe5\xbe\x80\xe3\x80\x82\xe8\xa2\x81\xe5\x8d\x9a\xef\xbc\x8c\xe4\xbd\xa0\xe7\x9c\x9f\xe7\x9a\x84\xe5\xa4\xaa\xe6\xa3\x92\xe4\xba\x86\xef\xbc\x81zh-cnzh-cn-XiaochenNeuralC:\\Users\\Administrator\\Desktop\\1.png10General20'
2024-01-16 05:42:50.397523 - DEBUG : <-<- b'5/23212'
2024-01-16 05:45:43.089034 - DEBUG : <-<- Client connection at 127.0.0.1: 49179
2024-01-16 05:45:43.091033 - DEBUG : ->>> b'17/32/8\ninitSpeechService7eb6a197f68147a4bdd0f4c619fa7f80eastasia'
2024-01-16 05:45:43.108027 - DEBUG : <-<- b'4/true'
2024-01-16 05:45:43.110028 - DEBUG : ->>> b'13/58/3/5\ninitMetahumanD:\\Project\\Aibote\\HuMan\\AiboteHuman\\dist\\humanModel\\common0.5false'
2024-01-16 05:46:40.437213 - DEBUG : <-<- b'4/true'
2024-01-16 05:46:40.439208 - DEBUG : ->>> b'14/3/12/2/3/3/1/5/5\nshowSpeechText800\xe5\xbe\xae\xe8\xbd\xaf\xe9\x9b\x85\xe9\xbb\x91201282550falsefalse'
2024-01-16 05:46:40.442206 - DEBUG : <-<- b'4/true'
2024-01-16 05:46:40.464549 - DEBUG : ->>> b'18/64/330/5/20/36/2/7/1/4\nmakeMetahumanVideoD:\\Project\\Aibote\\HuMan\\AiboteHuman\\dist\\humanModel\\common\\voice\xe8\xa2\x81\xe5\x8d\x9a\xe7\x9c\x9f\xe6\x98\xaf\xe4\xb8\xaa\xe4\xba\x86\xe4\xb8\x8d\xe8\xb5\xb7\xe7\x9a\x84\xe4\xba\xba\xef\xbc\x81\xe5\xa5\xb9\xe8\x81\xaa\xe6\x98\x8e\xe3\x80\x81\xe6\x9c\x89\xe8\xb6\xa3\xef\xbc\x8c\xe8\x80\x8c\xe4\xb8\x94\xe6\x80\xbb\xe6\x98\xaf\xe5\x85\x85\xe6\xbb\xa1\xe6\xb4\xbb\xe5\x8a\x9b\xe3\x80\x82\xe5\xa5\xb9\xe7\x9a\x84\xe6\x89\x8d\xe5\x8d\x8e\xe5\x92\x8c\xe7\x83\xad\xe6\x83\x85\xe8\xae\xa9\xe5\xa5\xb9\xe5\x9c\xa8\xe5\x90\x84\xe4\xb8\xaa\xe9\xa2\x86\xe5\x9f\x9f\xe9\x83\xbd\xe8\x83\xbd\xe5\x8f\x96\xe5\xbe\x97\xe5\x87\xba\xe8\x89\xb2\xe7\x9a\x84\xe6\x88\x90\xe5\xb0\xb1\xe3\x80\x82\xe6\x97\xa0\xe8\xae\xba\xe6\x98\xaf\xe5\xb7\xa5\xe4\xbd\x9c\xe8\xbf\x98\xe6\x98\xaf\xe7\x94\x9f\xe6\xb4\xbb\xef\xbc\x8c\xe8\xa2\x81\xe5\x8d\x9a\xe9\x83\xbd\xe5\xb1\x95\xe7\x8e\xb0\xe5\x87\xba\xe4\xba\x86\xe9\x9d\x9e\xe5\x87\xa1\xe7\x9a\x84\xe8\x83\xbd\xe5\x8a\x9b\xe5\x92\x8c\xe9\xad\x85\xe5\x8a\x9b\xe3\x80\x82\xe5\xa5\xb9\xe7\x9a\x84\xe6\x9c\x8b\xe5\x8f\x8b\xe4\xbb\xac\xe7\x9c\x9f\xe6\x98\xaf\xe5\xb9\xb8\xe8\xbf\x90\xe8\x83\xbd\xe5\xa4\x9f\xe5\x92\x8c\xe8\xbf\x99\xe6\xa0\xb7\xe4\xb8\x80\xe4\xbd\x8d\xe5\x87\xba\xe8\x89\xb2\xe7\x9a\x84\xe4\xba\xba\xe4\xba\xa4\xe5\xbe\x80\xe3\x80\x82\xe8\xa2\x81\xe5\x8d\x9a\xef\xbc\x8c\xe4\xbd\xa0\xe7\x9c\x9f\xe7\x9a\x84\xe5\xa4\xaa\xe6\xa3\x92\xe4\xba\x86\xef\xbc\x81zh-cnzh-cn-XiaochenNeuralC:\\Users\\Administrator\\Desktop\\1.png20General2-100'
2024-01-16 05:47:38.319230 - DEBUG : <-<- b'5/46425'
2024-01-16 05:49:04.253219 - DEBUG : <-<- Client connection at 127.0.0.1: 49250
2024-01-16 05:49:04.255217 - DEBUG : ->>> b'17/32/8\ninitSpeechService7eb6a197f68147a4bdd0f4c619fa7f80eastasia'
2024-01-16 05:49:04.272212 - DEBUG : <-<- b'4/true'
2024-01-16 05:49:04.274213 - DEBUG : ->>> b'13/58/3/5\ninitMetahumanD:\\Project\\Aibote\\HuMan\\AiboteHuman\\dist\\humanModel\\common0.5false'
2024-01-16 05:50:00.052722 - DEBUG : <-<- b'4/true'
2024-01-16 05:50:00.054720 - DEBUG : ->>> b'14/3/12/2/3/3/1/5/5\nshowSpeechText800\xe5\xbe\xae\xe8\xbd\xaf\xe9\x9b\x85\xe9\xbb\x91201282550falsefalse'
2024-01-16 05:50:00.056721 - DEBUG : <-<- b'4/true'
2024-01-16 05:50:00.075714 - DEBUG : ->>> b'18/64/330/5/20/36/3/7/1/3\nmakeMetahumanVideoD:\\Project\\Aibote\\HuMan\\AiboteHuman\\dist\\humanModel\\common\\voice\xe8\xa2\x81\xe5\x8d\x9a\xe7\x9c\x9f\xe6\x98\xaf\xe4\xb8\xaa\xe4\xba\x86\xe4\xb8\x8d\xe8\xb5\xb7\xe7\x9a\x84\xe4\xba\xba\xef\xbc\x81\xe5\xa5\xb9\xe8\x81\xaa\xe6\x98\x8e\xe3\x80\x81\xe6\x9c\x89\xe8\xb6\xa3\xef\xbc\x8c\xe8\x80\x8c\xe4\xb8\x94\xe6\x80\xbb\xe6\x98\xaf\xe5\x85\x85\xe6\xbb\xa1\xe6\xb4\xbb\xe5\x8a\x9b\xe3\x80\x82\xe5\xa5\xb9\xe7\x9a\x84\xe6\x89\x8d\xe5\x8d\x8e\xe5\x92\x8c\xe7\x83\xad\xe6\x83\x85\xe8\xae\xa9\xe5\xa5\xb9\xe5\x9c\xa8\xe5\x90\x84\xe4\xb8\xaa\xe9\xa2\x86\xe5\x9f\x9f\xe9\x83\xbd\xe8\x83\xbd\xe5\x8f\x96\xe5\xbe\x97\xe5\x87\xba\xe8\x89\xb2\xe7\x9a\x84\xe6\x88\x90\xe5\xb0\xb1\xe3\x80\x82\xe6\x97\xa0\xe8\xae\xba\xe6\x98\xaf\xe5\xb7\xa5\xe4\xbd\x9c\xe8\xbf\x98\xe6\x98\xaf\xe7\x94\x9f\xe6\xb4\xbb\xef\xbc\x8c\xe8\xa2\x81\xe5\x8d\x9a\xe9\x83\xbd\xe5\xb1\x95\xe7\x8e\xb0\xe5\x87\xba\xe4\xba\x86\xe9\x9d\x9e\xe5\x87\xa1\xe7\x9a\x84\xe8\x83\xbd\xe5\x8a\x9b\xe5\x92\x8c\xe9\xad\x85\xe5\x8a\x9b\xe3\x80\x82\xe5\xa5\xb9\xe7\x9a\x84\xe6\x9c\x8b\xe5\x8f\x8b\xe4\xbb\xac\xe7\x9c\x9f\xe6\x98\xaf\xe5\xb9\xb8\xe8\xbf\x90\xe8\x83\xbd\xe5\xa4\x9f\xe5\x92\x8c\xe8\xbf\x99\xe6\xa0\xb7\xe4\xb8\x80\xe4\xbd\x8d\xe5\x87\xba\xe8\x89\xb2\xe7\x9a\x84\xe4\xba\xba\xe4\xba\xa4\xe5\xbe\x80\xe3\x80\x82\xe8\xa2\x81\xe5\x8d\x9a\xef\xbc\x8c\xe4\xbd\xa0\xe7\x9c\x9f\xe7\x9a\x84\xe5\xa4\xaa\xe6\xa3\x92\xe4\xba\x86\xef\xbc\x81zh-cnzh-cn-XiaochenNeuralC:\\Users\\Administrator\\Desktop\\1.png100General2-50'
2024-01-16 05:50:35.552675 - DEBUG : <-<- Client connection at 127.0.0.1: 49269
2024-01-16 05:50:35.553674 - DEBUG : ->>> b'17/32/8\ninitSpeechService7eb6a197f68147a4bdd0f4c619fa7f80eastasia'
2024-01-16 05:50:35.571668 - DEBUG : <-<- b'4/true'
2024-01-16 05:50:35.574667 - DEBUG : ->>> b'13/58/3/5\ninitMetahumanD:\\Project\\Aibote\\HuMan\\AiboteHuman\\dist\\humanModel\\common0.5false'
2024-01-16 05:51:32.157298 - DEBUG : <-<- b'4/true'
2024-01-16 05:51:32.159295 - DEBUG : ->>> b'14/3/12/2/3/3/1/5/5\nshowSpeechText800\xe5\xbe\xae\xe8\xbd\xaf\xe9\x9b\x85\xe9\xbb\x91201282550falsefalse'
2024-01-16 05:51:32.183288 - DEBUG : <-<- b'4/true'
2024-01-16 05:51:32.184287 - DEBUG : ->>> b'18/64/330/5/20/36/3/7/1/1\nmakeMetahumanVideoD:\\Project\\Aibote\\HuMan\\AiboteHuman\\dist\\humanModel\\common\\voice\xe8\xa2\x81\xe5\x8d\x9a\xe7\x9c\x9f\xe6\x98\xaf\xe4\xb8\xaa\xe4\xba\x86\xe4\xb8\x8d\xe8\xb5\xb7\xe7\x9a\x84\xe4\xba\xba\xef\xbc\x81\xe5\xa5\xb9\xe8\x81\xaa\xe6\x98\x8e\xe3\x80\x81\xe6\x9c\x89\xe8\xb6\xa3\xef\xbc\x8c\xe8\x80\x8c\xe4\xb8\x94\xe6\x80\xbb\xe6\x98\xaf\xe5\x85\x85\xe6\xbb\xa1\xe6\xb4\xbb\xe5\x8a\x9b\xe3\x80\x82\xe5\xa5\xb9\xe7\x9a\x84\xe6\x89\x8d\xe5\x8d\x8e\xe5\x92\x8c\xe7\x83\xad\xe6\x83\x85\xe8\xae\xa9\xe5\xa5\xb9\xe5\x9c\xa8\xe5\x90\x84\xe4\xb8\xaa\xe9\xa2\x86\xe5\x9f\x9f\xe9\x83\xbd\xe8\x83\xbd\xe5\x8f\x96\xe5\xbe\x97\xe5\x87\xba\xe8\x89\xb2\xe7\x9a\x84\xe6\x88\x90\xe5\xb0\xb1\xe3\x80\x82\xe6\x97\xa0\xe8\xae\xba\xe6\x98\xaf\xe5\xb7\xa5\xe4\xbd\x9c\xe8\xbf\x98\xe6\x98\xaf\xe7\x94\x9f\xe6\xb4\xbb\xef\xbc\x8c\xe8\xa2\x81\xe5\x8d\x9a\xe9\x83\xbd\xe5\xb1\x95\xe7\x8e\xb0\xe5\x87\xba\xe4\xba\x86\xe9\x9d\x9e\xe5\x87\xa1\xe7\x9a\x84\xe8\x83\xbd\xe5\x8a\x9b\xe5\x92\x8c\xe9\xad\x85\xe5\x8a\x9b\xe3\x80\x82\xe5\xa5\xb9\xe7\x9a\x84\xe6\x9c\x8b\xe5\x8f\x8b\xe4\xbb\xac\xe7\x9c\x9f\xe6\x98\xaf\xe5\xb9\xb8\xe8\xbf\x90\xe8\x83\xbd\xe5\xa4\x9f\xe5\x92\x8c\xe8\xbf\x99\xe6\xa0\xb7\xe4\xb8\x80\xe4\xbd\x8d\xe5\x87\xba\xe8\x89\xb2\xe7\x9a\x84\xe4\xba\xba\xe4\xba\xa4\xe5\xbe\x80\xe3\x80\x82\xe8\xa2\x81\xe5\x8d\x9a\xef\xbc\x8c\xe4\xbd\xa0\xe7\x9c\x9f\xe7\x9a\x84\xe5\xa4\xaa\xe6\xa3\x92\xe4\xba\x86\xef\xbc\x81zh-cnzh-cn-XiaochenNeuralC:\\Users\\Administrator\\Desktop\\1.png100General20'
2024-01-16 05:51:57.674000 - DEBUG : <-<- b'5/23212'
2024-01-16 05:52:44.386417 - DEBUG : <-<- Client connection at 127.0.0.1: 49304
2024-01-16 05:52:44.388415 - DEBUG : ->>> b'17/32/8\ninitSpeechService7eb6a197f68147a4bdd0f4c619fa7f80eastasia'
2024-01-16 05:52:44.406409 - DEBUG : <-<- b'4/true'
2024-01-16 05:52:44.423403 - DEBUG : ->>> b'13/58/3/5\ninitMetahumanD:\\Project\\Aibote\\HuMan\\AiboteHuman\\dist\\humanModel\\common0.5false'
2024-01-16 05:53:40.329312 - DEBUG : <-<- b'4/true'
2024-01-16 05:53:40.331310 - DEBUG : ->>> b'18/64/330/5/20/36/3/7/1/1\nmakeMetahumanVideoD:\\Project\\Aibote\\HuMan\\AiboteHuman\\dist\\humanModel\\common\\voice\xe8\xa2\x81\xe5\x8d\x9a\xe7\x9c\x9f\xe6\x98\xaf\xe4\xb8\xaa\xe4\xba\x86\xe4\xb8\x8d\xe8\xb5\xb7\xe7\x9a\x84\xe4\xba\xba\xef\xbc\x81\xe5\xa5\xb9\xe8\x81\xaa\xe6\x98\x8e\xe3\x80\x81\xe6\x9c\x89\xe8\xb6\xa3\xef\xbc\x8c\xe8\x80\x8c\xe4\xb8\x94\xe6\x80\xbb\xe6\x98\xaf\xe5\x85\x85\xe6\xbb\xa1\xe6\xb4\xbb\xe5\x8a\x9b\xe3\x80\x82\xe5\xa5\xb9\xe7\x9a\x84\xe6\x89\x8d\xe5\x8d\x8e\xe5\x92\x8c\xe7\x83\xad\xe6\x83\x85\xe8\xae\xa9\xe5\xa5\xb9\xe5\x9c\xa8\xe5\x90\x84\xe4\xb8\xaa\xe9\xa2\x86\xe5\x9f\x9f\xe9\x83\xbd\xe8\x83\xbd\xe5\x8f\x96\xe5\xbe\x97\xe5\x87\xba\xe8\x89\xb2\xe7\x9a\x84\xe6\x88\x90\xe5\xb0\xb1\xe3\x80\x82\xe6\x97\xa0\xe8\xae\xba\xe6\x98\xaf\xe5\xb7\xa5\xe4\xbd\x9c\xe8\xbf\x98\xe6\x98\xaf\xe7\x94\x9f\xe6\xb4\xbb\xef\xbc\x8c\xe8\xa2\x81\xe5\x8d\x9a\xe9\x83\xbd\xe5\xb1\x95\xe7\x8e\xb0\xe5\x87\xba\xe4\xba\x86\xe9\x9d\x9e\xe5\x87\xa1\xe7\x9a\x84\xe8\x83\xbd\xe5\x8a\x9b\xe5\x92\x8c\xe9\xad\x85\xe5\x8a\x9b\xe3\x80\x82\xe5\xa5\xb9\xe7\x9a\x84\xe6\x9c\x8b\xe5\x8f\x8b\xe4\xbb\xac\xe7\x9c\x9f\xe6\x98\xaf\xe5\xb9\xb8\xe8\xbf\x90\xe8\x83\xbd\xe5\xa4\x9f\xe5\x92\x8c\xe8\xbf\x99\xe6\xa0\xb7\xe4\xb8\x80\xe4\xbd\x8d\xe5\x87\xba\xe8\x89\xb2\xe7\x9a\x84\xe4\xba\xba\xe4\xba\xa4\xe5\xbe\x80\xe3\x80\x82\xe8\xa2\x81\xe5\x8d\x9a\xef\xbc\x8c\xe4\xbd\xa0\xe7\x9c\x9f\xe7\x9a\x84\xe5\xa4\xaa\xe6\xa3\x92\xe4\xba\x86\xef\xbc\x81zh-cnzh-cn-XiaochenNeuralC:\\Users\\Administrator\\Desktop\\1.png100General20'
2024-01-16 05:54:05.858967 - DEBUG : <-<- b'5/23212'
2024-01-16 05:54:05.860967 - DEBUG : ->>> b'14/3/12/2/3/3/1/5/5\nshowSpeechText800\xe5\xbe\xae\xe8\xbd\xaf\xe9\x9b\x85\xe9\xbb\x91201282550falsefalse'
2024-01-16 05:54:05.907954 - DEBUG : <-<- b'4/true'
2024-01-16 05:56:05.948835 - DEBUG : <-<- Client connection at 127.0.0.1: 49348
2024-01-16 05:56:05.949830 - DEBUG : ->>> b'17/32/8\ninitSpeechService7eb6a197f68147a4bdd0f4c619fa7f80eastasia'
2024-01-16 05:56:05.967825 - DEBUG : <-<- b'4/true'
2024-01-16 05:56:05.969824 - DEBUG : ->>> b'13/58/3/5\ninitMetahumanD:\\Project\\Aibote\\HuMan\\AiboteHuman\\dist\\humanModel\\common0.5false'
2024-01-16 05:57:04.442911 - DEBUG : <-<- b'4/true'
2024-01-16 05:57:04.444911 - DEBUG : ->>> b'14/3/12/2/3/3/1/5/5\nshowSpeechText800\xe5\xbe\xae\xe8\xbd\xaf\xe9\x9b\x85\xe9\xbb\x91201282550falsefalse'
2024-01-16 05:57:04.446911 - DEBUG : <-<- b'4/true'
2024-01-16 05:57:04.466903 - DEBUG : ->>> b'18/64/330/5/20/36/3/7/1/3\nmakeMetahumanVideoD:\\Project\\Aibote\\HuMan\\AiboteHuman\\dist\\humanModel\\common\\voice\xe8\xa2\x81\xe5\x8d\x9a\xe7\x9c\x9f\xe6\x98\xaf\xe4\xb8\xaa\xe4\xba\x86\xe4\xb8\x8d\xe8\xb5\xb7\xe7\x9a\x84\xe4\xba\xba\xef\xbc\x81\xe5\xa5\xb9\xe8\x81\xaa\xe6\x98\x8e\xe3\x80\x81\xe6\x9c\x89\xe8\xb6\xa3\xef\xbc\x8c\xe8\x80\x8c\xe4\xb8\x94\xe6\x80\xbb\xe6\x98\xaf\xe5\x85\x85\xe6\xbb\xa1\xe6\xb4\xbb\xe5\x8a\x9b\xe3\x80\x82\xe5\xa5\xb9\xe7\x9a\x84\xe6\x89\x8d\xe5\x8d\x8e\xe5\x92\x8c\xe7\x83\xad\xe6\x83\x85\xe8\xae\xa9\xe5\xa5\xb9\xe5\x9c\xa8\xe5\x90\x84\xe4\xb8\xaa\xe9\xa2\x86\xe5\x9f\x9f\xe9\x83\xbd\xe8\x83\xbd\xe5\x8f\x96\xe5\xbe\x97\xe5\x87\xba\xe8\x89\xb2\xe7\x9a\x84\xe6\x88\x90\xe5\xb0\xb1\xe3\x80\x82\xe6\x97\xa0\xe8\xae\xba\xe6\x98\xaf\xe5\xb7\xa5\xe4\xbd\x9c\xe8\xbf\x98\xe6\x98\xaf\xe7\x94\x9f\xe6\xb4\xbb\xef\xbc\x8c\xe8\xa2\x81\xe5\x8d\x9a\xe9\x83\xbd\xe5\xb1\x95\xe7\x8e\xb0\xe5\x87\xba\xe4\xba\x86\xe9\x9d\x9e\xe5\x87\xa1\xe7\x9a\x84\xe8\x83\xbd\xe5\x8a\x9b\xe5\x92\x8c\xe9\xad\x85\xe5\x8a\x9b\xe3\x80\x82\xe5\xa5\xb9\xe7\x9a\x84\xe6\x9c\x8b\xe5\x8f\x8b\xe4\xbb\xac\xe7\x9c\x9f\xe6\x98\xaf\xe5\xb9\xb8\xe8\xbf\x90\xe8\x83\xbd\xe5\xa4\x9f\xe5\x92\x8c\xe8\xbf\x99\xe6\xa0\xb7\xe4\xb8\x80\xe4\xbd\x8d\xe5\x87\xba\xe8\x89\xb2\xe7\x9a\x84\xe4\xba\xba\xe4\xba\xa4\xe5\xbe\x80\xe3\x80\x82\xe8\xa2\x81\xe5\x8d\x9a\xef\xbc\x8c\xe4\xbd\xa0\xe7\x9c\x9f\xe7\x9a\x84\xe5\xa4\xaa\xe6\xa3\x92\xe4\xba\x86\xef\xbc\x81zh-cnzh-cn-XiaochenNeuralC:\\Users\\Administrator\\Desktop\\1.png100General2-50'
2024-01-16 05:58:13.505857 - DEBUG : <-<- Client connection at 127.0.0.1: 49383
2024-01-16 05:58:13.507858 - DEBUG : ->>> b'17/32/8\ninitSpeechService7eb6a197f68147a4bdd0f4c619fa7f80eastasia'
2024-01-16 05:58:13.524853 - DEBUG : <-<- b'4/true'
2024-01-16 05:58:13.528851 - DEBUG : ->>> b'13/58/3/5\ninitMetahumanD:\\Project\\Aibote\\HuMan\\AiboteHuman\\dist\\humanModel\\common0.5false'
2024-01-16 05:59:10.557143 - DEBUG : <-<- b'4/true'
2024-01-16 05:59:10.559144 - DEBUG : ->>> b'14/3/12/2/3/3/1/5/5\nshowSpeechText800\xe5\xbe\xae\xe8\xbd\xaf\xe9\x9b\x85\xe9\xbb\x91201282550falsefalse'
2024-01-16 05:59:10.561142 - DEBUG : <-<- b'4/true'
2024-01-16 05:59:10.581135 - DEBUG : ->>> b'18/64/330/5/20/36/3/8/1/1\nmakeMetahumanVideoD:\\Project\\Aibote\\HuMan\\AiboteHuman\\dist\\humanModel\\common\\voice\xe8\xa2\x81\xe5\x8d\x9a\xe7\x9c\x9f\xe6\x98\xaf\xe4\xb8\xaa\xe4\xba\x86\xe4\xb8\x8d\xe8\xb5\xb7\xe7\x9a\x84\xe4\xba\xba\xef\xbc\x81\xe5\xa5\xb9\xe8\x81\xaa\xe6\x98\x8e\xe3\x80\x81\xe6\x9c\x89\xe8\xb6\xa3\xef\xbc\x8c\xe8\x80\x8c\xe4\xb8\x94\xe6\x80\xbb\xe6\x98\xaf\xe5\x85\x85\xe6\xbb\xa1\xe6\xb4\xbb\xe5\x8a\x9b\xe3\x80\x82\xe5\xa5\xb9\xe7\x9a\x84\xe6\x89\x8d\xe5\x8d\x8e\xe5\x92\x8c\xe7\x83\xad\xe6\x83\x85\xe8\xae\xa9\xe5\xa5\xb9\xe5\x9c\xa8\xe5\x90\x84\xe4\xb8\xaa\xe9\xa2\x86\xe5\x9f\x9f\xe9\x83\xbd\xe8\x83\xbd\xe5\x8f\x96\xe5\xbe\x97\xe5\x87\xba\xe8\x89\xb2\xe7\x9a\x84\xe6\x88\x90\xe5\xb0\xb1\xe3\x80\x82\xe6\x97\xa0\xe8\xae\xba\xe6\x98\xaf\xe5\xb7\xa5\xe4\xbd\x9c\xe8\xbf\x98\xe6\x98\xaf\xe7\x94\x9f\xe6\xb4\xbb\xef\xbc\x8c\xe8\xa2\x81\xe5\x8d\x9a\xe9\x83\xbd\xe5\xb1\x95\xe7\x8e\xb0\xe5\x87\xba\xe4\xba\x86\xe9\x9d\x9e\xe5\x87\xa1\xe7\x9a\x84\xe8\x83\xbd\xe5\x8a\x9b\xe5\x92\x8c\xe9\xad\x85\xe5\x8a\x9b\xe3\x80\x82\xe5\xa5\xb9\xe7\x9a\x84\xe6\x9c\x8b\xe5\x8f\x8b\xe4\xbb\xac\xe7\x9c\x9f\xe6\x98\xaf\xe5\xb9\xb8\xe8\xbf\x90\xe8\x83\xbd\xe5\xa4\x9f\xe5\x92\x8c\xe8\xbf\x99\xe6\xa0\xb7\xe4\xb8\x80\xe4\xbd\x8d\xe5\x87\xba\xe8\x89\xb2\xe7\x9a\x84\xe4\xba\xba\xe4\xba\xa4\xe5\xbe\x80\xe3\x80\x82\xe8\xa2\x81\xe5\x8d\x9a\xef\xbc\x8c\xe4\xbd\xa0\xe7\x9c\x9f\xe7\x9a\x84\xe5\xa4\xaa\xe6\xa3\x92\xe4\xba\x86\xef\xbc\x81zh-cnzh-cn-XiaochenNeuralC:\\Users\\Administrator\\Desktop\\1.png100Cheerful20'
2024-01-16 05:59:37.596925 - DEBUG : <-<- b'5/23212'
2024-01-16 06:00:16.717113 - DEBUG : <-<- Client connection at 127.0.0.1: 49409
2024-01-16 06:00:16.719111 - DEBUG : ->>> b'17/32/8\ninitSpeechService7eb6a197f68147a4bdd0f4c619fa7f80eastasia'
2024-01-16 06:00:16.736107 - DEBUG : <-<- b'4/true'
2024-01-16 06:00:16.741105 - DEBUG : ->>> b'13/58/3/5\ninitMetahumanD:\\Project\\Aibote\\HuMan\\AiboteHuman\\dist\\humanModel\\common0.5false'
2024-01-16 06:01:12.224020 - DEBUG : <-<- b'4/true'
2024-01-16 06:01:12.226019 - DEBUG : ->>> b'18/64/330/5/20/36/3/8/1/1\nmakeMetahumanVideoD:\\Project\\Aibote\\HuMan\\AiboteHuman\\dist\\humanModel\\common\\voice\xe8\xa2\x81\xe5\x8d\x9a\xe7\x9c\x9f\xe6\x98\xaf\xe4\xb8\xaa\xe4\xba\x86\xe4\xb8\x8d\xe8\xb5\xb7\xe7\x9a\x84\xe4\xba\xba\xef\xbc\x81\xe5\xa5\xb9\xe8\x81\xaa\xe6\x98\x8e\xe3\x80\x81\xe6\x9c\x89\xe8\xb6\xa3\xef\xbc\x8c\xe8\x80\x8c\xe4\xb8\x94\xe6\x80\xbb\xe6\x98\xaf\xe5\x85\x85\xe6\xbb\xa1\xe6\xb4\xbb\xe5\x8a\x9b\xe3\x80\x82\xe5\xa5\xb9\xe7\x9a\x84\xe6\x89\x8d\xe5\x8d\x8e\xe5\x92\x8c\xe7\x83\xad\xe6\x83\x85\xe8\xae\xa9\xe5\xa5\xb9\xe5\x9c\xa8\xe5\x90\x84\xe4\xb8\xaa\xe9\xa2\x86\xe5\x9f\x9f\xe9\x83\xbd\xe8\x83\xbd\xe5\x8f\x96\xe5\xbe\x97\xe5\x87\xba\xe8\x89\xb2\xe7\x9a\x84\xe6\x88\x90\xe5\xb0\xb1\xe3\x80\x82\xe6\x97\xa0\xe8\xae\xba\xe6\x98\xaf\xe5\xb7\xa5\xe4\xbd\x9c\xe8\xbf\x98\xe6\x98\xaf\xe7\x94\x9f\xe6\xb4\xbb\xef\xbc\x8c\xe8\xa2\x81\xe5\x8d\x9a\xe9\x83\xbd\xe5\xb1\x95\xe7\x8e\xb0\xe5\x87\xba\xe4\xba\x86\xe9\x9d\x9e\xe5\x87\xa1\xe7\x9a\x84\xe8\x83\xbd\xe5\x8a\x9b\xe5\x92\x8c\xe9\xad\x85\xe5\x8a\x9b\xe3\x80\x82\xe5\xa5\xb9\xe7\x9a\x84\xe6\x9c\x8b\xe5\x8f\x8b\xe4\xbb\xac\xe7\x9c\x9f\xe6\x98\xaf\xe5\xb9\xb8\xe8\xbf\x90\xe8\x83\xbd\xe5\xa4\x9f\xe5\x92\x8c\xe8\xbf\x99\xe6\xa0\xb7\xe4\xb8\x80\xe4\xbd\x8d\xe5\x87\xba\xe8\x89\xb2\xe7\x9a\x84\xe4\xba\xba\xe4\xba\xa4\xe5\xbe\x80\xe3\x80\x82\xe8\xa2\x81\xe5\x8d\x9a\xef\xbc\x8c\xe4\xbd\xa0\xe7\x9c\x9f\xe7\x9a\x84\xe5\xa4\xaa\xe6\xa3\x92\xe4\xba\x86\xef\xbc\x81zh-cnzh-cn-XiaochenNeuralC:\\Users\\Administrator\\Desktop\\1.png100Cheerful20'
2024-01-16 06:01:37.922233 - DEBUG : <-<- b'5/23212'
2024-01-16 06:02:50.306972 - DEBUG : <-<- Client connection at 127.0.0.1: 49451
2024-01-16 06:02:50.307971 - DEBUG : ->>> b'17/32/8\ninitSpeechService7eb6a197f68147a4bdd0f4c619fa7f80eastasia'
2024-01-16 06:02:50.324964 - DEBUG : <-<- b'4/true'
2024-01-16 06:02:50.331962 - DEBUG : ->>> b'13/58/3/5\ninitMetahumanD:\\Project\\Aibote\\HuMan\\AiboteHuman\\dist\\humanModel\\common0.5false'
2024-01-16 06:03:46.346297 - DEBUG : <-<- b'4/true'
2024-01-16 06:03:46.348294 - DEBUG : ->>> b'18/64/330/5/20/36/3/8/1/2\nmakeMetahumanVideoD:\\Project\\Aibote\\HuMan\\AiboteHuman\\dist\\humanModel\\common\\voice\xe8\xa2\x81\xe5\x8d\x9a\xe7\x9c\x9f\xe6\x98\xaf\xe4\xb8\xaa\xe4\xba\x86\xe4\xb8\x8d\xe8\xb5\xb7\xe7\x9a\x84\xe4\xba\xba\xef\xbc\x81\xe5\xa5\xb9\xe8\x81\xaa\xe6\x98\x8e\xe3\x80\x81\xe6\x9c\x89\xe8\xb6\xa3\xef\xbc\x8c\xe8\x80\x8c\xe4\xb8\x94\xe6\x80\xbb\xe6\x98\xaf\xe5\x85\x85\xe6\xbb\xa1\xe6\xb4\xbb\xe5\x8a\x9b\xe3\x80\x82\xe5\xa5\xb9\xe7\x9a\x84\xe6\x89\x8d\xe5\x8d\x8e\xe5\x92\x8c\xe7\x83\xad\xe6\x83\x85\xe8\xae\xa9\xe5\xa5\xb9\xe5\x9c\xa8\xe5\x90\x84\xe4\xb8\xaa\xe9\xa2\x86\xe5\x9f\x9f\xe9\x83\xbd\xe8\x83\xbd\xe5\x8f\x96\xe5\xbe\x97\xe5\x87\xba\xe8\x89\xb2\xe7\x9a\x84\xe6\x88\x90\xe5\xb0\xb1\xe3\x80\x82\xe6\x97\xa0\xe8\xae\xba\xe6\x98\xaf\xe5\xb7\xa5\xe4\xbd\x9c\xe8\xbf\x98\xe6\x98\xaf\xe7\x94\x9f\xe6\xb4\xbb\xef\xbc\x8c\xe8\xa2\x81\xe5\x8d\x9a\xe9\x83\xbd\xe5\xb1\x95\xe7\x8e\xb0\xe5\x87\xba\xe4\xba\x86\xe9\x9d\x9e\xe5\x87\xa1\xe7\x9a\x84\xe8\x83\xbd\xe5\x8a\x9b\xe5\x92\x8c\xe9\xad\x85\xe5\x8a\x9b\xe3\x80\x82\xe5\xa5\xb9\xe7\x9a\x84\xe6\x9c\x8b\xe5\x8f\x8b\xe4\xbb\xac\xe7\x9c\x9f\xe6\x98\xaf\xe5\xb9\xb8\xe8\xbf\x90\xe8\x83\xbd\xe5\xa4\x9f\xe5\x92\x8c\xe8\xbf\x99\xe6\xa0\xb7\xe4\xb8\x80\xe4\xbd\x8d\xe5\x87\xba\xe8\x89\xb2\xe7\x9a\x84\xe4\xba\xba\xe4\xba\xa4\xe5\xbe\x80\xe3\x80\x82\xe8\xa2\x81\xe5\x8d\x9a\xef\xbc\x8c\xe4\xbd\xa0\xe7\x9c\x9f\xe7\x9a\x84\xe5\xa4\xaa\xe6\xa3\x92\xe4\xba\x86\xef\xbc\x81zh-cnzh-cn-XiaochenNeuralC:\\Users\\Administrator\\Desktop\\1.png100Cheerful220'
2024-01-16 06:04:13.903483 - DEBUG : <-<- b'5/19341'
2024-01-16 06:04:46.967507 - DEBUG : <-<- Client connection at 127.0.0.1: 49477
2024-01-16 06:04:46.969506 - DEBUG : ->>> b'17/32/8\ninitSpeechService7eb6a197f68147a4bdd0f4c619fa7f80eastasia'
2024-01-16 06:04:46.986500 - DEBUG : <-<- b'4/true'
2024-01-16 06:04:46.989499 - DEBUG : ->>> b'13/58/3/5\ninitMetahumanD:\\Project\\Aibote\\HuMan\\AiboteHuman\\dist\\humanModel\\common0.5false'
2024-01-16 06:05:42.634655 - DEBUG : <-<- b'4/true'
2024-01-16 06:05:42.636654 - DEBUG : ->>> b'18/64/330/5/20/36/3/8/1/2\nmakeMetahumanVideoD:\\Project\\Aibote\\HuMan\\AiboteHuman\\dist\\humanModel\\common\\voice\xe8\xa2\x81\xe5\x8d\x9a\xe7\x9c\x9f\xe6\x98\xaf\xe4\xb8\xaa\xe4\xba\x86\xe4\xb8\x8d\xe8\xb5\xb7\xe7\x9a\x84\xe4\xba\xba\xef\xbc\x81\xe5\xa5\xb9\xe8\x81\xaa\xe6\x98\x8e\xe3\x80\x81\xe6\x9c\x89\xe8\xb6\xa3\xef\xbc\x8c\xe8\x80\x8c\xe4\xb8\x94\xe6\x80\xbb\xe6\x98\xaf\xe5\x85\x85\xe6\xbb\xa1\xe6\xb4\xbb\xe5\x8a\x9b\xe3\x80\x82\xe5\xa5\xb9\xe7\x9a\x84\xe6\x89\x8d\xe5\x8d\x8e\xe5\x92\x8c\xe7\x83\xad\xe6\x83\x85\xe8\xae\xa9\xe5\xa5\xb9\xe5\x9c\xa8\xe5\x90\x84\xe4\xb8\xaa\xe9\xa2\x86\xe5\x9f\x9f\xe9\x83\xbd\xe8\x83\xbd\xe5\x8f\x96\xe5\xbe\x97\xe5\x87\xba\xe8\x89\xb2\xe7\x9a\x84\xe6\x88\x90\xe5\xb0\xb1\xe3\x80\x82\xe6\x97\xa0\xe8\xae\xba\xe6\x98\xaf\xe5\xb7\xa5\xe4\xbd\x9c\xe8\xbf\x98\xe6\x98\xaf\xe7\x94\x9f\xe6\xb4\xbb\xef\xbc\x8c\xe8\xa2\x81\xe5\x8d\x9a\xe9\x83\xbd\xe5\xb1\x95\xe7\x8e\xb0\xe5\x87\xba\xe4\xba\x86\xe9\x9d\x9e\xe5\x87\xa1\xe7\x9a\x84\xe8\x83\xbd\xe5\x8a\x9b\xe5\x92\x8c\xe9\xad\x85\xe5\x8a\x9b\xe3\x80\x82\xe5\xa5\xb9\xe7\x9a\x84\xe6\x9c\x8b\xe5\x8f\x8b\xe4\xbb\xac\xe7\x9c\x9f\xe6\x98\xaf\xe5\xb9\xb8\xe8\xbf\x90\xe8\x83\xbd\xe5\xa4\x9f\xe5\x92\x8c\xe8\xbf\x99\xe6\xa0\xb7\xe4\xb8\x80\xe4\xbd\x8d\xe5\x87\xba\xe8\x89\xb2\xe7\x9a\x84\xe4\xba\xba\xe4\xba\xa4\xe5\xbe\x80\xe3\x80\x82\xe8\xa2\x81\xe5\x8d\x9a\xef\xbc\x8c\xe4\xbd\xa0\xe7\x9c\x9f\xe7\x9a\x84\xe5\xa4\xaa\xe6\xa3\x92\xe4\xba\x86\xef\xbc\x81zh-cnzh-cn-XiaochenNeuralC:\\Users\\Administrator\\Desktop\\1.png100Cheerful220'
2024-01-16 06:06:03.952426 - DEBUG : <-<- b'5/19341'
2024-01-16 06:09:10.550251 - DEBUG : <-<- Client connection at 127.0.0.1: 49549
2024-01-16 06:09:10.552251 - DEBUG : ->>> b'17/32/8\ninitSpeechService7eb6a197f68147a4bdd0f4c619fa7f80eastasia'
2024-01-16 06:09:10.569245 - DEBUG : <-<- b'4/true'
2024-01-16 06:09:10.571245 - DEBUG : ->>> b'13/58/3/5\ninitMetahumanD:\\Project\\Aibote\\HuMan\\AiboteHuman\\dist\\humanModel\\common0.5false'
2024-01-16 06:10:06.065090 - DEBUG : <-<- b'4/true'
2024-01-16 06:10:06.067090 - DEBUG : ->>> b'18/64/339/5/20/36/3/8/1/2\nmakeMetahumanVideoD:\\Project\\Aibote\\HuMan\\AiboteHuman\\dist\\humanModel\\common\\voice\xe6\x98\x93\xe5\xa9\xb7\xe7\x8e\x89\xe7\x9c\x9f\xe6\x98\xaf\xe4\xb8\xaa\xe4\xba\x86\xe4\xb8\x8d\xe8\xb5\xb7\xe7\x9a\x84\xe4\xba\xba\xef\xbc\x81\xe5\xa5\xb9\xe8\x81\xaa\xe6\x98\x8e\xe3\x80\x81\xe6\x9c\x89\xe8\xb6\xa3\xef\xbc\x8c\xe8\x80\x8c\xe4\xb8\x94\xe6\x80\xbb\xe6\x98\xaf\xe5\x85\x85\xe6\xbb\xa1\xe6\xb4\xbb\xe5\x8a\x9b\xe3\x80\x82\xe5\xa5\xb9\xe7\x9a\x84\xe6\x89\x8d\xe5\x8d\x8e\xe5\x92\x8c\xe7\x83\xad\xe6\x83\x85\xe8\xae\xa9\xe5\xa5\xb9\xe5\x9c\xa8\xe5\x90\x84\xe4\xb8\xaa\xe9\xa2\x86\xe5\x9f\x9f\xe9\x83\xbd\xe8\x83\xbd\xe5\x8f\x96\xe5\xbe\x97\xe5\x87\xba\xe8\x89\xb2\xe7\x9a\x84\xe6\x88\x90\xe5\xb0\xb1\xe3\x80\x82\xe6\x97\xa0\xe8\xae\xba\xe6\x98\xaf\xe5\xb7\xa5\xe4\xbd\x9c\xe8\xbf\x98\xe6\x98\xaf\xe7\x94\x9f\xe6\xb4\xbb\xef\xbc\x8c\xe6\x98\x93\xe5\xa9\xb7\xe7\x8e\x89\xe9\x83\xbd\xe5\xb1\x95\xe7\x8e\xb0\xe5\x87\xba\xe4\xba\x86\xe9\x9d\x9e\xe5\x87\xa1\xe7\x9a\x84\xe8\x83\xbd\xe5\x8a\x9b\xe5\x92\x8c\xe9\xad\x85\xe5\x8a\x9b\xe3\x80\x82\xe5\xa5\xb9\xe7\x9a\x84\xe6\x9c\x8b\xe5\x8f\x8b\xe4\xbb\xac\xe7\x9c\x9f\xe6\x98\xaf\xe5\xb9\xb8\xe8\xbf\x90\xe8\x83\xbd\xe5\xa4\x9f\xe5\x92\x8c\xe8\xbf\x99\xe6\xa0\xb7\xe4\xb8\x80\xe4\xbd\x8d\xe5\x87\xba\xe8\x89\xb2\xe7\x9a\x84\xe4\xba\xba\xe4\xba\xa4\xe5\xbe\x80\xe3\x80\x82\xe6\x98\x93\xe5\xa9\xb7\xe7\x8e\x89\xef\xbc\x8c\xe4\xbd\xa0\xe7\x9c\x9f\xe7\x9a\x84\xe5\xa4\xaa\xe6\xa3\x92\xe4\xba\x86\xef\xbc\x81zh-cnzh-cn-XiaochenNeuralC:\\Users\\Administrator\\Desktop\\1.png100Cheerful220'
2024-01-16 06:10:35.460373 - DEBUG : <-<- b'5/19785'
2024-01-16 06:11:52.529771 - DEBUG : <-<- Client connection at 127.0.0.1: 49591
2024-01-16 06:11:52.531772 - DEBUG : ->>> b'17/32/8\ninitSpeechService7eb6a197f68147a4bdd0f4c619fa7f80eastasia'
2024-01-16 06:11:52.548765 - DEBUG : <-<- b'4/true'
2024-01-16 06:11:52.555763 - DEBUG : ->>> b'13/58/3/5\ninitMetahumanD:\\Project\\Aibote\\HuMan\\AiboteHuman\\dist\\humanModel\\common0.5false'
2024-01-16 06:12:50.006974 - DEBUG : <-<- b'4/true'
2024-01-16 06:12:50.008974 - DEBUG : ->>> b'18/64/330/5/20/36/3/8/1/2\nmakeMetahumanVideoD:\\Project\\Aibote\\HuMan\\AiboteHuman\\dist\\humanModel\\common\\voice\xe8\x8a\xb9\xe5\xa7\x90\xe7\x9c\x9f\xe6\x98\xaf\xe4\xb8\xaa\xe4\xba\x86\xe4\xb8\x8d\xe8\xb5\xb7\xe7\x9a\x84\xe4\xba\xba\xef\xbc\x81\xe5\xa5\xb9\xe8\x81\xaa\xe6\x98\x8e\xe3\x80\x81\xe6\x9c\x89\xe8\xb6\xa3\xef\xbc\x8c\xe8\x80\x8c\xe4\xb8\x94\xe6\x80\xbb\xe6\x98\xaf\xe5\x85\x85\xe6\xbb\xa1\xe6\xb4\xbb\xe5\x8a\x9b\xe3\x80\x82\xe5\xa5\xb9\xe7\x9a\x84\xe6\x89\x8d\xe5\x8d\x8e\xe5\x92\x8c\xe7\x83\xad\xe6\x83\x85\xe8\xae\xa9\xe5\xa5\xb9\xe5\x9c\xa8\xe5\x90\x84\xe4\xb8\xaa\xe9\xa2\x86\xe5\x9f\x9f\xe9\x83\xbd\xe8\x83\xbd\xe5\x8f\x96\xe5\xbe\x97\xe5\x87\xba\xe8\x89\xb2\xe7\x9a\x84\xe6\x88\x90\xe5\xb0\xb1\xe3\x80\x82\xe6\x97\xa0\xe8\xae\xba\xe6\x98\xaf\xe5\xb7\xa5\xe4\xbd\x9c\xe8\xbf\x98\xe6\x98\xaf\xe7\x94\x9f\xe6\xb4\xbb\xef\xbc\x8c\xe8\x8a\xb9\xe5\xa7\x90\xe9\x83\xbd\xe5\xb1\x95\xe7\x8e\xb0\xe5\x87\xba\xe4\xba\x86\xe9\x9d\x9e\xe5\x87\xa1\xe7\x9a\x84\xe8\x83\xbd\xe5\x8a\x9b\xe5\x92\x8c\xe9\xad\x85\xe5\x8a\x9b\xe3\x80\x82\xe5\xa5\xb9\xe7\x9a\x84\xe6\x9c\x8b\xe5\x8f\x8b\xe4\xbb\xac\xe7\x9c\x9f\xe6\x98\xaf\xe5\xb9\xb8\xe8\xbf\x90\xe8\x83\xbd\xe5\xa4\x9f\xe5\x92\x8c\xe8\xbf\x99\xe6\xa0\xb7\xe4\xb8\x80\xe4\xbd\x8d\xe5\x87\xba\xe8\x89\xb2\xe7\x9a\x84\xe4\xba\xba\xe4\xba\xa4\xe5\xbe\x80\xe3\x80\x82\xe8\x8a\xb9\xe5\xa7\x90\xef\xbc\x8c\xe4\xbd\xa0\xe7\x9c\x9f\xe7\x9a\x84\xe5\xa4\xaa\xe6\xa3\x92\xe4\xba\x86\xef\xbc\x81zh-cnzh-cn-XiaochenNeuralC:\\Users\\Administrator\\Desktop\\1.png100Cheerful220'
2024-01-16 06:13:16.568176 - DEBUG : <-<- b'5/19433'
2024-01-16 06:15:20.476357 - DEBUG : <-<- Client connection at 127.0.0.1: 49636
2024-01-16 06:15:20.478355 - DEBUG : ->>> b'17/32/8\ninitSpeechService7eb6a197f68147a4bdd0f4c619fa7f80eastasia'
2024-01-16 06:15:20.496352 - DEBUG : <-<- b'4/true'
2024-01-16 06:15:20.498351 - DEBUG : ->>> b'13/58/3/5\ninitMetahumanD:\\Project\\Aibote\\HuMan\\AiboteHuman\\dist\\humanModel\\common0.5false'
2024-01-16 06:16:17.562145 - DEBUG : <-<- b'4/true'
2024-01-16 06:16:17.564143 - DEBUG : ->>> b'18/64/339/5/20/36/3/8/1/2\nmakeMetahumanVideoD:\\Project\\Aibote\\HuMan\\AiboteHuman\\dist\\humanModel\\common\\voice\xe6\xa2\x81\xe4\xbb\xb2\xe6\xbe\xa7\xe7\x9c\x9f\xe6\x98\xaf\xe4\xb8\xaa\xe4\xba\x86\xe4\xb8\x8d\xe8\xb5\xb7\xe7\x9a\x84\xe4\xba\xba\xef\xbc\x81\xe5\xa5\xb9\xe8\x81\xaa\xe6\x98\x8e\xe3\x80\x81\xe6\x9c\x89\xe8\xb6\xa3\xef\xbc\x8c\xe8\x80\x8c\xe4\xb8\x94\xe6\x80\xbb\xe6\x98\xaf\xe5\x85\x85\xe6\xbb\xa1\xe6\xb4\xbb\xe5\x8a\x9b\xe3\x80\x82\xe5\xa5\xb9\xe7\x9a\x84\xe6\x89\x8d\xe5\x8d\x8e\xe5\x92\x8c\xe7\x83\xad\xe6\x83\x85\xe8\xae\xa9\xe5\xa5\xb9\xe5\x9c\xa8\xe5\x90\x84\xe4\xb8\xaa\xe9\xa2\x86\xe5\x9f\x9f\xe9\x83\xbd\xe8\x83\xbd\xe5\x8f\x96\xe5\xbe\x97\xe5\x87\xba\xe8\x89\xb2\xe7\x9a\x84\xe6\x88\x90\xe5\xb0\xb1\xe3\x80\x82\xe6\x97\xa0\xe8\xae\xba\xe6\x98\xaf\xe5\xb7\xa5\xe4\xbd\x9c\xe8\xbf\x98\xe6\x98\xaf\xe7\x94\x9f\xe6\xb4\xbb\xef\xbc\x8c\xe6\xa2\x81\xe4\xbb\xb2\xe6\xbe\xa7\xe9\x83\xbd\xe5\xb1\x95\xe7\x8e\xb0\xe5\x87\xba\xe4\xba\x86\xe9\x9d\x9e\xe5\x87\xa1\xe7\x9a\x84\xe8\x83\xbd\xe5\x8a\x9b\xe5\x92\x8c\xe9\xad\x85\xe5\x8a\x9b\xe3\x80\x82\xe5\xa5\xb9\xe7\x9a\x84\xe6\x9c\x8b\xe5\x8f\x8b\xe4\xbb\xac\xe7\x9c\x9f\xe6\x98\xaf\xe5\xb9\xb8\xe8\xbf\x90\xe8\x83\xbd\xe5\xa4\x9f\xe5\x92\x8c\xe8\xbf\x99\xe6\xa0\xb7\xe4\xb8\x80\xe4\xbd\x8d\xe5\x87\xba\xe8\x89\xb2\xe7\x9a\x84\xe4\xba\xba\xe4\xba\xa4\xe5\xbe\x80\xe3\x80\x82\xe6\xa2\x81\xe4\xbb\xb2\xe6\xbe\xa7\xef\xbc\x8c\xe4\xbd\xa0\xe7\x9c\x9f\xe7\x9a\x84\xe5\xa4\xaa\xe6\xa3\x92\xe4\xba\x86\xef\xbc\x81zh-cnzh-cn-XiaochenNeuralC:\\Users\\Administrator\\Desktop\\1.png100Cheerful220'
2024-01-16 06:16:46.717228 - DEBUG : <-<- Client connection at 127.0.0.1: 49672
2024-01-16 06:16:46.719228 - DEBUG : ->>> b'17/32/8\ninitSpeechService7eb6a197f68147a4bdd0f4c619fa7f80eastasia'
2024-01-16 06:16:46.736223 - DEBUG : <-<- b'4/true'
2024-01-16 06:16:46.740220 - DEBUG : ->>> b'13/58/3/5\ninitMetahumanD:\\Project\\Aibote\\HuMan\\AiboteHuman\\dist\\humanModel\\common0.5false'
2024-01-16 06:17:44.560476 - DEBUG : <-<- b'4/true'
2024-01-16 06:17:44.562477 - DEBUG : ->>> b'18/64/339/5/20/36/3/8/1/2\nmakeMetahumanVideoD:\\Project\\Aibote\\HuMan\\AiboteHuman\\dist\\humanModel\\common\\voice\xe6\xa2\x81\xe4\xbb\xb2\xe6\xbe\xa7\xe7\x9c\x9f\xe6\x98\xaf\xe4\xb8\xaa\xe4\xba\x86\xe4\xb8\x8d\xe8\xb5\xb7\xe7\x9a\x84\xe4\xba\xba\xef\xbc\x81\xe5\xa5\xb9\xe8\x81\xaa\xe6\x98\x8e\xe3\x80\x81\xe6\x9c\x89\xe8\xb6\xa3\xef\xbc\x8c\xe8\x80\x8c\xe4\xb8\x94\xe6\x80\xbb\xe6\x98\xaf\xe5\x85\x85\xe6\xbb\xa1\xe6\xb4\xbb\xe5\x8a\x9b\xe3\x80\x82\xe5\xa5\xb9\xe7\x9a\x84\xe6\x89\x8d\xe5\x8d\x8e\xe5\x92\x8c\xe7\x83\xad\xe6\x83\x85\xe8\xae\xa9\xe5\xa5\xb9\xe5\x9c\xa8\xe5\x90\x84\xe4\xb8\xaa\xe9\xa2\x86\xe5\x9f\x9f\xe9\x83\xbd\xe8\x83\xbd\xe5\x8f\x96\xe5\xbe\x97\xe5\x87\xba\xe8\x89\xb2\xe7\x9a\x84\xe6\x88\x90\xe5\xb0\xb1\xe3\x80\x82\xe6\x97\xa0\xe8\xae\xba\xe6\x98\xaf\xe5\xb7\xa5\xe4\xbd\x9c\xe8\xbf\x98\xe6\x98\xaf\xe7\x94\x9f\xe6\xb4\xbb\xef\xbc\x8c\xe6\xa2\x81\xe4\xbb\xb2\xe6\xbe\xa7\xe9\x83\xbd\xe5\xb1\x95\xe7\x8e\xb0\xe5\x87\xba\xe4\xba\x86\xe9\x9d\x9e\xe5\x87\xa1\xe7\x9a\x84\xe8\x83\xbd\xe5\x8a\x9b\xe5\x92\x8c\xe9\xad\x85\xe5\x8a\x9b\xe3\x80\x82\xe5\xa5\xb9\xe7\x9a\x84\xe6\x9c\x8b\xe5\x8f\x8b\xe4\xbb\xac\xe7\x9c\x9f\xe6\x98\xaf\xe5\xb9\xb8\xe8\xbf\x90\xe8\x83\xbd\xe5\xa4\x9f\xe5\x92\x8c\xe8\xbf\x99\xe6\xa0\xb7\xe4\xb8\x80\xe4\xbd\x8d\xe5\x87\xba\xe8\x89\xb2\xe7\x9a\x84\xe4\xba\xba\xe4\xba\xa4\xe5\xbe\x80\xe3\x80\x82\xe6\xa2\x81\xe4\xbb\xb2\xe6\xbe\xa7\xef\xbc\x8c\xe4\xbd\xa0\xe7\x9c\x9f\xe7\x9a\x84\xe5\xa4\xaa\xe6\xa3\x92\xe4\xba\x86\xef\xbc\x81zh-cnzh-cn-XiaochenNeuralC:\\Users\\Administrator\\Desktop\\1.png100Cheerful220'
2024-01-16 06:18:06.226595 - DEBUG : <-<- b'5/19610'
2024-01-16 06:22:29.724301 - DEBUG : <-<- Client connection at 127.0.0.1: 49772
2024-01-16 06:22:29.726299 - DEBUG : ->>> b'17/32/8\ninitSpeechService7eb6a197f68147a4bdd0f4c619fa7f80eastasia'
2024-01-16 06:22:29.743295 - DEBUG : <-<- b'4/true'
2024-01-16 06:22:29.746292 - DEBUG : ->>> b'13/58/3/5\ninitMetahumanD:\\Project\\Aibote\\HuMan\\AiboteHuman\\dist\\humanModel\\common0.5false'
2024-01-16 06:23:26.148258 - DEBUG : <-<- b'4/true'
2024-01-16 06:23:26.150255 - DEBUG : ->>> b'18/64/330/5/20/36/3/8/1/2\nmakeMetahumanVideoD:\\Project\\Aibote\\HuMan\\AiboteHuman\\dist\\humanModel\\common\\voice\xe9\xbb\x84\xe5\x9f\x94\xe7\x9c\x9f\xe6\x98\xaf\xe4\xb8\xaa\xe4\xba\x86\xe4\xb8\x8d\xe8\xb5\xb7\xe7\x9a\x84\xe4\xba\xba\xef\xbc\x81\xe5\xa5\xb9\xe8\x81\xaa\xe6\x98\x8e\xe3\x80\x81\xe6\x9c\x89\xe8\xb6\xa3\xef\xbc\x8c\xe8\x80\x8c\xe4\xb8\x94\xe6\x80\xbb\xe6\x98\xaf\xe5\x85\x85\xe6\xbb\xa1\xe6\xb4\xbb\xe5\x8a\x9b\xe3\x80\x82\xe5\xa5\xb9\xe7\x9a\x84\xe6\x89\x8d\xe5\x8d\x8e\xe5\x92\x8c\xe7\x83\xad\xe6\x83\x85\xe8\xae\xa9\xe5\xa5\xb9\xe5\x9c\xa8\xe5\x90\x84\xe4\xb8\xaa\xe9\xa2\x86\xe5\x9f\x9f\xe9\x83\xbd\xe8\x83\xbd\xe5\x8f\x96\xe5\xbe\x97\xe5\x87\xba\xe8\x89\xb2\xe7\x9a\x84\xe6\x88\x90\xe5\xb0\xb1\xe3\x80\x82\xe6\x97\xa0\xe8\xae\xba\xe6\x98\xaf\xe5\xb7\xa5\xe4\xbd\x9c\xe8\xbf\x98\xe6\x98\xaf\xe7\x94\x9f\xe6\xb4\xbb\xef\xbc\x8c\xe9\xbb\x84\xe5\x9f\x94\xe9\x83\xbd\xe5\xb1\x95\xe7\x8e\xb0\xe5\x87\xba\xe4\xba\x86\xe9\x9d\x9e\xe5\x87\xa1\xe7\x9a\x84\xe8\x83\xbd\xe5\x8a\x9b\xe5\x92\x8c\xe9\xad\x85\xe5\x8a\x9b\xe3\x80\x82\xe5\xa5\xb9\xe7\x9a\x84\xe6\x9c\x8b\xe5\x8f\x8b\xe4\xbb\xac\xe7\x9c\x9f\xe6\x98\xaf\xe5\xb9\xb8\xe8\xbf\x90\xe8\x83\xbd\xe5\xa4\x9f\xe5\x92\x8c\xe8\xbf\x99\xe6\xa0\xb7\xe4\xb8\x80\xe4\xbd\x8d\xe5\x87\xba\xe8\x89\xb2\xe7\x9a\x84\xe4\xba\xba\xe4\xba\xa4\xe5\xbe\x80\xe3\x80\x82\xe9\xbb\x84\xe5\x9f\x94\xef\xbc\x8c\xe4\xbd\xa0\xe7\x9c\x9f\xe7\x9a\x84\xe5\xa4\xaa\xe6\xa3\x92\xe4\xba\x86\xef\xbc\x81zh-cnzh-cn-XiaochenNeuralC:\\Users\\Administrator\\Desktop\\1.png100Cheerful220'
2024-01-16 06:23:49.746868 - DEBUG : <-<- b'5/19205'
2024-01-16 07:07:47.610474 - DEBUG : <-<- Client connection at 127.0.0.1: 50510
2024-01-16 09:31:11.673427 - DEBUG : <-<- Client connection at 192.168.31.20: 55288
2024-01-16 09:31:13.421686 - DEBUG : <-<- Client connection at 192.168.31.20: 36994
2024-01-16 09:31:14.262416 - DEBUG : <-<- Client connection at 192.168.31.20: 37010
2024-01-16 09:31:14.439358 - DEBUG : <-<- Client connection at 192.168.31.20: 37024
2024-01-16 09:31:14.584312 - DEBUG : <-<- Client connection at 192.168.31.20: 37034
2024-01-16 15:51:20.566810 - DEBUG : <-<- Client connection at 192.168.31.20: 41910
2024-01-16 15:52:04.060464 - DEBUG : <-<- Client connection at 192.168.31.20: 48004
2024-01-16 15:52:04.061464 - DEBUG : ->>> b'5/3/3\nclick100100'
2024-01-16 15:52:04.078459 - DEBUG : <-<- b'4/true'
2024-01-16 15:52:07.488493 - DEBUG : <-<- Client connection at 192.168.31.20: 48012
2024-01-16 15:52:07.489482 - DEBUG : ->>> b'5/3/3\nclick100100'
2024-01-16 15:52:07.498480 - DEBUG : <-<- b'4/true'
2024-01-16 15:53:41.534692 - DEBUG : <-<- Client connection at 192.168.31.20: 49804
2024-01-16 15:53:41.537694 - DEBUG : ->>> b'5/3/4\nclick2382327'
2024-01-16 15:53:41.545691 - DEBUG : <-<- b'4/true'
2024-01-16 15:53:44.800834 - DEBUG : <-<- Client connection at 192.168.31.20: 59974
2024-01-16 15:53:44.802832 - DEBUG : ->>> b'5/3/4\nclick2382327'
2024-01-16 15:53:44.809831 - DEBUG : <-<- b'4/true'
2024-01-16 15:53:46.508856 - DEBUG : <-<- Client connection at 192.168.31.20: 59984
2024-01-16 15:53:46.509855 - DEBUG : ->>> b'5/3/4\nclick2382327'
2024-01-16 15:53:46.516853 - DEBUG : <-<- b'4/true'
2024-01-16 15:55:15.653023 - DEBUG : <-<- Client connection at 192.168.31.20: 38858
2024-01-16 15:55:15.655026 - DEBUG : ->>> b'5/3/4\nclick2382327'
2024-01-16 15:55:15.662021 - DEBUG : <-<- b'4/true'
2024-01-16 16:02:40.230426 - DEBUG : <-<- Client connection at 192.168.31.20: 56992
2024-01-16 16:02:40.232427 - DEBUG : ->>> b'11/3/4\ndoubleClick2382327'
2024-01-16 16:02:40.299404 - DEBUG : <-<- b'4/true'
2024-01-16 16:33:23.242113 - DEBUG : <-<- Client connection at 192.168.31.20: 50526
2024-01-16 16:37:34.608783 - DEBUG : <-<- Client connection at 192.168.31.20: 33452
2024-01-16 16:37:58.128735 - DEBUG : <-<- Client connection at 192.168.31.20: 41640
2024-01-16 16:37:58.129732 - DEBUG : ->>> b'9/3/4/4\nlongClick23823272000'
2024-01-16 16:37:58.136730 - DEBUG : <-<- b'4/true'
2024-01-16 16:47:19.764818 - DEBUG : <-<- Client connection at 192.168.31.20: 43846
2024-01-16 16:47:19.766820 - DEBUG : ->>> b'5/3/4/3/3/4\nswipe49623804605952000'
2024-01-16 16:47:19.773815 - DEBUG : <-<- b'4/true'
2024-01-16 16:51:57.566960 - DEBUG : <-<- Client connection at 192.168.31.20: 34364
2024-01-16 16:52:08.829090 - DEBUG : <-<- Client connection at 192.168.31.20: 56520
2024-01-16 16:52:08.830092 - DEBUG : ->>> b'15/18/4\ndispatchGesture496/2380/\n460/595/2000'
2024-01-16 16:52:08.836091 - DEBUG : <-<- b'4/true'
2024-01-16 16:55:52.365442 - DEBUG : <-<- Client connection at 192.168.31.20: 42772
2024-01-16 16:55:52.367442 - DEBUG : ->>> b'5/3/4/4\npress23823272000'
2024-01-16 16:55:54.382313 - DEBUG : <-<- b'4/true'
2024-01-16 17:34:50.414450 - DEBUG : <-<- Client connection at 192.168.31.20: 38978
2024-01-16 17:34:50.416450 - DEBUG : ->>> b'5/3/4/4\npress23823272000'
2024-01-16 17:34:52.424810 - DEBUG : <-<- b'4/true'
2024-01-16 17:34:58.808767 - DEBUG : <-<- Client connection at 192.168.31.20: 59176
2024-01-16 17:34:58.810766 - DEBUG : ->>> b'5/3/4/4\npress23823272000'
2024-01-16 17:35:00.820123 - DEBUG : <-<- b'4/true'
2024-01-16 18:45:54.872809 - DEBUG : <-<- Client connection at 192.168.31.20: 55892
2024-01-16 18:45:54.874811 - DEBUG : ->>> b'5/3/4/4\npress23823272000'
2024-01-16 18:45:56.882169 - DEBUG : <-<- b'4/true'
2024-01-16 18:45:58.884525 - DEBUG : ->>> b'7\nrelease'
2024-01-16 18:45:58.889524 - DEBUG : <-<- b'4/true'
2024-01-16 19:03:06.194654 - DEBUG : <-<- Client connection at 192.168.31.20: 50426
2024-01-16 19:03:20.809982 - DEBUG : <-<- Client connection at 192.168.31.20: 34474
2024-01-16 19:03:30.812783 - DEBUG : ->>> b'14/115\ngetElementRectcom.huawei.android.launcher/com.huawei.android.launcher:id=layout/android.view.ViewGroup/android.widget.TextView[2]'
2024-01-16 19:03:30.935744 - DEBUG : <-<- b'17/540|2127|792|2400'
2024-01-16 19:05:03.447160 - DEBUG : <-<- Client connection at 192.168.31.20: 56082
2024-01-16 19:05:08.449562 - DEBUG : ->>> b'14/115\ngetElementRectcom.huawei.android.launcher/com.huawei.android.launcher:id=layout/android.view.ViewGroup/android.widget.TextView[2]'
2024-01-16 19:05:08.588517 - DEBUG : <-<- b'17/540|2127|792|2400'
2024-01-16 19:07:34.159978 - DEBUG : <-<- Client connection at 192.168.31.20: 34130
2024-01-16 19:08:20.716087 - DEBUG : <-<- Client connection at 192.168.31.20: 39756
2024-01-16 19:08:25.718488 - DEBUG : ->>> b'14/115\ngetElementRectcom.huawei.android.launcher/com.huawei.android.launcher:id=layout/android.view.ViewGroup/android.widget.TextView[2]'
2024-01-16 19:08:25.826454 - DEBUG : <-<- b'17/540|2127|792|2400'
2024-01-16 19:08:44.656432 - DEBUG : <-<- Client connection at 192.168.31.20: 43688
2024-01-16 19:08:49.658833 - DEBUG : ->>> b'14/115\ngetElementRectcom.huawei.android.launcher/com.huawei.android.launcher:id=layout/android.view.ViewGroup/android.widget.TextView[2]'
2024-01-16 19:08:49.785792 - DEBUG : <-<- b'17/540|2127|792|2400'
2024-01-16 19:09:18.633567 - DEBUG : <-<- Client connection at 192.168.31.20: 39488
2024-01-16 19:09:23.635968 - DEBUG : ->>> b'14/115\ngetElementRectcom.huawei.android.launcher/com.huawei.android.launcher:id=layout/android.view.ViewGroup/android.widget.TextView[2]'
2024-01-16 19:09:23.785919 - DEBUG : <-<- b'17/540|2127|792|2400'
2024-01-16 19:09:23.787919 - DEBUG : ->>> b'5/5/5\nclick126.0136.5'
2024-01-16 19:09:23.796918 - DEBUG : <-<- b'4/true'
2024-01-16 19:11:02.094443 - DEBUG : <-<- Client connection at 192.168.31.20: 53046
2024-01-16 19:11:07.096842 - DEBUG : ->>> b'14/115\ngetElementRectcom.huawei.android.launcher/com.huawei.android.launcher:id=layout/android.view.ViewGroup/android.widget.TextView[2]'
2024-01-16 19:11:07.199808 - DEBUG : <-<- b'17/540|2127|792|2400'
2024-01-16 19:11:07.201805 - DEBUG : ->>> b'5/5/6\nclick666.02263.5'
2024-01-16 19:11:07.207805 - DEBUG : <-<- b'4/true'
2024-01-16 19:18:15.440869 - DEBUG : <-<- Client connection at 192.168.31.20: 39334
2024-01-16 19:18:20.444269 - DEBUG : ->>> b'14/115\ngetElementRectcom.huawei.android.launcher/com.huawei.android.launcher:id=layout/android.view.ViewGroup/android.widget.TextView[2]'
2024-01-16 19:18:20.560229 - DEBUG : <-<- b'17/540|2127|792|2400'
2024-01-16 19:18:20.562229 - DEBUG : ->>> b'5/5/6/4\npress666.02263.52000'
2024-01-16 19:18:22.571586 - DEBUG : <-<- b'4/true'
2024-01-16 19:18:24.573946 - DEBUG : ->>> b'7\nrelease'
2024-01-16 19:18:24.581942 - DEBUG : <-<- b'4/true'
2024-01-16 19:19:04.531168 - DEBUG : <-<- Client connection at 192.168.31.20: 46960
2024-01-16 19:19:09.533577 - DEBUG : ->>> b'14/115\ngetElementRectcom.huawei.android.launcher/com.huawei.android.launcher:id=layout/android.view.ViewGroup/android.widget.TextView[2]'
2024-01-16 19:19:09.718509 - DEBUG : <-<- b'17/540|2127|793|2400'
2024-01-16 19:19:09.719509 - DEBUG : ->>> b'5/5/6/4\npress666.52263.51000'
2024-01-16 19:19:10.729186 - DEBUG : <-<- b'4/true'
2024-01-16 19:19:11.730867 - DEBUG : ->>> b'7\nrelease'
2024-01-16 19:19:11.736864 - DEBUG : <-<- b'4/true'
2024-01-16 19:29:03.650584 - DEBUG : <-<- Client connection at 192.168.31.20: 42842
2024-01-16 19:29:08.653985 - DEBUG : ->>> b'21/115\ngetElementDescriptioncom.huawei.android.launcher/com.huawei.android.launcher:id=layout/android.view.ViewGroup/android.widget.TextView[2]'
2024-01-16 19:29:08.738958 - DEBUG : <-<- b'6/\xe5\xbe\xae\xe4\xbf\xa1'
2024-01-16 19:29:33.556021 - DEBUG : <-<- Client connection at 192.168.31.20: 55046
2024-01-16 19:29:38.558425 - DEBUG : ->>> b'21/115\ngetElementDescriptioncom.huawei.android.launcher/com.huawei.android.launcher:id=layout/android.view.ViewGroup/android.widget.TextView[2]'
2024-01-16 19:29:38.640396 - DEBUG : <-<- b'6/\xe5\xbe\xae\xe4\xbf\xa1'
2024-01-16 19:34:32.359618 - DEBUG : <-<- Client connection at 192.168.31.20: 56756
2024-01-16 19:34:37.361501 - DEBUG : ->>> b'14/115\ngetElementTextcom.huawei.android.launcher/com.huawei.android.launcher:id=layout/android.view.ViewGroup/android.widget.TextView[2]'
2024-01-16 19:34:37.460469 - DEBUG : <-<- b'4/null'
2024-01-16 19:34:37.962906 - DEBUG : ->>> b'14/115\ngetElementTextcom.huawei.android.launcher/com.huawei.android.launcher:id=layout/android.view.ViewGroup/android.widget.TextView[2]'
2024-01-16 19:34:38.039890 - DEBUG : <-<- b'4/null'
2024-01-16 19:35:41.535995 - DEBUG : <-<- Client connection at 192.168.31.20: 53662
2024-01-16 19:35:46.538387 - DEBUG : ->>> b'14/39\ngetElementTextcom.tencent.mm/com.tencent.mm:id=bkl[5]'
2024-01-16 19:35:46.622942 - DEBUG : <-<- b'35/@\xe9\xa9\xac\xe5\x85\x8b\xe2\x80\x85am saying,\xe8\xb0\x90\xe9\x9f\xb3\xe5\xb0\xb1\xe6\x98\xaf M3'
2024-01-16 19:39:44.158712 - DEBUG : <-<- Client connection at 192.168.31.20: 55726
2024-01-16 19:39:49.161897 - DEBUG : ->>> b'14/39/24\nsetElementTextcom.tencent.mm/com.tencent.mm:id=bkk[1]\xe6\x88\x91\xe6\x98\xaf\xe4\xb8\x80\xe4\xb8\xaa\xe4\xba\xba\xe5\xb7\xa5\xe6\x99\xba\xe8\x83\xbd'
2024-01-16 19:39:49.302851 - DEBUG : <-<- b'4/true'
2024-01-16 19:39:49.805241 - DEBUG : ->>> b'14/39/24\nsetElementTextcom.tencent.mm/com.tencent.mm:id=bkk[1]\xe6\x88\x91\xe6\x98\xaf\xe4\xb8\x80\xe4\xb8\xaa\xe4\xba\xba\xe5\xb7\xa5\xe6\x99\xba\xe8\x83\xbd'
2024-01-16 19:39:49.920205 - DEBUG : <-<- b'4/true'
2024-01-16 19:39:50.423043 - DEBUG : ->>> b'14/39/24\nsetElementTextcom.tencent.mm/com.tencent.mm:id=bkk[1]\xe6\x88\x91\xe6\x98\xaf\xe4\xb8\x80\xe4\xb8\xaa\xe4\xba\xba\xe5\xb7\xa5\xe6\x99\xba\xe8\x83\xbd'
2024-01-16 19:39:50.526908 - DEBUG : <-<- b'4/true'
2024-01-16 19:39:51.029543 - DEBUG : ->>> b'14/39/24\nsetElementTextcom.tencent.mm/com.tencent.mm:id=bkk[1]\xe6\x88\x91\xe6\x98\xaf\xe4\xb8\x80\xe4\xb8\xaa\xe4\xba\xba\xe5\xb7\xa5\xe6\x99\xba\xe8\x83\xbd'
2024-01-16 19:39:51.152037 - DEBUG : <-<- b'4/true'
2024-01-16 19:39:51.654511 - DEBUG : ->>> b'14/39/24\nsetElementTextcom.tencent.mm/com.tencent.mm:id=bkk[1]\xe6\x88\x91\xe6\x98\xaf\xe4\xb8\x80\xe4\xb8\xaa\xe4\xba\xba\xe5\xb7\xa5\xe6\x99\xba\xe8\x83\xbd'
2024-01-16 19:39:51.749479 - DEBUG : <-<- b'4/true'
2024-01-16 19:39:52.251319 - DEBUG : ->>> b'14/39/24\nsetElementTextcom.tencent.mm/com.tencent.mm:id=bkk[1]\xe6\x88\x91\xe6\x98\xaf\xe4\xb8\x80\xe4\xb8\xaa\xe4\xba\xba\xe5\xb7\xa5\xe6\x99\xba\xe8\x83\xbd'
2024-01-16 19:39:52.349290 - DEBUG : <-<- b'4/true'
2024-01-16 19:39:52.851126 - DEBUG : ->>> b'14/39/24\nsetElementTextcom.tencent.mm/com.tencent.mm:id=bkk[1]\xe6\x88\x91\xe6\x98\xaf\xe4\xb8\x80\xe4\xb8\xaa\xe4\xba\xba\xe5\xb7\xa5\xe6\x99\xba\xe8\x83\xbd'
2024-01-16 19:39:52.962092 - DEBUG : <-<- b'4/true'
2024-01-16 19:39:53.464512 - DEBUG : ->>> b'14/39/24\nsetElementTextcom.tencent.mm/com.tencent.mm:id=bkk[1]\xe6\x88\x91\xe6\x98\xaf\xe4\xb8\x80\xe4\xb8\xaa\xe4\xba\xba\xe5\xb7\xa5\xe6\x99\xba\xe8\x83\xbd'
2024-01-16 19:39:53.565477 - DEBUG : <-<- b'4/true'
2024-01-16 19:39:54.068037 - DEBUG : ->>> b'14/39/24\nsetElementTextcom.tencent.mm/com.tencent.mm:id=bkk[1]\xe6\x88\x91\xe6\x98\xaf\xe4\xb8\x80\xe4\xb8\xaa\xe4\xba\xba\xe5\xb7\xa5\xe6\x99\xba\xe8\x83\xbd'
2024-01-16 19:39:54.149142 - DEBUG : <-<- b'4/true'
2024-01-16 19:40:57.722157 - DEBUG : <-<- Client connection at 192.168.31.20: 37358
2024-01-16 19:41:02.724452 - DEBUG : ->>> b'14/39/24\nsetElementTextcom.tencent.mm/com.tencent.mm:id=bkk[1]\xe6\x88\x91\xe6\x98\xaf\xe4\xb8\x80\xe4\xb8\xaa\xe4\xba\xba\xe5\xb7\xa5\xe6\x99\xba\xe8\x83\xbd'
2024-01-16 19:41:02.831977 - DEBUG : <-<- b'4/true'
2024-01-16 19:46:31.211986 - DEBUG : <-<- Client connection at 192.168.31.20: 51368
2024-01-16 19:46:36.214721 - DEBUG : ->>> b'12/115\nclickElementcom.huawei.android.launcher/com.huawei.android.launcher:id=layout/android.view.ViewGroup/android.widget.TextView[2]'
2024-01-16 19:46:36.309680 - DEBUG : <-<- b'4/true'
2024-01-16 21:10:11.704822 - DEBUG : <-<- Client connection at 192.168.31.20: 60216
2024-01-16 21:10:16.707222 - DEBUG : ->>> b'115/1/3\ncom.huawei.android.launcher/com.huawei.android.launcher:id=layout/android.view.ViewGroup/android.widget.TextView[2]50.5'
2024-01-16 21:10:16.727216 - DEBUG : <-<- b'4/null'
2024-01-16 21:10:49.185836 - DEBUG : <-<- Client connection at 192.168.31.20: 51620
2024-01-16 21:10:54.188235 - DEBUG : ->>> b'115/1/3\ncom.huawei.android.launcher/com.huawei.android.launcher:id=layout/android.view.ViewGroup/android.widget.TextView[2]50.5'
2024-01-16 21:10:54.193234 - DEBUG : <-<- b'4/null'
2024-01-16 21:16:23.857815 - DEBUG : <-<- Client connection at 192.168.31.20: 46074
2024-01-16 21:16:28.860217 - DEBUG : ->>> b'115/1/3\ncom.huawei.android.launcher/com.huawei.android.launcher:id=layout/android.view.ViewGroup/android.widget.TextView[2]50.5'
2024-01-16 21:16:28.953186 - DEBUG : <-<- b'4/null'
2024-01-16 21:17:43.843238 - DEBUG : <-<- Client connection at 192.168.31.20: 60600
2024-01-16 21:17:48.845641 - DEBUG : ->>> b'115/1/3\ncom.huawei.android.launcher/com.huawei.android.launcher:id=layout/android.view.ViewGroup/android.widget.TextView[2]50.5'
2024-01-16 21:17:48.855635 - DEBUG : <-<- b'4/null'
2024-01-16 21:18:21.358241 - DEBUG : <-<- Client connection at 192.168.31.20: 51640
2024-01-16 21:18:26.360643 - DEBUG : ->>> b'12/115\nclickElementcom.huawei.android.launcher/com.huawei.android.launcher:id=layout/android.view.ViewGroup/android.widget.TextView[2]'
2024-01-16 21:18:26.530589 - DEBUG : <-<- b'4/true'
2024-01-16 21:24:32.439619 - DEBUG : <-<- Client connection at 192.168.31.20: 39628
2024-01-16 21:24:37.443022 - DEBUG : ->>> b'13/39/1\nscrollElementcom.tencent.mm/com.tencent.mm:id=kbq[5]0'
2024-01-16 21:24:37.566980 - DEBUG : <-<- b'4/true'
2024-01-16 21:35:53.530164 - DEBUG : <-<- Client connection at 192.168.31.20: 49524
2024-01-16 21:35:58.532341 - DEBUG : ->>> b'13/39\nexistsElementcom.tencent.mm/com.tencent.mm:id=kbq[5]'
2024-01-16 21:35:58.582326 - DEBUG : <-<- b'5/false'
2024-01-16 21:35:59.085164 - DEBUG : ->>> b'13/39\nexistsElementcom.tencent.mm/com.tencent.mm:id=kbq[5]'
2024-01-16 21:35:59.117154 - DEBUG : <-<- b'5/false'
2024-01-16 21:35:59.618995 - DEBUG : ->>> b'13/39\nexistsElementcom.tencent.mm/com.tencent.mm:id=kbq[5]'
2024-01-16 21:35:59.669977 - DEBUG : <-<- b'5/false'
2024-01-16 21:36:00.171817 - DEBUG : ->>> b'13/39\nexistsElementcom.tencent.mm/com.tencent.mm:id=kbq[5]'
2024-01-16 21:36:00.207805 - DEBUG : <-<- b'5/false'
2024-01-16 21:36:00.709644 - DEBUG : ->>> b'13/39\nexistsElementcom.tencent.mm/com.tencent.mm:id=kbq[5]'
2024-01-16 21:36:00.753630 - DEBUG : <-<- b'5/false'
2024-01-16 21:36:01.257470 - DEBUG : ->>> b'13/39\nexistsElementcom.tencent.mm/com.tencent.mm:id=kbq[5]'
2024-01-16 21:36:01.298455 - DEBUG : <-<- b'5/false'
2024-01-16 21:36:01.800296 - DEBUG : ->>> b'13/39\nexistsElementcom.tencent.mm/com.tencent.mm:id=kbq[5]'
2024-01-16 21:36:01.843282 - DEBUG : <-<- b'5/false'
2024-01-16 21:36:02.347122 - DEBUG : ->>> b'13/39\nexistsElementcom.tencent.mm/com.tencent.mm:id=kbq[5]'
2024-01-16 21:36:02.403103 - DEBUG : <-<- b'5/false'
2024-01-16 21:36:02.904944 - DEBUG : ->>> b'13/39\nexistsElementcom.tencent.mm/com.tencent.mm:id=kbq[5]'
2024-01-16 21:36:02.952928 - DEBUG : <-<- b'5/false'
2024-01-16 21:36:03.455766 - DEBUG : ->>> b'13/39\nexistsElementcom.tencent.mm/com.tencent.mm:id=kbq[5]'
2024-01-16 21:36:03.517750 - DEBUG : <-<- b'5/false'
2024-01-16 21:36:41.377642 - DEBUG : <-<- Client connection at 192.168.31.20: 59112
2024-01-16 21:36:46.381050 - DEBUG : ->>> b'13/115\nexistsElementcom.huawei.android.launcher/com.huawei.android.launcher:id=layout/android.view.ViewGroup/android.widget.TextView[2]'
2024-01-16 21:36:46.446022 - DEBUG : <-<- b'4/true'
2024-01-16 21:40:13.753151 - DEBUG : <-<- Client connection at 192.168.31.20: 34864
2024-01-16 21:40:18.755553 - DEBUG : ->>> b'13/115\nexistsElementcom.huawei.android.launcher/com.huawei.android.launcher:id=layout/android.view.ViewGroup/android.widget.TextView[2]'
2024-01-16 21:40:18.813533 - DEBUG : <-<- b'5/false'
2024-01-16 21:40:19.315372 - DEBUG : ->>> b'13/115\nexistsElementcom.huawei.android.launcher/com.huawei.android.launcher:id=layout/android.view.ViewGroup/android.widget.TextView[2]'
2024-01-16 21:40:19.359358 - DEBUG : <-<- b'5/false'
2024-01-16 21:40:19.861198 - DEBUG : ->>> b'13/115\nexistsElementcom.huawei.android.launcher/com.huawei.android.launcher:id=layout/android.view.ViewGroup/android.widget.TextView[2]'
2024-01-16 21:40:19.924176 - DEBUG : <-<- b'5/false'
2024-01-16 21:40:20.427018 - DEBUG : ->>> b'13/115\nexistsElementcom.huawei.android.launcher/com.huawei.android.launcher:id=layout/android.view.ViewGroup/android.widget.TextView[2]'
2024-01-16 21:40:20.550978 - DEBUG : <-<- b'5/false'
2024-01-16 21:40:21.052817 - DEBUG : ->>> b'13/115\nexistsElementcom.huawei.android.launcher/com.huawei.android.launcher:id=layout/android.view.ViewGroup/android.widget.TextView[2]'
2024-01-16 21:40:21.092804 - DEBUG : <-<- b'5/false'
2024-01-16 21:40:21.594645 - DEBUG : ->>> b'13/115\nexistsElementcom.huawei.android.launcher/com.huawei.android.launcher:id=layout/android.view.ViewGroup/android.widget.TextView[2]'
2024-01-16 21:40:21.632631 - DEBUG : <-<- b'5/false'
2024-01-16 21:40:22.135472 - DEBUG : ->>> b'13/115\nexistsElementcom.huawei.android.launcher/com.huawei.android.launcher:id=layout/android.view.ViewGroup/android.widget.TextView[2]'
2024-01-16 21:40:22.174457 - DEBUG : <-<- b'5/false'
2024-01-16 21:40:22.676298 - DEBUG : ->>> b'13/115\nexistsElementcom.huawei.android.launcher/com.huawei.android.launcher:id=layout/android.view.ViewGroup/android.widget.TextView[2]'
2024-01-16 21:40:22.727280 - DEBUG : <-<- b'5/false'
2024-01-16 21:40:23.229121 - DEBUG : ->>> b'13/115\nexistsElementcom.huawei.android.launcher/com.huawei.android.launcher:id=layout/android.view.ViewGroup/android.widget.TextView[2]'
2024-01-16 21:40:23.268108 - DEBUG : <-<- b'5/false'
2024-01-16 21:41:07.782009 - DEBUG : <-<- Client connection at 192.168.31.20: 38914
2024-01-16 21:41:12.784412 - DEBUG : ->>> b'13/115\nexistsElementcom.huawei.android.launcher/com.huawei.android.launcher:id=layout/android.view.ViewGroup/android.widget.TextView[2]'
2024-01-16 21:41:12.855390 - DEBUG : <-<- b'4/true'
2024-01-16 21:48:40.361798 - DEBUG : <-<- Client connection at 192.168.31.20: 39908
2024-01-16 21:48:45.365199 - DEBUG : ->>> b'13/115\nexistsElementcom.huawei.android.launcher/com.huawei.android.launcher:id=layout/android.view.ViewGroup/android.widget.TextView[2]'
2024-01-16 21:48:45.442175 - DEBUG : <-<- b'4/true'
2024-01-16 21:48:49.895751 - DEBUG : <-<- Client connection at 192.168.31.20: 43594
2024-01-16 21:48:54.899150 - DEBUG : ->>> b'13/115\nexistsElementcom.huawei.android.launcher/com.huawei.android.launcher:id=layout/android.view.ViewGroup/android.widget.TextView[2]'
2024-01-16 21:48:54.937141 - DEBUG : <-<- b'5/false'
2024-01-16 21:48:55.439977 - DEBUG : ->>> b'13/115\nexistsElementcom.huawei.android.launcher/com.huawei.android.launcher:id=layout/android.view.ViewGroup/android.widget.TextView[2]'
2024-01-16 21:48:55.487963 - DEBUG : <-<- b'5/false'
2024-01-16 21:48:55.989802 - DEBUG : ->>> b'13/115\nexistsElementcom.huawei.android.launcher/com.huawei.android.launcher:id=layout/android.view.ViewGroup/android.widget.TextView[2]'
2024-01-16 21:48:56.044784 - DEBUG : <-<- b'5/false'
2024-01-16 21:48:56.547753 - DEBUG : ->>> b'13/115\nexistsElementcom.huawei.android.launcher/com.huawei.android.launcher:id=layout/android.view.ViewGroup/android.widget.TextView[2]'
2024-01-16 21:48:56.595738 - DEBUG : <-<- b'5/false'
2024-01-16 21:48:57.097577 - DEBUG : ->>> b'13/115\nexistsElementcom.huawei.android.launcher/com.huawei.android.launcher:id=layout/android.view.ViewGroup/android.widget.TextView[2]'
2024-01-16 21:48:57.126659 - DEBUG : <-<- b'5/false'
2024-01-16 21:48:57.631406 - DEBUG : ->>> b'13/115\nexistsElementcom.huawei.android.launcher/com.huawei.android.launcher:id=layout/android.view.ViewGroup/android.widget.TextView[2]'
2024-01-16 21:48:57.673393 - DEBUG : <-<- b'5/false'
2024-01-16 21:48:58.176232 - DEBUG : ->>> b'13/115\nexistsElementcom.huawei.android.launcher/com.huawei.android.launcher:id=layout/android.view.ViewGroup/android.widget.TextView[2]'
2024-01-16 21:48:58.212220 - DEBUG : <-<- b'5/false'
2024-01-16 21:48:58.714060 - DEBUG : ->>> b'13/115\nexistsElementcom.huawei.android.launcher/com.huawei.android.launcher:id=layout/android.view.ViewGroup/android.widget.TextView[2]'
2024-01-16 21:48:58.762046 - DEBUG : <-<- b'5/false'
2024-01-16 21:48:59.263884 - DEBUG : ->>> b'13/115\nexistsElementcom.huawei.android.launcher/com.huawei.android.launcher:id=layout/android.view.ViewGroup/android.widget.TextView[2]'
2024-01-16 21:48:59.304872 - DEBUG : <-<- b'5/false'
2024-01-16 21:48:59.806711 - DEBUG : ->>> b'13/115\nexistsElementcom.huawei.android.launcher/com.huawei.android.launcher:id=layout/android.view.ViewGroup/android.widget.TextView[2]'
2024-01-16 21:48:59.855700 - DEBUG : <-<- b'5/false'
2024-01-16 21:56:08.024971 - DEBUG : <-<- Client connection at 192.168.31.20: 50230
2024-01-16 21:56:13.027389 - DEBUG : ->>> b'17/54\nisSelectedElementcom.aibot.client/com.aibot.client:id=connectToolServer'
2024-01-16 21:56:13.090352 - DEBUG : <-<- b'5/false'
2024-01-16 22:00:39.720089 - DEBUG : <-<- Client connection at 192.168.31.20: 55290
2024-01-16 22:01:20.313108 - DEBUG : <-<- Client connection at 192.168.31.20: 52390
2024-01-16 22:01:25.316509 - DEBUG : ->>> b'12/42\nclickElementcom.tencent.mm[1]/com.tencent.mm:id=kbq[7]'
2024-01-16 22:01:25.399484 - DEBUG : <-<- b'4/true'
2024-01-16 22:01:46.552721 - DEBUG : <-<- Client connection at 192.168.31.20: 33396
2024-01-16 22:01:51.556118 - DEBUG : ->>> b'12/42\nclickElementcom.tencent.mm[1]/com.tencent.mm:id=kbq[7]'
2024-01-16 22:01:51.685076 - DEBUG : <-<- b'4/true'
2024-01-16 22:02:10.863946 - DEBUG : <-<- Client connection at 192.168.31.20: 60112
2024-01-16 22:02:15.866346 - DEBUG : ->>> b'12/43\nclickElementcom.tencent.mm[1]/com.tencent.mm:id=kbq[20]'
2024-01-16 22:02:15.944320 - DEBUG : <-<- b'5/false'
2024-01-16 22:02:16.447160 - DEBUG : ->>> b'12/43\nclickElementcom.tencent.mm[1]/com.tencent.mm:id=kbq[20]'
2024-01-16 22:02:16.513140 - DEBUG : <-<- b'5/false'
2024-01-16 22:02:17.014977 - DEBUG : ->>> b'12/43\nclickElementcom.tencent.mm[1]/com.tencent.mm:id=kbq[20]'
2024-01-16 22:02:17.068960 - DEBUG : <-<- b'5/false'
2024-01-16 22:02:17.571801 - DEBUG : ->>> b'12/43\nclickElementcom.tencent.mm[1]/com.tencent.mm:id=kbq[20]'
2024-01-16 22:02:17.623784 - DEBUG : <-<- b'5/false'
2024-01-16 22:02:18.125624 - DEBUG : ->>> b'12/43\nclickElementcom.tencent.mm[1]/com.tencent.mm:id=kbq[20]'
2024-01-16 22:02:18.185604 - DEBUG : <-<- b'5/false'
2024-01-16 22:02:18.688441 - DEBUG : ->>> b'12/43\nclickElementcom.tencent.mm[1]/com.tencent.mm:id=kbq[20]'
2024-01-16 22:02:18.762419 - DEBUG : <-<- b'5/false'
2024-01-16 22:02:19.265258 - DEBUG : ->>> b'12/43\nclickElementcom.tencent.mm[1]/com.tencent.mm:id=kbq[20]'
2024-01-16 22:02:19.347247 - DEBUG : <-<- b'5/false'
2024-01-16 22:02:19.849070 - DEBUG : ->>> b'12/43\nclickElementcom.tencent.mm[1]/com.tencent.mm:id=kbq[20]'
2024-01-16 22:02:19.921047 - DEBUG : <-<- b'5/false'
2024-01-16 22:02:20.423886 - DEBUG : ->>> b'12/43\nclickElementcom.tencent.mm[1]/com.tencent.mm:id=kbq[20]'
2024-01-16 22:02:20.512859 - DEBUG : <-<- b'5/false'
2024-01-16 22:02:21.015698 - DEBUG : ->>> b'5/3/4/3/3/5\nswipe5001300500300500.0'
2024-01-16 22:02:21.025696 - DEBUG : <-<- b'4/true'
2024-01-16 22:02:21.549527 - DEBUG : ->>> b'12/43\nclickElementcom.tencent.mm[1]/com.tencent.mm:id=kbq[20]'
2024-01-16 22:02:21.610509 - DEBUG : <-<- b'5/false'
2024-01-16 22:02:22.112347 - DEBUG : ->>> b'12/43\nclickElementcom.tencent.mm[1]/com.tencent.mm:id=kbq[20]'
2024-01-16 22:02:22.175327 - DEBUG : <-<- b'5/false'
2024-01-16 22:02:22.678167 - DEBUG : ->>> b'12/43\nclickElementcom.tencent.mm[1]/com.tencent.mm:id=kbq[20]'
2024-01-16 22:02:22.743147 - DEBUG : <-<- b'5/false'
2024-01-16 22:02:23.245984 - DEBUG : ->>> b'12/43\nclickElementcom.tencent.mm[1]/com.tencent.mm:id=kbq[20]'
2024-01-16 22:02:23.330960 - DEBUG : <-<- b'5/false'
2024-01-16 22:02:23.832798 - DEBUG : ->>> b'12/43\nclickElementcom.tencent.mm[1]/com.tencent.mm:id=kbq[20]'
2024-01-16 22:02:23.910772 - DEBUG : <-<- b'5/false'
2024-01-16 22:02:24.413610 - DEBUG : ->>> b'12/43\nclickElementcom.tencent.mm[1]/com.tencent.mm:id=kbq[20]'
2024-01-16 22:02:24.489587 - DEBUG : <-<- b'5/false'
2024-01-16 22:02:24.991427 - DEBUG : ->>> b'12/43\nclickElementcom.tencent.mm[1]/com.tencent.mm:id=kbq[20]'
2024-01-16 22:02:25.127387 - DEBUG : <-<- b'5/false'
2024-01-16 22:02:25.629223 - DEBUG : ->>> b'12/43\nclickElementcom.tencent.mm[1]/com.tencent.mm:id=kbq[20]'
2024-01-16 22:02:25.711197 - DEBUG : <-<- b'5/false'
2024-01-16 22:02:26.213037 - DEBUG : ->>> b'12/43\nclickElementcom.tencent.mm[1]/com.tencent.mm:id=kbq[20]'
2024-01-16 22:02:26.289012 - DEBUG : <-<- b'5/false'
2024-01-16 22:02:26.790850 - DEBUG : ->>> b'5/3/4/3/3/5\nswipe5001300500300500.0'
2024-01-16 22:02:26.807845 - DEBUG : <-<- b'4/true'
2024-01-16 22:02:27.323681 - DEBUG : ->>> b'12/43\nclickElementcom.tencent.mm[1]/com.tencent.mm:id=kbq[20]'
2024-01-16 22:02:27.394658 - DEBUG : <-<- b'5/false'
2024-01-16 22:02:27.897497 - DEBUG : ->>> b'12/43\nclickElementcom.tencent.mm[1]/com.tencent.mm:id=kbq[20]'
2024-01-16 22:02:27.969474 - DEBUG : <-<- b'5/false'
2024-01-16 22:02:28.472314 - DEBUG : ->>> b'12/43\nclickElementcom.tencent.mm[1]/com.tencent.mm:id=kbq[20]'
2024-01-16 22:02:28.549288 - DEBUG : <-<- b'5/false'
2024-01-16 22:02:29.051130 - DEBUG : ->>> b'12/43\nclickElementcom.tencent.mm[1]/com.tencent.mm:id=kbq[20]'
2024-01-16 22:02:29.148098 - DEBUG : <-<- b'5/false'
2024-01-16 22:02:29.650936 - DEBUG : ->>> b'12/43\nclickElementcom.tencent.mm[1]/com.tencent.mm:id=kbq[20]'
2024-01-16 22:02:29.722914 - DEBUG : <-<- b'5/false'
2024-01-16 22:02:30.224753 - DEBUG : ->>> b'12/43\nclickElementcom.tencent.mm[1]/com.tencent.mm:id=kbq[20]'
2024-01-16 22:02:30.308727 - DEBUG : <-<- b'5/false'
2024-01-16 22:02:30.810565 - DEBUG : ->>> b'12/43\nclickElementcom.tencent.mm[1]/com.tencent.mm:id=kbq[20]'
2024-01-16 22:02:30.880545 - DEBUG : <-<- b'5/false'
2024-01-16 22:02:31.383383 - DEBUG : ->>> b'12/43\nclickElementcom.tencent.mm[1]/com.tencent.mm:id=kbq[20]'
2024-01-16 22:02:31.438365 - DEBUG : <-<- b'5/false'
2024-01-16 22:02:31.941203 - DEBUG : ->>> b'12/43\nclickElementcom.tencent.mm[1]/com.tencent.mm:id=kbq[20]'
2024-01-16 22:02:32.004185 - DEBUG : <-<- b'5/false'
2024-01-16 22:02:32.507022 - DEBUG : ->>> b'5/3/4/3/3/5\nswipe5001300500300500.0'
2024-01-16 22:02:32.515021 - DEBUG : <-<- b'4/true'
2024-01-16 22:02:33.038853 - DEBUG : ->>> b'12/43\nclickElementcom.tencent.mm[1]/com.tencent.mm:id=kbq[20]'
2024-01-16 22:02:33.108830 - DEBUG : <-<- b'5/false'
2024-01-16 22:02:33.610671 - DEBUG : ->>> b'12/43\nclickElementcom.tencent.mm[1]/com.tencent.mm:id=kbq[20]'
2024-01-16 22:02:33.676648 - DEBUG : <-<- b'5/false'
2024-01-16 22:02:34.179489 - DEBUG : ->>> b'12/43\nclickElementcom.tencent.mm[1]/com.tencent.mm:id=kbq[20]'
2024-01-16 22:02:34.245469 - DEBUG : <-<- b'5/false'
2024-01-16 22:02:34.747309 - DEBUG : ->>> b'12/43\nclickElementcom.tencent.mm[1]/com.tencent.mm:id=kbq[20]'
2024-01-16 22:02:34.811287 - DEBUG : <-<- b'5/false'
2024-01-16 22:02:35.314126 - DEBUG : ->>> b'12/43\nclickElementcom.tencent.mm[1]/com.tencent.mm:id=kbq[20]'
2024-01-16 22:02:35.384103 - DEBUG : <-<- b'5/false'
2024-01-16 22:02:35.885943 - DEBUG : ->>> b'12/43\nclickElementcom.tencent.mm[1]/com.tencent.mm:id=kbq[20]'
2024-01-16 22:02:35.969918 - DEBUG : <-<- b'5/false'
2024-01-16 22:02:36.471754 - DEBUG : ->>> b'12/43\nclickElementcom.tencent.mm[1]/com.tencent.mm:id=kbq[20]'
2024-01-16 22:02:36.525739 - DEBUG : <-<- b'5/false'
2024-01-16 22:02:37.028578 - DEBUG : ->>> b'12/43\nclickElementcom.tencent.mm[1]/com.tencent.mm:id=kbq[20]'
2024-01-16 22:02:37.095555 - DEBUG : <-<- b'5/false'
2024-01-16 22:02:37.598395 - DEBUG : ->>> b'12/43\nclickElementcom.tencent.mm[1]/com.tencent.mm:id=kbq[20]'
2024-01-16 22:02:37.668373 - DEBUG : <-<- b'5/false'
2024-01-16 22:02:38.170213 - DEBUG : ->>> b'5/3/4/3/3/5\nswipe5001300500300500.0'
2024-01-16 22:02:38.177210 - DEBUG : <-<- b'4/true'
2024-01-16 22:02:38.679049 - DEBUG : ->>> b'12/43\nclickElementcom.tencent.mm[1]/com.tencent.mm:id=kbq[20]'
2024-01-16 22:02:38.753026 - DEBUG : <-<- b'5/false'
2024-01-16 22:02:39.254867 - DEBUG : ->>> b'12/43\nclickElementcom.tencent.mm[1]/com.tencent.mm:id=kbq[20]'
2024-01-16 22:02:39.345837 - DEBUG : <-<- b'5/false'
2024-01-16 22:02:39.847675 - DEBUG : ->>> b'12/43\nclickElementcom.tencent.mm[1]/com.tencent.mm:id=kbq[20]'
2024-01-16 22:02:39.965638 - DEBUG : <-<- b'5/false'
2024-01-16 22:02:40.467479 - DEBUG : ->>> b'12/43\nclickElementcom.tencent.mm[1]/com.tencent.mm:id=kbq[20]'
2024-01-16 22:02:40.529458 - DEBUG : <-<- b'5/false'
2024-01-16 22:02:41.032298 - DEBUG : ->>> b'12/43\nclickElementcom.tencent.mm[1]/com.tencent.mm:id=kbq[20]'
2024-01-16 22:02:41.106276 - DEBUG : <-<- b'5/false'
2024-01-16 22:02:41.609112 - DEBUG : ->>> b'12/43\nclickElementcom.tencent.mm[1]/com.tencent.mm:id=kbq[20]'
2024-01-16 22:02:41.675091 - DEBUG : <-<- b'5/false'
2024-01-16 22:02:42.177932 - DEBUG : ->>> b'12/43\nclickElementcom.tencent.mm[1]/com.tencent.mm:id=kbq[20]'
2024-01-16 22:02:42.246909 - DEBUG : <-<- b'5/false'
2024-01-16 22:02:42.749748 - DEBUG : ->>> b'12/43\nclickElementcom.tencent.mm[1]/com.tencent.mm:id=kbq[20]'
2024-01-16 22:02:42.806732 - DEBUG : <-<- b'5/false'
2024-01-16 22:02:43.309568 - DEBUG : ->>> b'12/43\nclickElementcom.tencent.mm[1]/com.tencent.mm:id=kbq[20]'
2024-01-16 22:02:43.376551 - DEBUG : <-<- b'5/false'
2024-01-16 22:02:43.878387 - DEBUG : ->>> b'5/3/4/3/3/5\nswipe5001300500300500.0'
2024-01-16 22:02:43.885385 - DEBUG : <-<- b'4/true'
2024-01-16 22:02:44.410219 - DEBUG : ->>> b'12/43\nclickElementcom.tencent.mm[1]/com.tencent.mm:id=kbq[20]'
2024-01-16 22:02:44.464202 - DEBUG : <-<- b'5/false'
2024-01-16 22:02:44.967038 - DEBUG : ->>> b'12/43\nclickElementcom.tencent.mm[1]/com.tencent.mm:id=kbq[20]'
2024-01-16 22:02:45.055012 - DEBUG : <-<- b'5/false'
2024-01-16 22:02:45.556849 - DEBUG : ->>> b'12/43\nclickElementcom.tencent.mm[1]/com.tencent.mm:id=kbq[20]'
2024-01-16 22:02:45.630826 - DEBUG : <-<- b'5/false'
2024-01-16 22:02:46.132666 - DEBUG : ->>> b'12/43\nclickElementcom.tencent.mm[1]/com.tencent.mm:id=kbq[20]'
2024-01-16 22:02:46.189653 - DEBUG : <-<- b'5/false'
2024-01-16 22:02:46.692487 - DEBUG : ->>> b'12/43\nclickElementcom.tencent.mm[1]/com.tencent.mm:id=kbq[20]'
2024-01-16 22:02:46.763466 - DEBUG : <-<- b'5/false'
2024-01-16 22:02:47.265303 - DEBUG : ->>> b'12/43\nclickElementcom.tencent.mm[1]/com.tencent.mm:id=kbq[20]'
2024-01-16 22:02:47.330282 - DEBUG : <-<- b'5/false'
2024-01-16 22:02:47.832122 - DEBUG : ->>> b'12/43\nclickElementcom.tencent.mm[1]/com.tencent.mm:id=kbq[20]'
2024-01-16 22:02:47.910101 - DEBUG : <-<- b'5/false'
2024-01-16 22:02:48.411938 - DEBUG : ->>> b'12/43\nclickElementcom.tencent.mm[1]/com.tencent.mm:id=kbq[20]'
2024-01-16 22:02:48.466921 - DEBUG : <-<- b'5/false'
2024-01-16 22:02:48.969759 - DEBUG : ->>> b'12/43\nclickElementcom.tencent.mm[1]/com.tencent.mm:id=kbq[20]'
2024-01-16 22:02:49.050733 - DEBUG : <-<- b'5/false'
2024-01-16 22:02:49.552573 - DEBUG : ->>> b'5/3/4/3/3/5\nswipe5001300500300500.0'
2024-01-16 22:02:49.561569 - DEBUG : <-<- b'4/true'
2024-01-16 22:02:50.085402 - DEBUG : ->>> b'12/43\nclickElementcom.tencent.mm[1]/com.tencent.mm:id=kbq[20]'
2024-01-16 22:02:50.168376 - DEBUG : <-<- b'5/false'
2024-01-16 22:02:50.670217 - DEBUG : ->>> b'12/43\nclickElementcom.tencent.mm[1]/com.tencent.mm:id=kbq[20]'
2024-01-16 22:02:50.752192 - DEBUG : <-<- b'5/false'
2024-01-16 22:02:51.255027 - DEBUG : ->>> b'12/43\nclickElementcom.tencent.mm[1]/com.tencent.mm:id=kbq[20]'
2024-01-16 22:02:51.340000 - DEBUG : <-<- b'5/false'
2024-01-16 22:02:51.841843 - DEBUG : ->>> b'12/43\nclickElementcom.tencent.mm[1]/com.tencent.mm:id=kbq[20]'
2024-01-16 22:02:51.910819 - DEBUG : <-<- b'5/false'
2024-01-16 22:02:52.412658 - DEBUG : ->>> b'12/43\nclickElementcom.tencent.mm[1]/com.tencent.mm:id=kbq[20]'
2024-01-16 22:02:52.471638 - DEBUG : <-<- b'5/false'
2024-01-16 22:02:52.974479 - DEBUG : ->>> b'12/43\nclickElementcom.tencent.mm[1]/com.tencent.mm:id=kbq[20]'
2024-01-16 22:02:53.048455 - DEBUG : <-<- b'5/false'
2024-01-16 22:02:53.551293 - DEBUG : ->>> b'12/43\nclickElementcom.tencent.mm[1]/com.tencent.mm:id=kbq[20]'
2024-01-16 22:02:53.612273 - DEBUG : <-<- b'5/false'
2024-01-16 22:02:54.115116 - DEBUG : ->>> b'12/43\nclickElementcom.tencent.mm[1]/com.tencent.mm:id=kbq[20]'
2024-01-16 22:02:54.192088 - DEBUG : <-<- b'5/false'
2024-01-16 22:02:54.693931 - DEBUG : ->>> b'12/43\nclickElementcom.tencent.mm[1]/com.tencent.mm:id=kbq[20]'
2024-01-16 22:02:54.767904 - DEBUG : <-<- b'5/false'
2024-01-16 22:02:55.270743 - DEBUG : ->>> b'5/3/4/3/3/5\nswipe5001300500300500.0'
2024-01-16 22:02:55.281741 - DEBUG : <-<- b'4/true'
2024-01-16 22:02:55.803575 - DEBUG : ->>> b'12/43\nclickElementcom.tencent.mm[1]/com.tencent.mm:id=kbq[20]'
2024-01-16 22:02:55.866556 - DEBUG : <-<- b'5/false'
2024-01-16 22:02:56.369392 - DEBUG : ->>> b'12/43\nclickElementcom.tencent.mm[1]/com.tencent.mm:id=kbq[20]'
2024-01-16 22:02:56.423376 - DEBUG : <-<- b'5/false'
2024-01-16 22:02:56.926217 - DEBUG : ->>> b'12/43\nclickElementcom.tencent.mm[1]/com.tencent.mm:id=kbq[20]'
2024-01-16 22:02:57.009188 - DEBUG : <-<- b'5/false'
2024-01-16 22:02:57.511029 - DEBUG : ->>> b'12/43\nclickElementcom.tencent.mm[1]/com.tencent.mm:id=kbq[20]'
2024-01-16 22:02:57.577006 - DEBUG : <-<- b'5/false'
2024-01-16 22:02:58.078846 - DEBUG : ->>> b'12/43\nclickElementcom.tencent.mm[1]/com.tencent.mm:id=kbq[20]'
2024-01-16 22:02:58.143827 - DEBUG : <-<- b'5/false'
2024-01-16 22:02:58.646665 - DEBUG : ->>> b'12/43\nclickElementcom.tencent.mm[1]/com.tencent.mm:id=kbq[20]'
2024-01-16 22:02:58.725638 - DEBUG : <-<- b'5/false'
2024-01-16 22:02:59.227479 - DEBUG : ->>> b'12/43\nclickElementcom.tencent.mm[1]/com.tencent.mm:id=kbq[20]'
2024-01-16 22:02:59.292458 - DEBUG : <-<- b'5/false'
2024-01-16 22:02:59.795298 - DEBUG : ->>> b'12/43\nclickElementcom.tencent.mm[1]/com.tencent.mm:id=kbq[20]'
2024-01-16 22:02:59.869275 - DEBUG : <-<- b'5/false'
2024-01-16 22:03:00.371113 - DEBUG : ->>> b'12/43\nclickElementcom.tencent.mm[1]/com.tencent.mm:id=kbq[20]'
2024-01-16 22:03:00.426095 - DEBUG : <-<- b'5/false'
2024-01-16 22:03:00.927934 - DEBUG : ->>> b'5/3/4/3/3/5\nswipe5001300500300500.0'
2024-01-16 22:03:00.937934 - DEBUG : <-<- b'4/true'
2024-01-16 22:03:01.459765 - DEBUG : ->>> b'12/43\nclickElementcom.tencent.mm[1]/com.tencent.mm:id=kbq[20]'
2024-01-16 22:03:01.510749 - DEBUG : <-<- b'5/false'
2024-01-16 22:03:02.012588 - DEBUG : ->>> b'12/43\nclickElementcom.tencent.mm[1]/com.tencent.mm:id=kbq[20]'
2024-01-16 22:03:02.074569 - DEBUG : <-<- b'5/false'
2024-01-16 22:03:02.577407 - DEBUG : ->>> b'12/43\nclickElementcom.tencent.mm[1]/com.tencent.mm:id=kbq[20]'
2024-01-16 22:03:02.652384 - DEBUG : <-<- b'5/false'
2024-01-16 22:03:03.154225 - DEBUG : ->>> b'12/43\nclickElementcom.tencent.mm[1]/com.tencent.mm:id=kbq[20]'
2024-01-16 22:03:03.212204 - DEBUG : <-<- b'5/false'
2024-01-16 22:03:03.715044 - DEBUG : ->>> b'12/43\nclickElementcom.tencent.mm[1]/com.tencent.mm:id=kbq[20]'
2024-01-16 22:03:03.788020 - DEBUG : <-<- b'5/false'
2024-01-16 22:03:04.290860 - DEBUG : ->>> b'12/43\nclickElementcom.tencent.mm[1]/com.tencent.mm:id=kbq[20]'
2024-01-16 22:03:04.352841 - DEBUG : <-<- b'5/false'
2024-01-16 22:03:04.855679 - DEBUG : ->>> b'12/43\nclickElementcom.tencent.mm[1]/com.tencent.mm:id=kbq[20]'
2024-01-16 22:03:04.930656 - DEBUG : <-<- b'5/false'
2024-01-16 22:03:05.432495 - DEBUG : ->>> b'12/43\nclickElementcom.tencent.mm[1]/com.tencent.mm:id=kbq[20]'
2024-01-16 22:03:05.493477 - DEBUG : <-<- b'5/false'
2024-01-16 22:03:05.996314 - DEBUG : ->>> b'12/43\nclickElementcom.tencent.mm[1]/com.tencent.mm:id=kbq[20]'
2024-01-16 22:03:06.075288 - DEBUG : <-<- b'5/false'
2024-01-16 22:03:06.577128 - DEBUG : ->>> b'5/3/4/3/3/5\nswipe5001300500300500.0'
2024-01-16 22:03:06.589125 - DEBUG : <-<- b'4/true'
2024-01-16 22:03:07.108960 - DEBUG : ->>> b'12/43\nclickElementcom.tencent.mm[1]/com.tencent.mm:id=kbq[20]'
2024-01-16 22:03:07.170940 - DEBUG : <-<- b'5/false'
2024-01-16 22:03:07.672779 - DEBUG : ->>> b'12/43\nclickElementcom.tencent.mm[1]/com.tencent.mm:id=kbq[20]'
2024-01-16 22:03:07.731761 - DEBUG : <-<- b'5/false'
2024-01-16 22:03:08.234599 - DEBUG : ->>> b'12/43\nclickElementcom.tencent.mm[1]/com.tencent.mm:id=kbq[20]'
2024-01-16 22:03:08.302591 - DEBUG : <-<- b'5/false'
2024-01-16 22:03:08.804416 - DEBUG : ->>> b'12/43\nclickElementcom.tencent.mm[1]/com.tencent.mm:id=kbq[20]'
2024-01-16 22:03:08.876394 - DEBUG : <-<- b'5/false'
2024-01-16 22:03:09.378233 - DEBUG : ->>> b'12/43\nclickElementcom.tencent.mm[1]/com.tencent.mm:id=kbq[20]'
2024-01-16 22:03:09.445213 - DEBUG : <-<- b'5/false'
2024-01-16 22:03:09.947051 - DEBUG : ->>> b'12/43\nclickElementcom.tencent.mm[1]/com.tencent.mm:id=kbq[20]'
2024-01-16 22:03:10.017030 - DEBUG : <-<- b'5/false'
2024-01-16 22:03:10.519867 - DEBUG : ->>> b'12/43\nclickElementcom.tencent.mm[1]/com.tencent.mm:id=kbq[20]'
2024-01-16 22:03:10.582848 - DEBUG : <-<- b'5/false'
2024-01-16 22:03:11.085687 - DEBUG : ->>> b'12/43\nclickElementcom.tencent.mm[1]/com.tencent.mm:id=kbq[20]'
2024-01-16 22:03:11.163661 - DEBUG : <-<- b'5/false'
2024-01-16 22:03:11.665505 - DEBUG : ->>> b'12/43\nclickElementcom.tencent.mm[1]/com.tencent.mm:id=kbq[20]'
2024-01-16 22:03:11.727482 - DEBUG : <-<- b'5/false'
2024-01-16 22:03:12.230322 - DEBUG : ->>> b'5/3/4/3/3/5\nswipe5001300500300500.0'
2024-01-16 22:03:12.263312 - DEBUG : <-<- b'4/true'
2024-01-16 22:03:12.771148 - DEBUG : ->>> b'12/43\nclickElementcom.tencent.mm[1]/com.tencent.mm:id=kbq[20]'
2024-01-16 22:03:12.836130 - DEBUG : <-<- b'5/false'
2024-01-16 22:03:13.338966 - DEBUG : ->>> b'12/43\nclickElementcom.tencent.mm[1]/com.tencent.mm:id=kbq[20]'
2024-01-16 22:03:13.407944 - DEBUG : <-<- b'5/false'
2024-01-16 22:03:13.909783 - DEBUG : ->>> b'12/43\nclickElementcom.tencent.mm[1]/com.tencent.mm:id=kbq[20]'
2024-01-16 22:03:14.003754 - DEBUG : <-<- b'5/false'
2024-01-16 22:03:14.506593 - DEBUG : ->>> b'12/43\nclickElementcom.tencent.mm[1]/com.tencent.mm:id=kbq[20]'
2024-01-16 22:03:14.563574 - DEBUG : <-<- b'5/false'
2024-01-16 22:03:15.066414 - DEBUG : ->>> b'12/43\nclickElementcom.tencent.mm[1]/com.tencent.mm:id=kbq[20]'
2024-01-16 22:03:15.134394 - DEBUG : <-<- b'5/false'
2024-01-16 22:03:15.637231 - DEBUG : ->>> b'12/43\nclickElementcom.tencent.mm[1]/com.tencent.mm:id=kbq[20]'
2024-01-16 22:03:15.709209 - DEBUG : <-<- b'5/false'
2024-01-16 22:03:16.211048 - DEBUG : ->>> b'12/43\nclickElementcom.tencent.mm[1]/com.tencent.mm:id=kbq[20]'
2024-01-16 22:03:16.271028 - DEBUG : <-<- b'5/false'
2024-01-16 22:03:16.773870 - DEBUG : ->>> b'12/43\nclickElementcom.tencent.mm[1]/com.tencent.mm:id=kbq[20]'
2024-01-16 22:03:16.830849 - DEBUG : <-<- b'5/false'
2024-01-16 22:03:17.332689 - DEBUG : ->>> b'12/43\nclickElementcom.tencent.mm[1]/com.tencent.mm:id=kbq[20]'
2024-01-16 22:03:17.425660 - DEBUG : <-<- b'5/false'
2024-01-16 22:03:17.927499 - DEBUG : ->>> b'5/3/4/3/3/5\nswipe5001300500300500.0'
2024-01-16 22:03:17.934499 - DEBUG : <-<- b'4/true'
2024-01-16 22:03:18.461330 - DEBUG : ->>> b'12/43\nclickElementcom.tencent.mm[1]/com.tencent.mm:id=kbq[20]'
2024-01-16 22:03:18.554299 - DEBUG : <-<- b'5/false'
2024-01-16 22:03:19.057138 - DEBUG : ->>> b'12/43\nclickElementcom.tencent.mm[1]/com.tencent.mm:id=kbq[20]'
2024-01-16 22:03:19.141112 - DEBUG : <-<- b'5/false'
2024-01-16 22:03:19.643950 - DEBUG : ->>> b'12/43\nclickElementcom.tencent.mm[1]/com.tencent.mm:id=kbq[20]'
2024-01-16 22:03:19.716928 - DEBUG : <-<- b'5/false'
2024-01-16 22:03:20.218768 - DEBUG : ->>> b'12/43\nclickElementcom.tencent.mm[1]/com.tencent.mm:id=kbq[20]'
2024-01-16 22:03:20.282748 - DEBUG : <-<- b'5/false'
2024-01-16 22:03:20.785586 - DEBUG : ->>> b'12/43\nclickElementcom.tencent.mm[1]/com.tencent.mm:id=kbq[20]'
2024-01-16 22:03:20.852565 - DEBUG : <-<- b'5/false'
2024-01-16 22:03:21.355403 - DEBUG : ->>> b'12/43\nclickElementcom.tencent.mm[1]/com.tencent.mm:id=kbq[20]'
2024-01-16 22:03:21.430381 - DEBUG : <-<- b'5/false'
2024-01-16 22:03:21.933220 - DEBUG : ->>> b'12/43\nclickElementcom.tencent.mm[1]/com.tencent.mm:id=kbq[20]'
2024-01-16 22:03:22.017193 - DEBUG : <-<- b'5/false'
2024-01-16 22:03:22.519032 - DEBUG : ->>> b'12/43\nclickElementcom.tencent.mm[1]/com.tencent.mm:id=kbq[20]'
2024-01-16 22:03:22.589008 - DEBUG : <-<- b'5/false'
2024-01-16 22:03:23.090848 - DEBUG : ->>> b'12/43\nclickElementcom.tencent.mm[1]/com.tencent.mm:id=kbq[20]'
2024-01-16 22:03:23.163825 - DEBUG : <-<- b'5/false'
2024-01-16 22:03:49.222491 - DEBUG : <-<- Client connection at 192.168.31.20: 45164
2024-01-16 22:03:54.224894 - DEBUG : ->>> b'12/43\nclickElementcom.tencent.mm[1]/com.tencent.mm:id=kbq[10]'
2024-01-16 22:03:54.335857 - DEBUG : <-<- b'4/true'
